==============================================================
File generated on Wed Jun 05 11:53:53 CEST 2019
Vivado(TM) HLS - High-Level Synthesis from C, C++ and SystemC v2018.3.1 (64-bit)
SW Build 2489853 on Tue Mar 26 04:18:30 MDT 2019
IP Build 2486929 on Tue Mar 26 06:44:21 MDT 2019
Copyright 1986-2019 Xilinx, Inc. All Rights Reserved.
==============================================================
==============================================================
File generated on Wed Jun 05 11:55:33 CEST 2019
Vivado(TM) HLS - High-Level Synthesis from C, C++ and SystemC v2018.3.1 (64-bit)
SW Build 2489853 on Tue Mar 26 04:18:30 MDT 2019
IP Build 2486929 on Tue Mar 26 06:44:21 MDT 2019
Copyright 1986-2019 Xilinx, Inc. All Rights Reserved.
==============================================================
==============================================================
File generated on Wed Jun 05 11:58:23 CEST 2019
Vivado(TM) HLS - High-Level Synthesis from C, C++ and SystemC v2018.3.1 (64-bit)
SW Build 2489853 on Tue Mar 26 04:18:30 MDT 2019
IP Build 2486929 on Tue Mar 26 06:44:21 MDT 2019
Copyright 1986-2019 Xilinx, Inc. All Rights Reserved.
==============================================================
==============================================================
File generated on Wed Jun 05 12:00:41 CEST 2019
Vivado(TM) HLS - High-Level Synthesis from C, C++ and SystemC v2018.3.1 (64-bit)
SW Build 2489853 on Tue Mar 26 04:18:30 MDT 2019
IP Build 2486929 on Tue Mar 26 06:44:21 MDT 2019
Copyright 1986-2019 Xilinx, Inc. All Rights Reserved.
==============================================================
