INFO: [XSIM 43-3496] Using init file passed via -initfile option "/opt/Xilinx/Vivado/2018.3/data/xsim/ip/xsim_ip.ini".
Vivado Simulator 2018.3
Copyright 1986-1999, 2001-2018 Xilinx, Inc. All Rights Reserved.
Running: /opt/Xilinx/Vivado/2018.3/bin/unwrapped/lnx64.o/xelab xil_defaultlib.apatb_sum_io_top_top glbl -prj sum_io_top.prj -L smartconnect_v1_0 -L axi_protocol_checker_v1_1_12 -L axi_protocol_checker_v1_1_13 -L axis_protocol_checker_v1_1_11 -L axis_protocol_checker_v1_1_12 -L xil_defaultlib -L unisims_ver -L xpm --initfile /opt/Xilinx/Vivado/2018.3/data/xsim/ip/xsim_ip.ini --lib ieee_proposed=./ieee_proposed -s sum_io_top -debug wave 
Multi-threading is on. Using 30 slave threads.
WARNING: [XSIM 43-3431] One or more environment variables have been detected which affect the operation of the C compiler. These are typically not set in standard installations and are not tested by Xilinx, however they may be appropriate for your system, so the flow will attempt to continue.  If errors occur, try running xelab with the "-mt off -v 1" switches to see more information from the C compiler. The following environment variables have been detected:
INFO: [VRFC 10-2263] Analyzing SystemVerilog file "/home/amiri/Documents/Snippets/HLS/sum_io_m/proj_sum_io/solution1/sim/verilog/glbl.v" into library work
INFO: [VRFC 10-311] analyzing module glbl
INFO: [VRFC 10-2263] Analyzing SystemVerilog file "/home/amiri/Documents/Snippets/HLS/sum_io_m/proj_sum_io/solution1/sim/verilog/sum_io_top.v" into library xil_defaultlib
INFO: [VRFC 10-311] analyzing module sum_io_top
INFO: [VRFC 10-2263] Analyzing SystemVerilog file "/home/amiri/Documents/Snippets/HLS/sum_io_m/proj_sum_io/solution1/sim/verilog/sum_io_top.autotb.v" into library xil_defaultlib
INFO: [VRFC 10-311] analyzing module apatb_sum_io_top_top
Starting static elaboration
Completed static elaboration
Starting simulation data flow analysis
Completed simulation data flow analysis
Time Resolution for simulation is 1ps
Compiling module xil_defaultlib.sum_io_top
Compiling module xil_defaultlib.apatb_sum_io_top_top
Compiling module work.glbl
Built simulation snapshot sum_io_top
