INFO: [SIM 2] *************** CSIM start ***************
INFO: [SIM 4] CSIM will launch CLANG as the compiler.
   Compiling(apcc) ../../../../dummy_tb.c in debug mode
INFO: [HLS 200-10] Running '/opt/Xilinx/Vivado/2018.3/bin/unwrapped/lnx64.o/apcc'
INFO: [HLS 200-10] For user 'amiri' on host 'rocky.samba.cg.uni-saarland.de' (Linux_x86_64 version 4.18.0-21-generic) on Wed Jun 05 14:23:15 CEST 2019
INFO: [HLS 200-10] On os Ubuntu 18.04.2 LTS
INFO: [HLS 200-10] In directory '/home/amiri/Documents/Snippets/HLS/sum_io_m/proj_sum_io/solution1/csim/build'
INFO: [APCC 202-3] Tmp directory is /tmp/apcc_db_amiri/451891559737395622287
INFO: [APCC 202-1] APCC is done.
   Compiling(apcc) ../../../../sum_io.c in debug mode
INFO: [HLS 200-10] Running '/opt/Xilinx/Vivado/2018.3/bin/unwrapped/lnx64.o/apcc'
INFO: [HLS 200-10] For user 'amiri' on host 'rocky.samba.cg.uni-saarland.de' (Linux_x86_64 version 4.18.0-21-generic) on Wed Jun 05 14:23:20 CEST 2019
INFO: [HLS 200-10] On os Ubuntu 18.04.2 LTS
INFO: [HLS 200-10] In directory '/home/amiri/Documents/Snippets/HLS/sum_io_m/proj_sum_io/solution1/csim/build'
INFO: [APCC 202-3] Tmp directory is /tmp/apcc_db_amiri/452531559737400577820
INFO: [APCC 202-1] APCC is done.
   Compiling(apcc) ../../../../sum_io_top.c in debug mode
INFO: [HLS 200-10] Running '/opt/Xilinx/Vivado/2018.3/bin/unwrapped/lnx64.o/apcc'
INFO: [HLS 200-10] For user 'amiri' on host 'rocky.samba.cg.uni-saarland.de' (Linux_x86_64 version 4.18.0-21-generic) on Wed Jun 05 14:23:25 CEST 2019
INFO: [HLS 200-10] On os Ubuntu 18.04.2 LTS
INFO: [HLS 200-10] In directory '/home/amiri/Documents/Snippets/HLS/sum_io_m/proj_sum_io/solution1/csim/build'
INFO: [APCC 202-3] Tmp directory is /tmp/apcc_db_amiri/453171559737405563470
INFO: [APCC 202-1] APCC is done.
   Generating csim.exe
INFO: [SIM 1] CSim done with 0 errors.
INFO: [SIM 3] *************** CSIM finish ***************
