#-----------------------------------------------------------
# Vivado v2018.3.1 (64-bit)
# SW Build 2489853 on Tue Mar 26 04:18:30 MDT 2019
# IP Build 2486929 on Tue Mar 26 06:44:21 MDT 2019
# Start of session at: Wed Jun  5 14:30:12 2019
# Process ID: 47034
# Current directory: /home/amiri/Documents/Snippets/HLS/sum_io_m/proj_sum_io/solution1/impl/ip/example
# Command line: vivado -notrace -mode batch -source ipi_example.tcl -tclargs xc7z020clg484-1 ../xilinx_com_hls_sum_io_top_1_0.zip
# Log file: /home/amiri/Documents/Snippets/HLS/sum_io_m/proj_sum_io/solution1/impl/ip/example/vivado.log
# Journal file: /home/amiri/Documents/Snippets/HLS/sum_io_m/proj_sum_io/solution1/impl/ip/example/vivado.jou
#-----------------------------------------------------------
source ipi_example.tcl -notrace
WARNING: [Common 17-1496] Vivado tclapp support version doesn't have install/uninstall hooks. Please update support using ::tclapp::update_support command.
WARNING: [Common 17-1496] Vivado tclapp support version doesn't have install/uninstall hooks. Please update support using ::tclapp::update_support command.
WARNING: [Common 17-1496] Vivado tclapp support version doesn't have install/uninstall hooks. Please update support using ::tclapp::update_support command.
WARNING: [Common 17-1496] Vivado tclapp support version doesn't have install/uninstall hooks. Please update support using ::tclapp::update_support command.
WARNING: [Common 17-1496] Vivado tclapp support version doesn't have install/uninstall hooks. Please update support using ::tclapp::update_support command.
WARNING: [Common 17-1496] Vivado tclapp support version doesn't have install/uninstall hooks. Please update support using ::tclapp::update_support command.
WARNING: [Common 17-1496] Vivado tclapp support version doesn't have install/uninstall hooks. Please update support using ::tclapp::update_support command.
INFO: [IP_Flow 19-234] Refreshing IP repositories
INFO: [IP_Flow 19-1700] Loaded user IP repository '/home/amiri/Documents/Snippets/HLS/sum_io_m/proj_sum_io/solution1/impl/ip/example/repo'.
INFO: [IP_Flow 19-2313] Loaded Vivado IP repository '/opt/Xilinx/Vivado/2018.3/data/ip'.
INFO: [IP_Flow 19-949] Unzipped '../xilinx_com_hls_sum_io_top_1_0.zip' into repository '/home/amiri/Documents/Snippets/HLS/sum_io_m/proj_sum_io/solution1/impl/ip/example/repo'.
INFO: [IP_Flow 19-725] Reloaded user IP repository '/home/amiri/Documents/Snippets/HLS/sum_io_m/proj_sum_io/solution1/impl/ip/example/repo'
Wrote  : </home/amiri/Documents/Snippets/HLS/sum_io_m/proj_sum_io/solution1/impl/ip/example/project/project.srcs/sources_1/bd/hls_bd_0/hls_bd_0.bd> 
WARNING: [BD 5-235] No pins matched 'get_bd_pins /processing_system7_0/FCLK_CLK0'
Wrote  : </home/amiri/Documents/Snippets/HLS/sum_io_m/proj_sum_io/solution1/impl/ip/example/project/project.srcs/sources_1/bd/hls_bd_0/hls_bd_0.bd> 
INFO: [Common 17-206] Exiting Vivado at Wed Jun  5 14:30:18 2019...
