Copyright 1986-2019 Xilinx, Inc. All Rights Reserved.
-----------------------------------------------------------------------------------------------------------------------------------------------------------------------------------------------------------
| Tool Version : Vivado v.2018.3.1 (lin64) Build 2489853 Tue Mar 26 04:18:30 MDT 2019
| Date         : Wed Jun  5 12:07:29 2019
| Host         : rocky.samba.cg.uni-saarland.de running 64-bit Ubuntu 18.04.2 LTS
| Command      : report_timing_summary -max_paths 10 -file bd_0_wrapper_timing_summary_routed.rpt -pb bd_0_wrapper_timing_summary_routed.pb -rpx bd_0_wrapper_timing_summary_routed.rpx -warn_on_violation
| Design       : bd_0_wrapper
| Device       : 7z020-clg484
| Speed File   : -1  PRODUCTION 1.11 2014-09-11
-----------------------------------------------------------------------------------------------------------------------------------------------------------------------------------------------------------

Timing Summary Report

------------------------------------------------------------------------------------------------
| Timer Settings
| --------------
------------------------------------------------------------------------------------------------

  Enable Multi Corner Analysis               :  Yes
  Enable Pessimism Removal                   :  Yes
  Pessimism Removal Resolution               :  Nearest Common Node
  Enable Input Delay Default Clock           :  No
  Enable Preset / Clear Arcs                 :  No
  Disable Flight Delays                      :  No
  Ignore I/O Paths                           :  No
  Timing Early Launch at Borrowing Latches   :  false

  Corner  Analyze    Analyze    
  Name    Max Paths  Min Paths  
  ------  ---------  ---------  
  Slow    Yes        Yes        
  Fast    Yes        Yes        



check_timing report

Table of Contents
-----------------
1. checking no_clock
2. checking constant_clock
3. checking pulse_width_clock
4. checking unconstrained_internal_endpoints
5. checking no_input_delay
6. checking no_output_delay
7. checking multiple_clock
8. checking generated_clocks
9. checking loops
10. checking partial_input_delay
11. checking partial_output_delay
12. checking latch_loops

1. checking no_clock
--------------------
 There are 0 register/latch pins with no clock.


2. checking constant_clock
--------------------------
 There are 0 register/latch pins with constant_clock.


3. checking pulse_width_clock
-----------------------------
 There are 0 register/latch pins which need pulse_width check


4. checking unconstrained_internal_endpoints
--------------------------------------------
 There are 0 pins that are not constrained for maximum delay.

 There are 0 pins that are not constrained for maximum delay due to constant clock.


5. checking no_input_delay
--------------------------
 There are 28 input ports with no input delay specified. (HIGH)

 There are 0 input ports with no input delay but user has a false path constraint.


6. checking no_output_delay
---------------------------
 There are 13 ports with no output delay specified. (HIGH)

 There are 0 ports with no output delay but user has a false path constraint

 There are 0 ports with no output delay but with a timing clock defined on it or propagating through it


7. checking multiple_clock
--------------------------
 There are 0 register/latch pins with multiple clocks.


8. checking generated_clocks
----------------------------
 There are 0 generated clocks that are not connected to a clock source.


9. checking loops
-----------------
 There are 0 combinational loops in the design.


10. checking partial_input_delay
--------------------------------
 There are 0 input ports with partial input delay specified.


11. checking partial_output_delay
---------------------------------
 There are 0 ports with partial output delay specified.


12. checking latch_loops
------------------------
 There are 0 combinational latch loops in the design through latch input



------------------------------------------------------------------------------------------------
| Design Timing Summary
| ---------------------
------------------------------------------------------------------------------------------------

    WNS(ns)      TNS(ns)  TNS Failing Endpoints  TNS Total Endpoints      WHS(ns)      THS(ns)  THS Failing Endpoints  THS Total Endpoints     WPWS(ns)     TPWS(ns)  TPWS Failing Endpoints  TPWS Total Endpoints  
    -------      -------  ---------------------  -------------------      -------      -------  ---------------------  -------------------     --------     --------  ----------------------  --------------------  
      0.244        0.000                      0                 1067        0.100        0.000                      0                 1067        1.520        0.000                       0                   528  


All user specified timing constraints are met.


------------------------------------------------------------------------------------------------
| Clock Summary
| -------------
------------------------------------------------------------------------------------------------

Clock   Waveform(ns)         Period(ns)      Frequency(MHz)
-----   ------------         ----------      --------------
ap_clk  {0.000 2.500}        5.000           200.000         


------------------------------------------------------------------------------------------------
| Intra Clock Table
| -----------------
------------------------------------------------------------------------------------------------

Clock             WNS(ns)      TNS(ns)  TNS Failing Endpoints  TNS Total Endpoints      WHS(ns)      THS(ns)  THS Failing Endpoints  THS Total Endpoints     WPWS(ns)     TPWS(ns)  TPWS Failing Endpoints  TPWS Total Endpoints  
-----             -------      -------  ---------------------  -------------------      -------      -------  ---------------------  -------------------     --------     --------  ----------------------  --------------------  
ap_clk              0.244        0.000                      0                 1067        0.100        0.000                      0                 1067        1.520        0.000                       0                   528  


------------------------------------------------------------------------------------------------
| Inter Clock Table
| -----------------
------------------------------------------------------------------------------------------------

From Clock    To Clock          WNS(ns)      TNS(ns)  TNS Failing Endpoints  TNS Total Endpoints      WHS(ns)      THS(ns)  THS Failing Endpoints  THS Total Endpoints  
----------    --------          -------      -------  ---------------------  -------------------      -------      -------  ---------------------  -------------------  


------------------------------------------------------------------------------------------------
| Other Path Groups Table
| -----------------------
------------------------------------------------------------------------------------------------

Path Group    From Clock    To Clock          WNS(ns)      TNS(ns)  TNS Failing Endpoints  TNS Total Endpoints      WHS(ns)      THS(ns)  THS Failing Endpoints  THS Total Endpoints  
----------    ----------    --------          -------      -------  ---------------------  -------------------      -------      -------  ---------------------  -------------------  


------------------------------------------------------------------------------------------------
| Timing Details
| --------------
------------------------------------------------------------------------------------------------


---------------------------------------------------------------------------------------------------
From Clock:  ap_clk
  To Clock:  ap_clk

Setup :            0  Failing Endpoints,  Worst Slack        0.244ns,  Total Violation        0.000ns
Hold  :            0  Failing Endpoints,  Worst Slack        0.100ns,  Total Violation        0.000ns
PW    :            0  Failing Endpoints,  Worst Slack        1.520ns,  Total Violation        0.000ns
---------------------------------------------------------------------------------------------------


Max Delay Paths
--------------------------------------------------------------------------------------
Slack (MET) :             0.244ns  (required time - arrival time)
  Source:                 bd_0_i/hls_inst/inst/strm_bytes2words_U0/bytestrm_len_read_reg_175_reg[5]/C
                            (rising edge-triggered cell FDRE clocked by ap_clk  {rise@0.000ns fall@2.500ns period=5.000ns})
  Destination:            bd_0_i/hls_inst/inst/strm_bytes2words_U0/i_i_reg_116_reg[0]/R
                            (rising edge-triggered cell FDRE clocked by ap_clk  {rise@0.000ns fall@2.500ns period=5.000ns})
  Path Group:             ap_clk
  Path Type:              Setup (Max at Slow Process Corner)
  Requirement:            5.000ns  (ap_clk rise@5.000ns - ap_clk rise@0.000ns)
  Data Path Delay:        4.243ns  (logic 1.726ns (40.679%)  route 2.517ns (59.321%))
  Logic Levels:           5  (CARRY4=2 LUT5=1 LUT6=2)
  Clock Path Skew:        -0.049ns (DCD - SCD + CPR)
    Destination Clock Delay (DCD):    0.924ns = ( 5.924 - 5.000 ) 
    Source Clock Delay      (SCD):    0.973ns
    Clock Pessimism Removal (CPR):    0.000ns
  Clock Uncertainty:      0.035ns  ((TSJ^2 + TIJ^2)^1/2 + DJ) / 2 + PE
    Total System Jitter     (TSJ):    0.071ns
    Total Input Jitter      (TIJ):    0.000ns
    Discrete Jitter          (DJ):    0.000ns
    Phase Error              (PE):    0.000ns

    Location             Delay type                Incr(ns)  Path(ns)    Netlist Resource(s)
  -------------------------------------------------------------------    -------------------
                         (clock ap_clk rise edge)     0.000     0.000 r  
                                                      0.000     0.000 r  ap_clk (IN)
                         net (fo=527, unset)          0.973     0.973    bd_0_i/hls_inst/inst/strm_bytes2words_U0/ap_clk
    SLICE_X44Y85         FDRE                                         r  bd_0_i/hls_inst/inst/strm_bytes2words_U0/bytestrm_len_read_reg_175_reg[5]/C
  -------------------------------------------------------------------    -------------------
    SLICE_X44Y85         FDRE (Prop_fdre_C_Q)         0.456     1.429 r  bd_0_i/hls_inst/inst/strm_bytes2words_U0/bytestrm_len_read_reg_175_reg[5]/Q
                         net (fo=1, routed)           0.994     2.423    bd_0_i/hls_inst/inst/strm_bytes2words_U0/bytestrm_len_read_reg_175[5]
    SLICE_X42Y85         LUT6 (Prop_lut6_I0_O)        0.124     2.547 r  bd_0_i/hls_inst/inst/strm_bytes2words_U0/i__carry_i_3/O
                         net (fo=1, routed)           0.000     2.547    bd_0_i/hls_inst/inst/strm_bytes2words_U0/i__carry_i_3_n_0
    SLICE_X42Y85         CARRY4 (Prop_carry4_S[1]_CO[3])
                                                      0.533     3.080 r  bd_0_i/hls_inst/inst/strm_bytes2words_U0/exitcond_i_fu_131_p2_inferred__0/i__carry/CO[3]
                         net (fo=1, routed)           0.000     3.080    bd_0_i/hls_inst/inst/strm_bytes2words_U0/exitcond_i_fu_131_p2_inferred__0/i__carry_n_0
    SLICE_X42Y86         CARRY4 (Prop_carry4_CI_CO[1])
                                                      0.157     3.237 r  bd_0_i/hls_inst/inst/strm_bytes2words_U0/exitcond_i_fu_131_p2_inferred__0/i__carry__0/CO[1]
                         net (fo=9, routed)           0.446     3.682    bd_0_i/hls_inst/inst/strm_bytes2words_U0/exitcond_i_fu_131_p27_in
    SLICE_X43Y88         LUT6 (Prop_lut6_I4_O)        0.332     4.014 f  bd_0_i/hls_inst/inst/strm_bytes2words_U0/i_i_reg_116[0]_i_2/O
                         net (fo=20, routed)          0.407     4.422    bd_0_i/hls_inst/inst/strm_bytes2words_U0/bytes_in_V_0_sel0
    SLICE_X44Y87         LUT5 (Prop_lut5_I4_O)        0.124     4.546 r  bd_0_i/hls_inst/inst/strm_bytes2words_U0/i_i_reg_116[0]_i_1/O
                         net (fo=16, routed)          0.670     5.216    bd_0_i/hls_inst/inst/strm_bytes2words_U0/i_i_reg_116
    SLICE_X43Y84         FDRE                                         r  bd_0_i/hls_inst/inst/strm_bytes2words_U0/i_i_reg_116_reg[0]/R
  -------------------------------------------------------------------    -------------------

                         (clock ap_clk rise edge)     5.000     5.000 r  
                                                      0.000     5.000 r  ap_clk (IN)
                         net (fo=527, unset)          0.924     5.924    bd_0_i/hls_inst/inst/strm_bytes2words_U0/ap_clk
    SLICE_X43Y84         FDRE                                         r  bd_0_i/hls_inst/inst/strm_bytes2words_U0/i_i_reg_116_reg[0]/C
                         clock pessimism              0.000     5.924    
                         clock uncertainty           -0.035     5.889    
    SLICE_X43Y84         FDRE (Setup_fdre_C_R)       -0.429     5.460    bd_0_i/hls_inst/inst/strm_bytes2words_U0/i_i_reg_116_reg[0]
  -------------------------------------------------------------------
                         required time                          5.460    
                         arrival time                          -5.216    
  -------------------------------------------------------------------
                         slack                                  0.244    

Slack (MET) :             0.244ns  (required time - arrival time)
  Source:                 bd_0_i/hls_inst/inst/strm_bytes2words_U0/bytestrm_len_read_reg_175_reg[5]/C
                            (rising edge-triggered cell FDRE clocked by ap_clk  {rise@0.000ns fall@2.500ns period=5.000ns})
  Destination:            bd_0_i/hls_inst/inst/strm_bytes2words_U0/i_i_reg_116_reg[1]/R
                            (rising edge-triggered cell FDRE clocked by ap_clk  {rise@0.000ns fall@2.500ns period=5.000ns})
  Path Group:             ap_clk
  Path Type:              Setup (Max at Slow Process Corner)
  Requirement:            5.000ns  (ap_clk rise@5.000ns - ap_clk rise@0.000ns)
  Data Path Delay:        4.243ns  (logic 1.726ns (40.679%)  route 2.517ns (59.321%))
  Logic Levels:           5  (CARRY4=2 LUT5=1 LUT6=2)
  Clock Path Skew:        -0.049ns (DCD - SCD + CPR)
    Destination Clock Delay (DCD):    0.924ns = ( 5.924 - 5.000 ) 
    Source Clock Delay      (SCD):    0.973ns
    Clock Pessimism Removal (CPR):    0.000ns
  Clock Uncertainty:      0.035ns  ((TSJ^2 + TIJ^2)^1/2 + DJ) / 2 + PE
    Total System Jitter     (TSJ):    0.071ns
    Total Input Jitter      (TIJ):    0.000ns
    Discrete Jitter          (DJ):    0.000ns
    Phase Error              (PE):    0.000ns

    Location             Delay type                Incr(ns)  Path(ns)    Netlist Resource(s)
  -------------------------------------------------------------------    -------------------
                         (clock ap_clk rise edge)     0.000     0.000 r  
                                                      0.000     0.000 r  ap_clk (IN)
                         net (fo=527, unset)          0.973     0.973    bd_0_i/hls_inst/inst/strm_bytes2words_U0/ap_clk
    SLICE_X44Y85         FDRE                                         r  bd_0_i/hls_inst/inst/strm_bytes2words_U0/bytestrm_len_read_reg_175_reg[5]/C
  -------------------------------------------------------------------    -------------------
    SLICE_X44Y85         FDRE (Prop_fdre_C_Q)         0.456     1.429 r  bd_0_i/hls_inst/inst/strm_bytes2words_U0/bytestrm_len_read_reg_175_reg[5]/Q
                         net (fo=1, routed)           0.994     2.423    bd_0_i/hls_inst/inst/strm_bytes2words_U0/bytestrm_len_read_reg_175[5]
    SLICE_X42Y85         LUT6 (Prop_lut6_I0_O)        0.124     2.547 r  bd_0_i/hls_inst/inst/strm_bytes2words_U0/i__carry_i_3/O
                         net (fo=1, routed)           0.000     2.547    bd_0_i/hls_inst/inst/strm_bytes2words_U0/i__carry_i_3_n_0
    SLICE_X42Y85         CARRY4 (Prop_carry4_S[1]_CO[3])
                                                      0.533     3.080 r  bd_0_i/hls_inst/inst/strm_bytes2words_U0/exitcond_i_fu_131_p2_inferred__0/i__carry/CO[3]
                         net (fo=1, routed)           0.000     3.080    bd_0_i/hls_inst/inst/strm_bytes2words_U0/exitcond_i_fu_131_p2_inferred__0/i__carry_n_0
    SLICE_X42Y86         CARRY4 (Prop_carry4_CI_CO[1])
                                                      0.157     3.237 r  bd_0_i/hls_inst/inst/strm_bytes2words_U0/exitcond_i_fu_131_p2_inferred__0/i__carry__0/CO[1]
                         net (fo=9, routed)           0.446     3.682    bd_0_i/hls_inst/inst/strm_bytes2words_U0/exitcond_i_fu_131_p27_in
    SLICE_X43Y88         LUT6 (Prop_lut6_I4_O)        0.332     4.014 f  bd_0_i/hls_inst/inst/strm_bytes2words_U0/i_i_reg_116[0]_i_2/O
                         net (fo=20, routed)          0.407     4.422    bd_0_i/hls_inst/inst/strm_bytes2words_U0/bytes_in_V_0_sel0
    SLICE_X44Y87         LUT5 (Prop_lut5_I4_O)        0.124     4.546 r  bd_0_i/hls_inst/inst/strm_bytes2words_U0/i_i_reg_116[0]_i_1/O
                         net (fo=16, routed)          0.670     5.216    bd_0_i/hls_inst/inst/strm_bytes2words_U0/i_i_reg_116
    SLICE_X43Y84         FDRE                                         r  bd_0_i/hls_inst/inst/strm_bytes2words_U0/i_i_reg_116_reg[1]/R
  -------------------------------------------------------------------    -------------------

                         (clock ap_clk rise edge)     5.000     5.000 r  
                                                      0.000     5.000 r  ap_clk (IN)
                         net (fo=527, unset)          0.924     5.924    bd_0_i/hls_inst/inst/strm_bytes2words_U0/ap_clk
    SLICE_X43Y84         FDRE                                         r  bd_0_i/hls_inst/inst/strm_bytes2words_U0/i_i_reg_116_reg[1]/C
                         clock pessimism              0.000     5.924    
                         clock uncertainty           -0.035     5.889    
    SLICE_X43Y84         FDRE (Setup_fdre_C_R)       -0.429     5.460    bd_0_i/hls_inst/inst/strm_bytes2words_U0/i_i_reg_116_reg[1]
  -------------------------------------------------------------------
                         required time                          5.460    
                         arrival time                          -5.216    
  -------------------------------------------------------------------
                         slack                                  0.244    

Slack (MET) :             0.244ns  (required time - arrival time)
  Source:                 bd_0_i/hls_inst/inst/strm_bytes2words_U0/bytestrm_len_read_reg_175_reg[5]/C
                            (rising edge-triggered cell FDRE clocked by ap_clk  {rise@0.000ns fall@2.500ns period=5.000ns})
  Destination:            bd_0_i/hls_inst/inst/strm_bytes2words_U0/i_i_reg_116_reg[2]/R
                            (rising edge-triggered cell FDRE clocked by ap_clk  {rise@0.000ns fall@2.500ns period=5.000ns})
  Path Group:             ap_clk
  Path Type:              Setup (Max at Slow Process Corner)
  Requirement:            5.000ns  (ap_clk rise@5.000ns - ap_clk rise@0.000ns)
  Data Path Delay:        4.243ns  (logic 1.726ns (40.679%)  route 2.517ns (59.321%))
  Logic Levels:           5  (CARRY4=2 LUT5=1 LUT6=2)
  Clock Path Skew:        -0.049ns (DCD - SCD + CPR)
    Destination Clock Delay (DCD):    0.924ns = ( 5.924 - 5.000 ) 
    Source Clock Delay      (SCD):    0.973ns
    Clock Pessimism Removal (CPR):    0.000ns
  Clock Uncertainty:      0.035ns  ((TSJ^2 + TIJ^2)^1/2 + DJ) / 2 + PE
    Total System Jitter     (TSJ):    0.071ns
    Total Input Jitter      (TIJ):    0.000ns
    Discrete Jitter          (DJ):    0.000ns
    Phase Error              (PE):    0.000ns

    Location             Delay type                Incr(ns)  Path(ns)    Netlist Resource(s)
  -------------------------------------------------------------------    -------------------
                         (clock ap_clk rise edge)     0.000     0.000 r  
                                                      0.000     0.000 r  ap_clk (IN)
                         net (fo=527, unset)          0.973     0.973    bd_0_i/hls_inst/inst/strm_bytes2words_U0/ap_clk
    SLICE_X44Y85         FDRE                                         r  bd_0_i/hls_inst/inst/strm_bytes2words_U0/bytestrm_len_read_reg_175_reg[5]/C
  -------------------------------------------------------------------    -------------------
    SLICE_X44Y85         FDRE (Prop_fdre_C_Q)         0.456     1.429 r  bd_0_i/hls_inst/inst/strm_bytes2words_U0/bytestrm_len_read_reg_175_reg[5]/Q
                         net (fo=1, routed)           0.994     2.423    bd_0_i/hls_inst/inst/strm_bytes2words_U0/bytestrm_len_read_reg_175[5]
    SLICE_X42Y85         LUT6 (Prop_lut6_I0_O)        0.124     2.547 r  bd_0_i/hls_inst/inst/strm_bytes2words_U0/i__carry_i_3/O
                         net (fo=1, routed)           0.000     2.547    bd_0_i/hls_inst/inst/strm_bytes2words_U0/i__carry_i_3_n_0
    SLICE_X42Y85         CARRY4 (Prop_carry4_S[1]_CO[3])
                                                      0.533     3.080 r  bd_0_i/hls_inst/inst/strm_bytes2words_U0/exitcond_i_fu_131_p2_inferred__0/i__carry/CO[3]
                         net (fo=1, routed)           0.000     3.080    bd_0_i/hls_inst/inst/strm_bytes2words_U0/exitcond_i_fu_131_p2_inferred__0/i__carry_n_0
    SLICE_X42Y86         CARRY4 (Prop_carry4_CI_CO[1])
                                                      0.157     3.237 r  bd_0_i/hls_inst/inst/strm_bytes2words_U0/exitcond_i_fu_131_p2_inferred__0/i__carry__0/CO[1]
                         net (fo=9, routed)           0.446     3.682    bd_0_i/hls_inst/inst/strm_bytes2words_U0/exitcond_i_fu_131_p27_in
    SLICE_X43Y88         LUT6 (Prop_lut6_I4_O)        0.332     4.014 f  bd_0_i/hls_inst/inst/strm_bytes2words_U0/i_i_reg_116[0]_i_2/O
                         net (fo=20, routed)          0.407     4.422    bd_0_i/hls_inst/inst/strm_bytes2words_U0/bytes_in_V_0_sel0
    SLICE_X44Y87         LUT5 (Prop_lut5_I4_O)        0.124     4.546 r  bd_0_i/hls_inst/inst/strm_bytes2words_U0/i_i_reg_116[0]_i_1/O
                         net (fo=16, routed)          0.670     5.216    bd_0_i/hls_inst/inst/strm_bytes2words_U0/i_i_reg_116
    SLICE_X43Y84         FDRE                                         r  bd_0_i/hls_inst/inst/strm_bytes2words_U0/i_i_reg_116_reg[2]/R
  -------------------------------------------------------------------    -------------------

                         (clock ap_clk rise edge)     5.000     5.000 r  
                                                      0.000     5.000 r  ap_clk (IN)
                         net (fo=527, unset)          0.924     5.924    bd_0_i/hls_inst/inst/strm_bytes2words_U0/ap_clk
    SLICE_X43Y84         FDRE                                         r  bd_0_i/hls_inst/inst/strm_bytes2words_U0/i_i_reg_116_reg[2]/C
                         clock pessimism              0.000     5.924    
                         clock uncertainty           -0.035     5.889    
    SLICE_X43Y84         FDRE (Setup_fdre_C_R)       -0.429     5.460    bd_0_i/hls_inst/inst/strm_bytes2words_U0/i_i_reg_116_reg[2]
  -------------------------------------------------------------------
                         required time                          5.460    
                         arrival time                          -5.216    
  -------------------------------------------------------------------
                         slack                                  0.244    

Slack (MET) :             0.244ns  (required time - arrival time)
  Source:                 bd_0_i/hls_inst/inst/strm_bytes2words_U0/bytestrm_len_read_reg_175_reg[5]/C
                            (rising edge-triggered cell FDRE clocked by ap_clk  {rise@0.000ns fall@2.500ns period=5.000ns})
  Destination:            bd_0_i/hls_inst/inst/strm_bytes2words_U0/i_i_reg_116_reg[3]/R
                            (rising edge-triggered cell FDRE clocked by ap_clk  {rise@0.000ns fall@2.500ns period=5.000ns})
  Path Group:             ap_clk
  Path Type:              Setup (Max at Slow Process Corner)
  Requirement:            5.000ns  (ap_clk rise@5.000ns - ap_clk rise@0.000ns)
  Data Path Delay:        4.243ns  (logic 1.726ns (40.679%)  route 2.517ns (59.321%))
  Logic Levels:           5  (CARRY4=2 LUT5=1 LUT6=2)
  Clock Path Skew:        -0.049ns (DCD - SCD + CPR)
    Destination Clock Delay (DCD):    0.924ns = ( 5.924 - 5.000 ) 
    Source Clock Delay      (SCD):    0.973ns
    Clock Pessimism Removal (CPR):    0.000ns
  Clock Uncertainty:      0.035ns  ((TSJ^2 + TIJ^2)^1/2 + DJ) / 2 + PE
    Total System Jitter     (TSJ):    0.071ns
    Total Input Jitter      (TIJ):    0.000ns
    Discrete Jitter          (DJ):    0.000ns
    Phase Error              (PE):    0.000ns

    Location             Delay type                Incr(ns)  Path(ns)    Netlist Resource(s)
  -------------------------------------------------------------------    -------------------
                         (clock ap_clk rise edge)     0.000     0.000 r  
                                                      0.000     0.000 r  ap_clk (IN)
                         net (fo=527, unset)          0.973     0.973    bd_0_i/hls_inst/inst/strm_bytes2words_U0/ap_clk
    SLICE_X44Y85         FDRE                                         r  bd_0_i/hls_inst/inst/strm_bytes2words_U0/bytestrm_len_read_reg_175_reg[5]/C
  -------------------------------------------------------------------    -------------------
    SLICE_X44Y85         FDRE (Prop_fdre_C_Q)         0.456     1.429 r  bd_0_i/hls_inst/inst/strm_bytes2words_U0/bytestrm_len_read_reg_175_reg[5]/Q
                         net (fo=1, routed)           0.994     2.423    bd_0_i/hls_inst/inst/strm_bytes2words_U0/bytestrm_len_read_reg_175[5]
    SLICE_X42Y85         LUT6 (Prop_lut6_I0_O)        0.124     2.547 r  bd_0_i/hls_inst/inst/strm_bytes2words_U0/i__carry_i_3/O
                         net (fo=1, routed)           0.000     2.547    bd_0_i/hls_inst/inst/strm_bytes2words_U0/i__carry_i_3_n_0
    SLICE_X42Y85         CARRY4 (Prop_carry4_S[1]_CO[3])
                                                      0.533     3.080 r  bd_0_i/hls_inst/inst/strm_bytes2words_U0/exitcond_i_fu_131_p2_inferred__0/i__carry/CO[3]
                         net (fo=1, routed)           0.000     3.080    bd_0_i/hls_inst/inst/strm_bytes2words_U0/exitcond_i_fu_131_p2_inferred__0/i__carry_n_0
    SLICE_X42Y86         CARRY4 (Prop_carry4_CI_CO[1])
                                                      0.157     3.237 r  bd_0_i/hls_inst/inst/strm_bytes2words_U0/exitcond_i_fu_131_p2_inferred__0/i__carry__0/CO[1]
                         net (fo=9, routed)           0.446     3.682    bd_0_i/hls_inst/inst/strm_bytes2words_U0/exitcond_i_fu_131_p27_in
    SLICE_X43Y88         LUT6 (Prop_lut6_I4_O)        0.332     4.014 f  bd_0_i/hls_inst/inst/strm_bytes2words_U0/i_i_reg_116[0]_i_2/O
                         net (fo=20, routed)          0.407     4.422    bd_0_i/hls_inst/inst/strm_bytes2words_U0/bytes_in_V_0_sel0
    SLICE_X44Y87         LUT5 (Prop_lut5_I4_O)        0.124     4.546 r  bd_0_i/hls_inst/inst/strm_bytes2words_U0/i_i_reg_116[0]_i_1/O
                         net (fo=16, routed)          0.670     5.216    bd_0_i/hls_inst/inst/strm_bytes2words_U0/i_i_reg_116
    SLICE_X43Y84         FDRE                                         r  bd_0_i/hls_inst/inst/strm_bytes2words_U0/i_i_reg_116_reg[3]/R
  -------------------------------------------------------------------    -------------------

                         (clock ap_clk rise edge)     5.000     5.000 r  
                                                      0.000     5.000 r  ap_clk (IN)
                         net (fo=527, unset)          0.924     5.924    bd_0_i/hls_inst/inst/strm_bytes2words_U0/ap_clk
    SLICE_X43Y84         FDRE                                         r  bd_0_i/hls_inst/inst/strm_bytes2words_U0/i_i_reg_116_reg[3]/C
                         clock pessimism              0.000     5.924    
                         clock uncertainty           -0.035     5.889    
    SLICE_X43Y84         FDRE (Setup_fdre_C_R)       -0.429     5.460    bd_0_i/hls_inst/inst/strm_bytes2words_U0/i_i_reg_116_reg[3]
  -------------------------------------------------------------------
                         required time                          5.460    
                         arrival time                          -5.216    
  -------------------------------------------------------------------
                         slack                                  0.244    

Slack (MET) :             0.261ns  (required time - arrival time)
  Source:                 bd_0_i/hls_inst/inst/strm_bytes2words_U0/bytestrm_len_read_reg_175_reg[5]/C
                            (rising edge-triggered cell FDRE clocked by ap_clk  {rise@0.000ns fall@2.500ns period=5.000ns})
  Destination:            bd_0_i/hls_inst/inst/strm_bytes2words_U0/i_i_reg_116_reg[4]/R
                            (rising edge-triggered cell FDRE clocked by ap_clk  {rise@0.000ns fall@2.500ns period=5.000ns})
  Path Group:             ap_clk
  Path Type:              Setup (Max at Slow Process Corner)
  Requirement:            5.000ns  (ap_clk rise@5.000ns - ap_clk rise@0.000ns)
  Data Path Delay:        4.226ns  (logic 1.726ns (40.841%)  route 2.500ns (59.159%))
  Logic Levels:           5  (CARRY4=2 LUT5=1 LUT6=2)
  Clock Path Skew:        -0.049ns (DCD - SCD + CPR)
    Destination Clock Delay (DCD):    0.924ns = ( 5.924 - 5.000 ) 
    Source Clock Delay      (SCD):    0.973ns
    Clock Pessimism Removal (CPR):    0.000ns
  Clock Uncertainty:      0.035ns  ((TSJ^2 + TIJ^2)^1/2 + DJ) / 2 + PE
    Total System Jitter     (TSJ):    0.071ns
    Total Input Jitter      (TIJ):    0.000ns
    Discrete Jitter          (DJ):    0.000ns
    Phase Error              (PE):    0.000ns

    Location             Delay type                Incr(ns)  Path(ns)    Netlist Resource(s)
  -------------------------------------------------------------------    -------------------
                         (clock ap_clk rise edge)     0.000     0.000 r  
                                                      0.000     0.000 r  ap_clk (IN)
                         net (fo=527, unset)          0.973     0.973    bd_0_i/hls_inst/inst/strm_bytes2words_U0/ap_clk
    SLICE_X44Y85         FDRE                                         r  bd_0_i/hls_inst/inst/strm_bytes2words_U0/bytestrm_len_read_reg_175_reg[5]/C
  -------------------------------------------------------------------    -------------------
    SLICE_X44Y85         FDRE (Prop_fdre_C_Q)         0.456     1.429 r  bd_0_i/hls_inst/inst/strm_bytes2words_U0/bytestrm_len_read_reg_175_reg[5]/Q
                         net (fo=1, routed)           0.994     2.423    bd_0_i/hls_inst/inst/strm_bytes2words_U0/bytestrm_len_read_reg_175[5]
    SLICE_X42Y85         LUT6 (Prop_lut6_I0_O)        0.124     2.547 r  bd_0_i/hls_inst/inst/strm_bytes2words_U0/i__carry_i_3/O
                         net (fo=1, routed)           0.000     2.547    bd_0_i/hls_inst/inst/strm_bytes2words_U0/i__carry_i_3_n_0
    SLICE_X42Y85         CARRY4 (Prop_carry4_S[1]_CO[3])
                                                      0.533     3.080 r  bd_0_i/hls_inst/inst/strm_bytes2words_U0/exitcond_i_fu_131_p2_inferred__0/i__carry/CO[3]
                         net (fo=1, routed)           0.000     3.080    bd_0_i/hls_inst/inst/strm_bytes2words_U0/exitcond_i_fu_131_p2_inferred__0/i__carry_n_0
    SLICE_X42Y86         CARRY4 (Prop_carry4_CI_CO[1])
                                                      0.157     3.237 r  bd_0_i/hls_inst/inst/strm_bytes2words_U0/exitcond_i_fu_131_p2_inferred__0/i__carry__0/CO[1]
                         net (fo=9, routed)           0.446     3.682    bd_0_i/hls_inst/inst/strm_bytes2words_U0/exitcond_i_fu_131_p27_in
    SLICE_X43Y88         LUT6 (Prop_lut6_I4_O)        0.332     4.014 f  bd_0_i/hls_inst/inst/strm_bytes2words_U0/i_i_reg_116[0]_i_2/O
                         net (fo=20, routed)          0.407     4.422    bd_0_i/hls_inst/inst/strm_bytes2words_U0/bytes_in_V_0_sel0
    SLICE_X44Y87         LUT5 (Prop_lut5_I4_O)        0.124     4.546 r  bd_0_i/hls_inst/inst/strm_bytes2words_U0/i_i_reg_116[0]_i_1/O
                         net (fo=16, routed)          0.654     5.199    bd_0_i/hls_inst/inst/strm_bytes2words_U0/i_i_reg_116
    SLICE_X43Y85         FDRE                                         r  bd_0_i/hls_inst/inst/strm_bytes2words_U0/i_i_reg_116_reg[4]/R
  -------------------------------------------------------------------    -------------------

                         (clock ap_clk rise edge)     5.000     5.000 r  
                                                      0.000     5.000 r  ap_clk (IN)
                         net (fo=527, unset)          0.924     5.924    bd_0_i/hls_inst/inst/strm_bytes2words_U0/ap_clk
    SLICE_X43Y85         FDRE                                         r  bd_0_i/hls_inst/inst/strm_bytes2words_U0/i_i_reg_116_reg[4]/C
                         clock pessimism              0.000     5.924    
                         clock uncertainty           -0.035     5.889    
    SLICE_X43Y85         FDRE (Setup_fdre_C_R)       -0.429     5.460    bd_0_i/hls_inst/inst/strm_bytes2words_U0/i_i_reg_116_reg[4]
  -------------------------------------------------------------------
                         required time                          5.460    
                         arrival time                          -5.199    
  -------------------------------------------------------------------
                         slack                                  0.261    

Slack (MET) :             0.261ns  (required time - arrival time)
  Source:                 bd_0_i/hls_inst/inst/strm_bytes2words_U0/bytestrm_len_read_reg_175_reg[5]/C
                            (rising edge-triggered cell FDRE clocked by ap_clk  {rise@0.000ns fall@2.500ns period=5.000ns})
  Destination:            bd_0_i/hls_inst/inst/strm_bytes2words_U0/i_i_reg_116_reg[5]/R
                            (rising edge-triggered cell FDRE clocked by ap_clk  {rise@0.000ns fall@2.500ns period=5.000ns})
  Path Group:             ap_clk
  Path Type:              Setup (Max at Slow Process Corner)
  Requirement:            5.000ns  (ap_clk rise@5.000ns - ap_clk rise@0.000ns)
  Data Path Delay:        4.226ns  (logic 1.726ns (40.841%)  route 2.500ns (59.159%))
  Logic Levels:           5  (CARRY4=2 LUT5=1 LUT6=2)
  Clock Path Skew:        -0.049ns (DCD - SCD + CPR)
    Destination Clock Delay (DCD):    0.924ns = ( 5.924 - 5.000 ) 
    Source Clock Delay      (SCD):    0.973ns
    Clock Pessimism Removal (CPR):    0.000ns
  Clock Uncertainty:      0.035ns  ((TSJ^2 + TIJ^2)^1/2 + DJ) / 2 + PE
    Total System Jitter     (TSJ):    0.071ns
    Total Input Jitter      (TIJ):    0.000ns
    Discrete Jitter          (DJ):    0.000ns
    Phase Error              (PE):    0.000ns

    Location             Delay type                Incr(ns)  Path(ns)    Netlist Resource(s)
  -------------------------------------------------------------------    -------------------
                         (clock ap_clk rise edge)     0.000     0.000 r  
                                                      0.000     0.000 r  ap_clk (IN)
                         net (fo=527, unset)          0.973     0.973    bd_0_i/hls_inst/inst/strm_bytes2words_U0/ap_clk
    SLICE_X44Y85         FDRE                                         r  bd_0_i/hls_inst/inst/strm_bytes2words_U0/bytestrm_len_read_reg_175_reg[5]/C
  -------------------------------------------------------------------    -------------------
    SLICE_X44Y85         FDRE (Prop_fdre_C_Q)         0.456     1.429 r  bd_0_i/hls_inst/inst/strm_bytes2words_U0/bytestrm_len_read_reg_175_reg[5]/Q
                         net (fo=1, routed)           0.994     2.423    bd_0_i/hls_inst/inst/strm_bytes2words_U0/bytestrm_len_read_reg_175[5]
    SLICE_X42Y85         LUT6 (Prop_lut6_I0_O)        0.124     2.547 r  bd_0_i/hls_inst/inst/strm_bytes2words_U0/i__carry_i_3/O
                         net (fo=1, routed)           0.000     2.547    bd_0_i/hls_inst/inst/strm_bytes2words_U0/i__carry_i_3_n_0
    SLICE_X42Y85         CARRY4 (Prop_carry4_S[1]_CO[3])
                                                      0.533     3.080 r  bd_0_i/hls_inst/inst/strm_bytes2words_U0/exitcond_i_fu_131_p2_inferred__0/i__carry/CO[3]
                         net (fo=1, routed)           0.000     3.080    bd_0_i/hls_inst/inst/strm_bytes2words_U0/exitcond_i_fu_131_p2_inferred__0/i__carry_n_0
    SLICE_X42Y86         CARRY4 (Prop_carry4_CI_CO[1])
                                                      0.157     3.237 r  bd_0_i/hls_inst/inst/strm_bytes2words_U0/exitcond_i_fu_131_p2_inferred__0/i__carry__0/CO[1]
                         net (fo=9, routed)           0.446     3.682    bd_0_i/hls_inst/inst/strm_bytes2words_U0/exitcond_i_fu_131_p27_in
    SLICE_X43Y88         LUT6 (Prop_lut6_I4_O)        0.332     4.014 f  bd_0_i/hls_inst/inst/strm_bytes2words_U0/i_i_reg_116[0]_i_2/O
                         net (fo=20, routed)          0.407     4.422    bd_0_i/hls_inst/inst/strm_bytes2words_U0/bytes_in_V_0_sel0
    SLICE_X44Y87         LUT5 (Prop_lut5_I4_O)        0.124     4.546 r  bd_0_i/hls_inst/inst/strm_bytes2words_U0/i_i_reg_116[0]_i_1/O
                         net (fo=16, routed)          0.654     5.199    bd_0_i/hls_inst/inst/strm_bytes2words_U0/i_i_reg_116
    SLICE_X43Y85         FDRE                                         r  bd_0_i/hls_inst/inst/strm_bytes2words_U0/i_i_reg_116_reg[5]/R
  -------------------------------------------------------------------    -------------------

                         (clock ap_clk rise edge)     5.000     5.000 r  
                                                      0.000     5.000 r  ap_clk (IN)
                         net (fo=527, unset)          0.924     5.924    bd_0_i/hls_inst/inst/strm_bytes2words_U0/ap_clk
    SLICE_X43Y85         FDRE                                         r  bd_0_i/hls_inst/inst/strm_bytes2words_U0/i_i_reg_116_reg[5]/C
                         clock pessimism              0.000     5.924    
                         clock uncertainty           -0.035     5.889    
    SLICE_X43Y85         FDRE (Setup_fdre_C_R)       -0.429     5.460    bd_0_i/hls_inst/inst/strm_bytes2words_U0/i_i_reg_116_reg[5]
  -------------------------------------------------------------------
                         required time                          5.460    
                         arrival time                          -5.199    
  -------------------------------------------------------------------
                         slack                                  0.261    

Slack (MET) :             0.261ns  (required time - arrival time)
  Source:                 bd_0_i/hls_inst/inst/strm_bytes2words_U0/bytestrm_len_read_reg_175_reg[5]/C
                            (rising edge-triggered cell FDRE clocked by ap_clk  {rise@0.000ns fall@2.500ns period=5.000ns})
  Destination:            bd_0_i/hls_inst/inst/strm_bytes2words_U0/i_i_reg_116_reg[6]/R
                            (rising edge-triggered cell FDRE clocked by ap_clk  {rise@0.000ns fall@2.500ns period=5.000ns})
  Path Group:             ap_clk
  Path Type:              Setup (Max at Slow Process Corner)
  Requirement:            5.000ns  (ap_clk rise@5.000ns - ap_clk rise@0.000ns)
  Data Path Delay:        4.226ns  (logic 1.726ns (40.841%)  route 2.500ns (59.159%))
  Logic Levels:           5  (CARRY4=2 LUT5=1 LUT6=2)
  Clock Path Skew:        -0.049ns (DCD - SCD + CPR)
    Destination Clock Delay (DCD):    0.924ns = ( 5.924 - 5.000 ) 
    Source Clock Delay      (SCD):    0.973ns
    Clock Pessimism Removal (CPR):    0.000ns
  Clock Uncertainty:      0.035ns  ((TSJ^2 + TIJ^2)^1/2 + DJ) / 2 + PE
    Total System Jitter     (TSJ):    0.071ns
    Total Input Jitter      (TIJ):    0.000ns
    Discrete Jitter          (DJ):    0.000ns
    Phase Error              (PE):    0.000ns

    Location             Delay type                Incr(ns)  Path(ns)    Netlist Resource(s)
  -------------------------------------------------------------------    -------------------
                         (clock ap_clk rise edge)     0.000     0.000 r  
                                                      0.000     0.000 r  ap_clk (IN)
                         net (fo=527, unset)          0.973     0.973    bd_0_i/hls_inst/inst/strm_bytes2words_U0/ap_clk
    SLICE_X44Y85         FDRE                                         r  bd_0_i/hls_inst/inst/strm_bytes2words_U0/bytestrm_len_read_reg_175_reg[5]/C
  -------------------------------------------------------------------    -------------------
    SLICE_X44Y85         FDRE (Prop_fdre_C_Q)         0.456     1.429 r  bd_0_i/hls_inst/inst/strm_bytes2words_U0/bytestrm_len_read_reg_175_reg[5]/Q
                         net (fo=1, routed)           0.994     2.423    bd_0_i/hls_inst/inst/strm_bytes2words_U0/bytestrm_len_read_reg_175[5]
    SLICE_X42Y85         LUT6 (Prop_lut6_I0_O)        0.124     2.547 r  bd_0_i/hls_inst/inst/strm_bytes2words_U0/i__carry_i_3/O
                         net (fo=1, routed)           0.000     2.547    bd_0_i/hls_inst/inst/strm_bytes2words_U0/i__carry_i_3_n_0
    SLICE_X42Y85         CARRY4 (Prop_carry4_S[1]_CO[3])
                                                      0.533     3.080 r  bd_0_i/hls_inst/inst/strm_bytes2words_U0/exitcond_i_fu_131_p2_inferred__0/i__carry/CO[3]
                         net (fo=1, routed)           0.000     3.080    bd_0_i/hls_inst/inst/strm_bytes2words_U0/exitcond_i_fu_131_p2_inferred__0/i__carry_n_0
    SLICE_X42Y86         CARRY4 (Prop_carry4_CI_CO[1])
                                                      0.157     3.237 r  bd_0_i/hls_inst/inst/strm_bytes2words_U0/exitcond_i_fu_131_p2_inferred__0/i__carry__0/CO[1]
                         net (fo=9, routed)           0.446     3.682    bd_0_i/hls_inst/inst/strm_bytes2words_U0/exitcond_i_fu_131_p27_in
    SLICE_X43Y88         LUT6 (Prop_lut6_I4_O)        0.332     4.014 f  bd_0_i/hls_inst/inst/strm_bytes2words_U0/i_i_reg_116[0]_i_2/O
                         net (fo=20, routed)          0.407     4.422    bd_0_i/hls_inst/inst/strm_bytes2words_U0/bytes_in_V_0_sel0
    SLICE_X44Y87         LUT5 (Prop_lut5_I4_O)        0.124     4.546 r  bd_0_i/hls_inst/inst/strm_bytes2words_U0/i_i_reg_116[0]_i_1/O
                         net (fo=16, routed)          0.654     5.199    bd_0_i/hls_inst/inst/strm_bytes2words_U0/i_i_reg_116
    SLICE_X43Y85         FDRE                                         r  bd_0_i/hls_inst/inst/strm_bytes2words_U0/i_i_reg_116_reg[6]/R
  -------------------------------------------------------------------    -------------------

                         (clock ap_clk rise edge)     5.000     5.000 r  
                                                      0.000     5.000 r  ap_clk (IN)
                         net (fo=527, unset)          0.924     5.924    bd_0_i/hls_inst/inst/strm_bytes2words_U0/ap_clk
    SLICE_X43Y85         FDRE                                         r  bd_0_i/hls_inst/inst/strm_bytes2words_U0/i_i_reg_116_reg[6]/C
                         clock pessimism              0.000     5.924    
                         clock uncertainty           -0.035     5.889    
    SLICE_X43Y85         FDRE (Setup_fdre_C_R)       -0.429     5.460    bd_0_i/hls_inst/inst/strm_bytes2words_U0/i_i_reg_116_reg[6]
  -------------------------------------------------------------------
                         required time                          5.460    
                         arrival time                          -5.199    
  -------------------------------------------------------------------
                         slack                                  0.261    

Slack (MET) :             0.261ns  (required time - arrival time)
  Source:                 bd_0_i/hls_inst/inst/strm_bytes2words_U0/bytestrm_len_read_reg_175_reg[5]/C
                            (rising edge-triggered cell FDRE clocked by ap_clk  {rise@0.000ns fall@2.500ns period=5.000ns})
  Destination:            bd_0_i/hls_inst/inst/strm_bytes2words_U0/i_i_reg_116_reg[7]/R
                            (rising edge-triggered cell FDRE clocked by ap_clk  {rise@0.000ns fall@2.500ns period=5.000ns})
  Path Group:             ap_clk
  Path Type:              Setup (Max at Slow Process Corner)
  Requirement:            5.000ns  (ap_clk rise@5.000ns - ap_clk rise@0.000ns)
  Data Path Delay:        4.226ns  (logic 1.726ns (40.841%)  route 2.500ns (59.159%))
  Logic Levels:           5  (CARRY4=2 LUT5=1 LUT6=2)
  Clock Path Skew:        -0.049ns (DCD - SCD + CPR)
    Destination Clock Delay (DCD):    0.924ns = ( 5.924 - 5.000 ) 
    Source Clock Delay      (SCD):    0.973ns
    Clock Pessimism Removal (CPR):    0.000ns
  Clock Uncertainty:      0.035ns  ((TSJ^2 + TIJ^2)^1/2 + DJ) / 2 + PE
    Total System Jitter     (TSJ):    0.071ns
    Total Input Jitter      (TIJ):    0.000ns
    Discrete Jitter          (DJ):    0.000ns
    Phase Error              (PE):    0.000ns

    Location             Delay type                Incr(ns)  Path(ns)    Netlist Resource(s)
  -------------------------------------------------------------------    -------------------
                         (clock ap_clk rise edge)     0.000     0.000 r  
                                                      0.000     0.000 r  ap_clk (IN)
                         net (fo=527, unset)          0.973     0.973    bd_0_i/hls_inst/inst/strm_bytes2words_U0/ap_clk
    SLICE_X44Y85         FDRE                                         r  bd_0_i/hls_inst/inst/strm_bytes2words_U0/bytestrm_len_read_reg_175_reg[5]/C
  -------------------------------------------------------------------    -------------------
    SLICE_X44Y85         FDRE (Prop_fdre_C_Q)         0.456     1.429 r  bd_0_i/hls_inst/inst/strm_bytes2words_U0/bytestrm_len_read_reg_175_reg[5]/Q
                         net (fo=1, routed)           0.994     2.423    bd_0_i/hls_inst/inst/strm_bytes2words_U0/bytestrm_len_read_reg_175[5]
    SLICE_X42Y85         LUT6 (Prop_lut6_I0_O)        0.124     2.547 r  bd_0_i/hls_inst/inst/strm_bytes2words_U0/i__carry_i_3/O
                         net (fo=1, routed)           0.000     2.547    bd_0_i/hls_inst/inst/strm_bytes2words_U0/i__carry_i_3_n_0
    SLICE_X42Y85         CARRY4 (Prop_carry4_S[1]_CO[3])
                                                      0.533     3.080 r  bd_0_i/hls_inst/inst/strm_bytes2words_U0/exitcond_i_fu_131_p2_inferred__0/i__carry/CO[3]
                         net (fo=1, routed)           0.000     3.080    bd_0_i/hls_inst/inst/strm_bytes2words_U0/exitcond_i_fu_131_p2_inferred__0/i__carry_n_0
    SLICE_X42Y86         CARRY4 (Prop_carry4_CI_CO[1])
                                                      0.157     3.237 r  bd_0_i/hls_inst/inst/strm_bytes2words_U0/exitcond_i_fu_131_p2_inferred__0/i__carry__0/CO[1]
                         net (fo=9, routed)           0.446     3.682    bd_0_i/hls_inst/inst/strm_bytes2words_U0/exitcond_i_fu_131_p27_in
    SLICE_X43Y88         LUT6 (Prop_lut6_I4_O)        0.332     4.014 f  bd_0_i/hls_inst/inst/strm_bytes2words_U0/i_i_reg_116[0]_i_2/O
                         net (fo=20, routed)          0.407     4.422    bd_0_i/hls_inst/inst/strm_bytes2words_U0/bytes_in_V_0_sel0
    SLICE_X44Y87         LUT5 (Prop_lut5_I4_O)        0.124     4.546 r  bd_0_i/hls_inst/inst/strm_bytes2words_U0/i_i_reg_116[0]_i_1/O
                         net (fo=16, routed)          0.654     5.199    bd_0_i/hls_inst/inst/strm_bytes2words_U0/i_i_reg_116
    SLICE_X43Y85         FDRE                                         r  bd_0_i/hls_inst/inst/strm_bytes2words_U0/i_i_reg_116_reg[7]/R
  -------------------------------------------------------------------    -------------------

                         (clock ap_clk rise edge)     5.000     5.000 r  
                                                      0.000     5.000 r  ap_clk (IN)
                         net (fo=527, unset)          0.924     5.924    bd_0_i/hls_inst/inst/strm_bytes2words_U0/ap_clk
    SLICE_X43Y85         FDRE                                         r  bd_0_i/hls_inst/inst/strm_bytes2words_U0/i_i_reg_116_reg[7]/C
                         clock pessimism              0.000     5.924    
                         clock uncertainty           -0.035     5.889    
    SLICE_X43Y85         FDRE (Setup_fdre_C_R)       -0.429     5.460    bd_0_i/hls_inst/inst/strm_bytes2words_U0/i_i_reg_116_reg[7]
  -------------------------------------------------------------------
                         required time                          5.460    
                         arrival time                          -5.199    
  -------------------------------------------------------------------
                         slack                                  0.261    

Slack (MET) :             0.327ns  (required time - arrival time)
  Source:                 bd_0_i/hls_inst/inst/strm_bytes2words_U0/bytestrm_len_read_reg_175_reg[5]/C
                            (rising edge-triggered cell FDRE clocked by ap_clk  {rise@0.000ns fall@2.500ns period=5.000ns})
  Destination:            bd_0_i/hls_inst/inst/strm_bytes2words_U0/r_V_reg_105_reg[0]/CE
                            (rising edge-triggered cell FDRE clocked by ap_clk  {rise@0.000ns fall@2.500ns period=5.000ns})
  Path Group:             ap_clk
  Path Type:              Setup (Max at Slow Process Corner)
  Requirement:            5.000ns  (ap_clk rise@5.000ns - ap_clk rise@0.000ns)
  Data Path Delay:        4.384ns  (logic 1.726ns (39.370%)  route 2.658ns (60.630%))
  Logic Levels:           5  (CARRY4=2 LUT5=1 LUT6=2)
  Clock Path Skew:        -0.049ns (DCD - SCD + CPR)
    Destination Clock Delay (DCD):    0.924ns = ( 5.924 - 5.000 ) 
    Source Clock Delay      (SCD):    0.973ns
    Clock Pessimism Removal (CPR):    0.000ns
  Clock Uncertainty:      0.035ns  ((TSJ^2 + TIJ^2)^1/2 + DJ) / 2 + PE
    Total System Jitter     (TSJ):    0.071ns
    Total Input Jitter      (TIJ):    0.000ns
    Discrete Jitter          (DJ):    0.000ns
    Phase Error              (PE):    0.000ns

    Location             Delay type                Incr(ns)  Path(ns)    Netlist Resource(s)
  -------------------------------------------------------------------    -------------------
                         (clock ap_clk rise edge)     0.000     0.000 r  
                                                      0.000     0.000 r  ap_clk (IN)
                         net (fo=527, unset)          0.973     0.973    bd_0_i/hls_inst/inst/strm_bytes2words_U0/ap_clk
    SLICE_X44Y85         FDRE                                         r  bd_0_i/hls_inst/inst/strm_bytes2words_U0/bytestrm_len_read_reg_175_reg[5]/C
  -------------------------------------------------------------------    -------------------
    SLICE_X44Y85         FDRE (Prop_fdre_C_Q)         0.456     1.429 r  bd_0_i/hls_inst/inst/strm_bytes2words_U0/bytestrm_len_read_reg_175_reg[5]/Q
                         net (fo=1, routed)           0.994     2.423    bd_0_i/hls_inst/inst/strm_bytes2words_U0/bytestrm_len_read_reg_175[5]
    SLICE_X42Y85         LUT6 (Prop_lut6_I0_O)        0.124     2.547 r  bd_0_i/hls_inst/inst/strm_bytes2words_U0/i__carry_i_3/O
                         net (fo=1, routed)           0.000     2.547    bd_0_i/hls_inst/inst/strm_bytes2words_U0/i__carry_i_3_n_0
    SLICE_X42Y85         CARRY4 (Prop_carry4_S[1]_CO[3])
                                                      0.533     3.080 r  bd_0_i/hls_inst/inst/strm_bytes2words_U0/exitcond_i_fu_131_p2_inferred__0/i__carry/CO[3]
                         net (fo=1, routed)           0.000     3.080    bd_0_i/hls_inst/inst/strm_bytes2words_U0/exitcond_i_fu_131_p2_inferred__0/i__carry_n_0
    SLICE_X42Y86         CARRY4 (Prop_carry4_CI_CO[1])
                                                      0.157     3.237 f  bd_0_i/hls_inst/inst/strm_bytes2words_U0/exitcond_i_fu_131_p2_inferred__0/i__carry__0/CO[1]
                         net (fo=9, routed)           0.446     3.682    bd_0_i/hls_inst/inst/strm_bytes2words_U0/exitcond_i_fu_131_p27_in
    SLICE_X43Y88         LUT6 (Prop_lut6_I4_O)        0.332     4.014 r  bd_0_i/hls_inst/inst/strm_bytes2words_U0/i_i_reg_116[0]_i_2/O
                         net (fo=20, routed)          0.638     4.653    bd_0_i/hls_inst/inst/strm_bytes2words_U0/bytes_in_V_0_sel0
    SLICE_X44Y87         LUT5 (Prop_lut5_I0_O)        0.124     4.777 r  bd_0_i/hls_inst/inst/strm_bytes2words_U0/r_V_reg_105[23]_i_2/O
                         net (fo=24, routed)          0.580     5.357    bd_0_i/hls_inst/inst/strm_bytes2words_U0/r_V_reg_105[23]_i_2_n_0
    SLICE_X45Y87         FDRE                                         r  bd_0_i/hls_inst/inst/strm_bytes2words_U0/r_V_reg_105_reg[0]/CE
  -------------------------------------------------------------------    -------------------

                         (clock ap_clk rise edge)     5.000     5.000 r  
                                                      0.000     5.000 r  ap_clk (IN)
                         net (fo=527, unset)          0.924     5.924    bd_0_i/hls_inst/inst/strm_bytes2words_U0/ap_clk
    SLICE_X45Y87         FDRE                                         r  bd_0_i/hls_inst/inst/strm_bytes2words_U0/r_V_reg_105_reg[0]/C
                         clock pessimism              0.000     5.924    
                         clock uncertainty           -0.035     5.889    
    SLICE_X45Y87         FDRE (Setup_fdre_C_CE)      -0.205     5.684    bd_0_i/hls_inst/inst/strm_bytes2words_U0/r_V_reg_105_reg[0]
  -------------------------------------------------------------------
                         required time                          5.684    
                         arrival time                          -5.357    
  -------------------------------------------------------------------
                         slack                                  0.327    

Slack (MET) :             0.327ns  (required time - arrival time)
  Source:                 bd_0_i/hls_inst/inst/strm_bytes2words_U0/bytestrm_len_read_reg_175_reg[5]/C
                            (rising edge-triggered cell FDRE clocked by ap_clk  {rise@0.000ns fall@2.500ns period=5.000ns})
  Destination:            bd_0_i/hls_inst/inst/strm_bytes2words_U0/r_V_reg_105_reg[10]/CE
                            (rising edge-triggered cell FDRE clocked by ap_clk  {rise@0.000ns fall@2.500ns period=5.000ns})
  Path Group:             ap_clk
  Path Type:              Setup (Max at Slow Process Corner)
  Requirement:            5.000ns  (ap_clk rise@5.000ns - ap_clk rise@0.000ns)
  Data Path Delay:        4.384ns  (logic 1.726ns (39.370%)  route 2.658ns (60.630%))
  Logic Levels:           5  (CARRY4=2 LUT5=1 LUT6=2)
  Clock Path Skew:        -0.049ns (DCD - SCD + CPR)
    Destination Clock Delay (DCD):    0.924ns = ( 5.924 - 5.000 ) 
    Source Clock Delay      (SCD):    0.973ns
    Clock Pessimism Removal (CPR):    0.000ns
  Clock Uncertainty:      0.035ns  ((TSJ^2 + TIJ^2)^1/2 + DJ) / 2 + PE
    Total System Jitter     (TSJ):    0.071ns
    Total Input Jitter      (TIJ):    0.000ns
    Discrete Jitter          (DJ):    0.000ns
    Phase Error              (PE):    0.000ns

    Location             Delay type                Incr(ns)  Path(ns)    Netlist Resource(s)
  -------------------------------------------------------------------    -------------------
                         (clock ap_clk rise edge)     0.000     0.000 r  
                                                      0.000     0.000 r  ap_clk (IN)
                         net (fo=527, unset)          0.973     0.973    bd_0_i/hls_inst/inst/strm_bytes2words_U0/ap_clk
    SLICE_X44Y85         FDRE                                         r  bd_0_i/hls_inst/inst/strm_bytes2words_U0/bytestrm_len_read_reg_175_reg[5]/C
  -------------------------------------------------------------------    -------------------
    SLICE_X44Y85         FDRE (Prop_fdre_C_Q)         0.456     1.429 r  bd_0_i/hls_inst/inst/strm_bytes2words_U0/bytestrm_len_read_reg_175_reg[5]/Q
                         net (fo=1, routed)           0.994     2.423    bd_0_i/hls_inst/inst/strm_bytes2words_U0/bytestrm_len_read_reg_175[5]
    SLICE_X42Y85         LUT6 (Prop_lut6_I0_O)        0.124     2.547 r  bd_0_i/hls_inst/inst/strm_bytes2words_U0/i__carry_i_3/O
                         net (fo=1, routed)           0.000     2.547    bd_0_i/hls_inst/inst/strm_bytes2words_U0/i__carry_i_3_n_0
    SLICE_X42Y85         CARRY4 (Prop_carry4_S[1]_CO[3])
                                                      0.533     3.080 r  bd_0_i/hls_inst/inst/strm_bytes2words_U0/exitcond_i_fu_131_p2_inferred__0/i__carry/CO[3]
                         net (fo=1, routed)           0.000     3.080    bd_0_i/hls_inst/inst/strm_bytes2words_U0/exitcond_i_fu_131_p2_inferred__0/i__carry_n_0
    SLICE_X42Y86         CARRY4 (Prop_carry4_CI_CO[1])
                                                      0.157     3.237 f  bd_0_i/hls_inst/inst/strm_bytes2words_U0/exitcond_i_fu_131_p2_inferred__0/i__carry__0/CO[1]
                         net (fo=9, routed)           0.446     3.682    bd_0_i/hls_inst/inst/strm_bytes2words_U0/exitcond_i_fu_131_p27_in
    SLICE_X43Y88         LUT6 (Prop_lut6_I4_O)        0.332     4.014 r  bd_0_i/hls_inst/inst/strm_bytes2words_U0/i_i_reg_116[0]_i_2/O
                         net (fo=20, routed)          0.638     4.653    bd_0_i/hls_inst/inst/strm_bytes2words_U0/bytes_in_V_0_sel0
    SLICE_X44Y87         LUT5 (Prop_lut5_I0_O)        0.124     4.777 r  bd_0_i/hls_inst/inst/strm_bytes2words_U0/r_V_reg_105[23]_i_2/O
                         net (fo=24, routed)          0.580     5.357    bd_0_i/hls_inst/inst/strm_bytes2words_U0/r_V_reg_105[23]_i_2_n_0
    SLICE_X45Y87         FDRE                                         r  bd_0_i/hls_inst/inst/strm_bytes2words_U0/r_V_reg_105_reg[10]/CE
  -------------------------------------------------------------------    -------------------

                         (clock ap_clk rise edge)     5.000     5.000 r  
                                                      0.000     5.000 r  ap_clk (IN)
                         net (fo=527, unset)          0.924     5.924    bd_0_i/hls_inst/inst/strm_bytes2words_U0/ap_clk
    SLICE_X45Y87         FDRE                                         r  bd_0_i/hls_inst/inst/strm_bytes2words_U0/r_V_reg_105_reg[10]/C
                         clock pessimism              0.000     5.924    
                         clock uncertainty           -0.035     5.889    
    SLICE_X45Y87         FDRE (Setup_fdre_C_CE)      -0.205     5.684    bd_0_i/hls_inst/inst/strm_bytes2words_U0/r_V_reg_105_reg[10]
  -------------------------------------------------------------------
                         required time                          5.684    
                         arrival time                          -5.357    
  -------------------------------------------------------------------
                         slack                                  0.327    





Min Delay Paths
--------------------------------------------------------------------------------------
Slack (MET) :             0.100ns  (arrival time - required time)
  Source:                 bd_0_i/hls_inst/inst/dwordstrm_out_V_U/U_fifo_w32_d2_A_ram/SRL_SIG_reg[0][0]/C
                            (rising edge-triggered cell FDRE clocked by ap_clk  {rise@0.000ns fall@2.500ns period=5.000ns})
  Destination:            bd_0_i/hls_inst/inst/dwordstrm_out_V_U/U_fifo_w32_d2_A_ram/SRL_SIG_reg[1][0]/D
                            (rising edge-triggered cell FDRE clocked by ap_clk  {rise@0.000ns fall@2.500ns period=5.000ns})
  Path Group:             ap_clk
  Path Type:              Hold (Min at Fast Process Corner)
  Requirement:            0.000ns  (ap_clk rise@0.000ns - ap_clk rise@0.000ns)
  Data Path Delay:        0.197ns  (logic 0.141ns (71.611%)  route 0.056ns (28.389%))
  Logic Levels:           0  
  Clock Path Skew:        0.022ns (DCD - SCD - CPR)
    Destination Clock Delay (DCD):    0.432ns
    Source Clock Delay      (SCD):    0.410ns
    Clock Pessimism Removal (CPR):    -0.000ns

    Location             Delay type                Incr(ns)  Path(ns)    Netlist Resource(s)
  -------------------------------------------------------------------    -------------------
                         (clock ap_clk rise edge)     0.000     0.000 r  
                                                      0.000     0.000 r  ap_clk (IN)
                         net (fo=527, unset)          0.410     0.410    bd_0_i/hls_inst/inst/dwordstrm_out_V_U/U_fifo_w32_d2_A_ram/ap_clk
    SLICE_X47Y82         FDRE                                         r  bd_0_i/hls_inst/inst/dwordstrm_out_V_U/U_fifo_w32_d2_A_ram/SRL_SIG_reg[0][0]/C
  -------------------------------------------------------------------    -------------------
    SLICE_X47Y82         FDRE (Prop_fdre_C_Q)         0.141     0.551 r  bd_0_i/hls_inst/inst/dwordstrm_out_V_U/U_fifo_w32_d2_A_ram/SRL_SIG_reg[0][0]/Q
                         net (fo=2, routed)           0.056     0.607    bd_0_i/hls_inst/inst/dwordstrm_out_V_U/U_fifo_w32_d2_A_ram/SRL_SIG_reg_n_0_[0][0]
    SLICE_X47Y82         FDRE                                         r  bd_0_i/hls_inst/inst/dwordstrm_out_V_U/U_fifo_w32_d2_A_ram/SRL_SIG_reg[1][0]/D
  -------------------------------------------------------------------    -------------------

                         (clock ap_clk rise edge)     0.000     0.000 r  
                                                      0.000     0.000 r  ap_clk (IN)
                         net (fo=527, unset)          0.432     0.432    bd_0_i/hls_inst/inst/dwordstrm_out_V_U/U_fifo_w32_d2_A_ram/ap_clk
    SLICE_X47Y82         FDRE                                         r  bd_0_i/hls_inst/inst/dwordstrm_out_V_U/U_fifo_w32_d2_A_ram/SRL_SIG_reg[1][0]/C
                         clock pessimism              0.000     0.432    
    SLICE_X47Y82         FDRE (Hold_fdre_C_D)         0.075     0.507    bd_0_i/hls_inst/inst/dwordstrm_out_V_U/U_fifo_w32_d2_A_ram/SRL_SIG_reg[1][0]
  -------------------------------------------------------------------
                         required time                         -0.507    
                         arrival time                           0.607    
  -------------------------------------------------------------------
                         slack                                  0.100    

Slack (MET) :             0.106ns  (arrival time - required time)
  Source:                 bd_0_i/hls_inst/inst/dwordstrm_out_V_U/U_fifo_w32_d2_A_ram/SRL_SIG_reg[0][15]/C
                            (rising edge-triggered cell FDRE clocked by ap_clk  {rise@0.000ns fall@2.500ns period=5.000ns})
  Destination:            bd_0_i/hls_inst/inst/dwordstrm_out_V_U/U_fifo_w32_d2_A_ram/SRL_SIG_reg[1][15]/D
                            (rising edge-triggered cell FDRE clocked by ap_clk  {rise@0.000ns fall@2.500ns period=5.000ns})
  Path Group:             ap_clk
  Path Type:              Hold (Min at Fast Process Corner)
  Requirement:            0.000ns  (ap_clk rise@0.000ns - ap_clk rise@0.000ns)
  Data Path Delay:        0.199ns  (logic 0.141ns (70.953%)  route 0.058ns (29.047%))
  Logic Levels:           0  
  Clock Path Skew:        0.022ns (DCD - SCD - CPR)
    Destination Clock Delay (DCD):    0.432ns
    Source Clock Delay      (SCD):    0.410ns
    Clock Pessimism Removal (CPR):    -0.000ns

    Location             Delay type                Incr(ns)  Path(ns)    Netlist Resource(s)
  -------------------------------------------------------------------    -------------------
                         (clock ap_clk rise edge)     0.000     0.000 r  
                                                      0.000     0.000 r  ap_clk (IN)
                         net (fo=527, unset)          0.410     0.410    bd_0_i/hls_inst/inst/dwordstrm_out_V_U/U_fifo_w32_d2_A_ram/ap_clk
    SLICE_X48Y86         FDRE                                         r  bd_0_i/hls_inst/inst/dwordstrm_out_V_U/U_fifo_w32_d2_A_ram/SRL_SIG_reg[0][15]/C
  -------------------------------------------------------------------    -------------------
    SLICE_X48Y86         FDRE (Prop_fdre_C_Q)         0.141     0.551 r  bd_0_i/hls_inst/inst/dwordstrm_out_V_U/U_fifo_w32_d2_A_ram/SRL_SIG_reg[0][15]/Q
                         net (fo=2, routed)           0.058     0.609    bd_0_i/hls_inst/inst/dwordstrm_out_V_U/U_fifo_w32_d2_A_ram/SRL_SIG_reg_n_0_[0][15]
    SLICE_X48Y86         FDRE                                         r  bd_0_i/hls_inst/inst/dwordstrm_out_V_U/U_fifo_w32_d2_A_ram/SRL_SIG_reg[1][15]/D
  -------------------------------------------------------------------    -------------------

                         (clock ap_clk rise edge)     0.000     0.000 r  
                                                      0.000     0.000 r  ap_clk (IN)
                         net (fo=527, unset)          0.432     0.432    bd_0_i/hls_inst/inst/dwordstrm_out_V_U/U_fifo_w32_d2_A_ram/ap_clk
    SLICE_X48Y86         FDRE                                         r  bd_0_i/hls_inst/inst/dwordstrm_out_V_U/U_fifo_w32_d2_A_ram/SRL_SIG_reg[1][15]/C
                         clock pessimism              0.000     0.432    
    SLICE_X48Y86         FDRE (Hold_fdre_C_D)         0.071     0.503    bd_0_i/hls_inst/inst/dwordstrm_out_V_U/U_fifo_w32_d2_A_ram/SRL_SIG_reg[1][15]
  -------------------------------------------------------------------
                         required time                         -0.503    
                         arrival time                           0.609    
  -------------------------------------------------------------------
                         slack                                  0.106    

Slack (MET) :             0.106ns  (arrival time - required time)
  Source:                 bd_0_i/hls_inst/inst/dwordstrm_out_V_U/U_fifo_w32_d2_A_ram/SRL_SIG_reg[0][22]/C
                            (rising edge-triggered cell FDRE clocked by ap_clk  {rise@0.000ns fall@2.500ns period=5.000ns})
  Destination:            bd_0_i/hls_inst/inst/dwordstrm_out_V_U/U_fifo_w32_d2_A_ram/SRL_SIG_reg[1][22]/D
                            (rising edge-triggered cell FDRE clocked by ap_clk  {rise@0.000ns fall@2.500ns period=5.000ns})
  Path Group:             ap_clk
  Path Type:              Hold (Min at Fast Process Corner)
  Requirement:            0.000ns  (ap_clk rise@0.000ns - ap_clk rise@0.000ns)
  Data Path Delay:        0.199ns  (logic 0.141ns (70.953%)  route 0.058ns (29.047%))
  Logic Levels:           0  
  Clock Path Skew:        0.022ns (DCD - SCD - CPR)
    Destination Clock Delay (DCD):    0.432ns
    Source Clock Delay      (SCD):    0.410ns
    Clock Pessimism Removal (CPR):    -0.000ns

    Location             Delay type                Incr(ns)  Path(ns)    Netlist Resource(s)
  -------------------------------------------------------------------    -------------------
                         (clock ap_clk rise edge)     0.000     0.000 r  
                                                      0.000     0.000 r  ap_clk (IN)
                         net (fo=527, unset)          0.410     0.410    bd_0_i/hls_inst/inst/dwordstrm_out_V_U/U_fifo_w32_d2_A_ram/ap_clk
    SLICE_X48Y88         FDRE                                         r  bd_0_i/hls_inst/inst/dwordstrm_out_V_U/U_fifo_w32_d2_A_ram/SRL_SIG_reg[0][22]/C
  -------------------------------------------------------------------    -------------------
    SLICE_X48Y88         FDRE (Prop_fdre_C_Q)         0.141     0.551 r  bd_0_i/hls_inst/inst/dwordstrm_out_V_U/U_fifo_w32_d2_A_ram/SRL_SIG_reg[0][22]/Q
                         net (fo=2, routed)           0.058     0.609    bd_0_i/hls_inst/inst/dwordstrm_out_V_U/U_fifo_w32_d2_A_ram/SRL_SIG_reg_n_0_[0][22]
    SLICE_X48Y88         FDRE                                         r  bd_0_i/hls_inst/inst/dwordstrm_out_V_U/U_fifo_w32_d2_A_ram/SRL_SIG_reg[1][22]/D
  -------------------------------------------------------------------    -------------------

                         (clock ap_clk rise edge)     0.000     0.000 r  
                                                      0.000     0.000 r  ap_clk (IN)
                         net (fo=527, unset)          0.432     0.432    bd_0_i/hls_inst/inst/dwordstrm_out_V_U/U_fifo_w32_d2_A_ram/ap_clk
    SLICE_X48Y88         FDRE                                         r  bd_0_i/hls_inst/inst/dwordstrm_out_V_U/U_fifo_w32_d2_A_ram/SRL_SIG_reg[1][22]/C
                         clock pessimism              0.000     0.432    
    SLICE_X48Y88         FDRE (Hold_fdre_C_D)         0.071     0.503    bd_0_i/hls_inst/inst/dwordstrm_out_V_U/U_fifo_w32_d2_A_ram/SRL_SIG_reg[1][22]
  -------------------------------------------------------------------
                         required time                         -0.503    
                         arrival time                           0.609    
  -------------------------------------------------------------------
                         slack                                  0.106    

Slack (MET) :             0.106ns  (arrival time - required time)
  Source:                 bd_0_i/hls_inst/inst/strm_len_c2_U/U_fifo_w16_d2_A_ram/SRL_SIG_reg[0][3]/C
                            (rising edge-triggered cell FDRE clocked by ap_clk  {rise@0.000ns fall@2.500ns period=5.000ns})
  Destination:            bd_0_i/hls_inst/inst/strm_len_c2_U/U_fifo_w16_d2_A_ram/SRL_SIG_reg[1][3]/D
                            (rising edge-triggered cell FDRE clocked by ap_clk  {rise@0.000ns fall@2.500ns period=5.000ns})
  Path Group:             ap_clk
  Path Type:              Hold (Min at Fast Process Corner)
  Requirement:            0.000ns  (ap_clk rise@0.000ns - ap_clk rise@0.000ns)
  Data Path Delay:        0.199ns  (logic 0.141ns (70.953%)  route 0.058ns (29.047%))
  Logic Levels:           0  
  Clock Path Skew:        0.022ns (DCD - SCD - CPR)
    Destination Clock Delay (DCD):    0.432ns
    Source Clock Delay      (SCD):    0.410ns
    Clock Pessimism Removal (CPR):    -0.000ns

    Location             Delay type                Incr(ns)  Path(ns)    Netlist Resource(s)
  -------------------------------------------------------------------    -------------------
                         (clock ap_clk rise edge)     0.000     0.000 r  
                                                      0.000     0.000 r  ap_clk (IN)
                         net (fo=527, unset)          0.410     0.410    bd_0_i/hls_inst/inst/strm_len_c2_U/U_fifo_w16_d2_A_ram/ap_clk
    SLICE_X40Y84         FDRE                                         r  bd_0_i/hls_inst/inst/strm_len_c2_U/U_fifo_w16_d2_A_ram/SRL_SIG_reg[0][3]/C
  -------------------------------------------------------------------    -------------------
    SLICE_X40Y84         FDRE (Prop_fdre_C_Q)         0.141     0.551 r  bd_0_i/hls_inst/inst/strm_len_c2_U/U_fifo_w16_d2_A_ram/SRL_SIG_reg[0][3]/Q
                         net (fo=2, routed)           0.058     0.609    bd_0_i/hls_inst/inst/strm_len_c2_U/U_fifo_w16_d2_A_ram/SRL_SIG_reg_n_0_[0][3]
    SLICE_X40Y84         FDRE                                         r  bd_0_i/hls_inst/inst/strm_len_c2_U/U_fifo_w16_d2_A_ram/SRL_SIG_reg[1][3]/D
  -------------------------------------------------------------------    -------------------

                         (clock ap_clk rise edge)     0.000     0.000 r  
                                                      0.000     0.000 r  ap_clk (IN)
                         net (fo=527, unset)          0.432     0.432    bd_0_i/hls_inst/inst/strm_len_c2_U/U_fifo_w16_d2_A_ram/ap_clk
    SLICE_X40Y84         FDRE                                         r  bd_0_i/hls_inst/inst/strm_len_c2_U/U_fifo_w16_d2_A_ram/SRL_SIG_reg[1][3]/C
                         clock pessimism              0.000     0.432    
    SLICE_X40Y84         FDRE (Hold_fdre_C_D)         0.071     0.503    bd_0_i/hls_inst/inst/strm_len_c2_U/U_fifo_w16_d2_A_ram/SRL_SIG_reg[1][3]
  -------------------------------------------------------------------
                         required time                         -0.503    
                         arrival time                           0.609    
  -------------------------------------------------------------------
                         slack                                  0.106    

Slack (MET) :             0.109ns  (arrival time - required time)
  Source:                 bd_0_i/hls_inst/inst/strm_bytes2words_U0/r_V_reg_105_reg[16]/C
                            (rising edge-triggered cell FDRE clocked by ap_clk  {rise@0.000ns fall@2.500ns period=5.000ns})
  Destination:            bd_0_i/hls_inst/inst/strm_bytes2words_U0/r_V_reg_105_reg[8]/D
                            (rising edge-triggered cell FDRE clocked by ap_clk  {rise@0.000ns fall@2.500ns period=5.000ns})
  Path Group:             ap_clk
  Path Type:              Hold (Min at Fast Process Corner)
  Requirement:            0.000ns  (ap_clk rise@0.000ns - ap_clk rise@0.000ns)
  Data Path Delay:        0.209ns  (logic 0.141ns (67.454%)  route 0.068ns (32.546%))
  Logic Levels:           0  
  Clock Path Skew:        0.022ns (DCD - SCD - CPR)
    Destination Clock Delay (DCD):    0.432ns
    Source Clock Delay      (SCD):    0.410ns
    Clock Pessimism Removal (CPR):    -0.000ns

    Location             Delay type                Incr(ns)  Path(ns)    Netlist Resource(s)
  -------------------------------------------------------------------    -------------------
                         (clock ap_clk rise edge)     0.000     0.000 r  
                                                      0.000     0.000 r  ap_clk (IN)
                         net (fo=527, unset)          0.410     0.410    bd_0_i/hls_inst/inst/strm_bytes2words_U0/ap_clk
    SLICE_X45Y87         FDRE                                         r  bd_0_i/hls_inst/inst/strm_bytes2words_U0/r_V_reg_105_reg[16]/C
  -------------------------------------------------------------------    -------------------
    SLICE_X45Y87         FDRE (Prop_fdre_C_Q)         0.141     0.551 r  bd_0_i/hls_inst/inst/strm_bytes2words_U0/r_V_reg_105_reg[16]/Q
                         net (fo=2, routed)           0.068     0.619    bd_0_i/hls_inst/inst/strm_bytes2words_U0/in[16]
    SLICE_X45Y87         FDRE                                         r  bd_0_i/hls_inst/inst/strm_bytes2words_U0/r_V_reg_105_reg[8]/D
  -------------------------------------------------------------------    -------------------

                         (clock ap_clk rise edge)     0.000     0.000 r  
                                                      0.000     0.000 r  ap_clk (IN)
                         net (fo=527, unset)          0.432     0.432    bd_0_i/hls_inst/inst/strm_bytes2words_U0/ap_clk
    SLICE_X45Y87         FDRE                                         r  bd_0_i/hls_inst/inst/strm_bytes2words_U0/r_V_reg_105_reg[8]/C
                         clock pessimism              0.000     0.432    
    SLICE_X45Y87         FDRE (Hold_fdre_C_D)         0.078     0.510    bd_0_i/hls_inst/inst/strm_bytes2words_U0/r_V_reg_105_reg[8]
  -------------------------------------------------------------------
                         required time                         -0.510    
                         arrival time                           0.619    
  -------------------------------------------------------------------
                         slack                                  0.109    

Slack (MET) :             0.110ns  (arrival time - required time)
  Source:                 bd_0_i/hls_inst/inst/dwordstrm_out_V_U/U_fifo_w32_d2_A_ram/SRL_SIG_reg[0][23]/C
                            (rising edge-triggered cell FDRE clocked by ap_clk  {rise@0.000ns fall@2.500ns period=5.000ns})
  Destination:            bd_0_i/hls_inst/inst/dwordstrm_out_V_U/U_fifo_w32_d2_A_ram/SRL_SIG_reg[1][23]/D
                            (rising edge-triggered cell FDRE clocked by ap_clk  {rise@0.000ns fall@2.500ns period=5.000ns})
  Path Group:             ap_clk
  Path Type:              Hold (Min at Fast Process Corner)
  Requirement:            0.000ns  (ap_clk rise@0.000ns - ap_clk rise@0.000ns)
  Data Path Delay:        0.206ns  (logic 0.141ns (68.336%)  route 0.065ns (31.664%))
  Logic Levels:           0  
  Clock Path Skew:        0.022ns (DCD - SCD - CPR)
    Destination Clock Delay (DCD):    0.432ns
    Source Clock Delay      (SCD):    0.410ns
    Clock Pessimism Removal (CPR):    -0.000ns

    Location             Delay type                Incr(ns)  Path(ns)    Netlist Resource(s)
  -------------------------------------------------------------------    -------------------
                         (clock ap_clk rise edge)     0.000     0.000 r  
                                                      0.000     0.000 r  ap_clk (IN)
                         net (fo=527, unset)          0.410     0.410    bd_0_i/hls_inst/inst/dwordstrm_out_V_U/U_fifo_w32_d2_A_ram/ap_clk
    SLICE_X48Y89         FDRE                                         r  bd_0_i/hls_inst/inst/dwordstrm_out_V_U/U_fifo_w32_d2_A_ram/SRL_SIG_reg[0][23]/C
  -------------------------------------------------------------------    -------------------
    SLICE_X48Y89         FDRE (Prop_fdre_C_Q)         0.141     0.551 r  bd_0_i/hls_inst/inst/dwordstrm_out_V_U/U_fifo_w32_d2_A_ram/SRL_SIG_reg[0][23]/Q
                         net (fo=2, routed)           0.065     0.616    bd_0_i/hls_inst/inst/dwordstrm_out_V_U/U_fifo_w32_d2_A_ram/SRL_SIG_reg_n_0_[0][23]
    SLICE_X48Y89         FDRE                                         r  bd_0_i/hls_inst/inst/dwordstrm_out_V_U/U_fifo_w32_d2_A_ram/SRL_SIG_reg[1][23]/D
  -------------------------------------------------------------------    -------------------

                         (clock ap_clk rise edge)     0.000     0.000 r  
                                                      0.000     0.000 r  ap_clk (IN)
                         net (fo=527, unset)          0.432     0.432    bd_0_i/hls_inst/inst/dwordstrm_out_V_U/U_fifo_w32_d2_A_ram/ap_clk
    SLICE_X48Y89         FDRE                                         r  bd_0_i/hls_inst/inst/dwordstrm_out_V_U/U_fifo_w32_d2_A_ram/SRL_SIG_reg[1][23]/C
                         clock pessimism              0.000     0.432    
    SLICE_X48Y89         FDRE (Hold_fdre_C_D)         0.075     0.507    bd_0_i/hls_inst/inst/dwordstrm_out_V_U/U_fifo_w32_d2_A_ram/SRL_SIG_reg[1][23]
  -------------------------------------------------------------------
                         required time                         -0.507    
                         arrival time                           0.616    
  -------------------------------------------------------------------
                         slack                                  0.110    

Slack (MET) :             0.112ns  (arrival time - required time)
  Source:                 bd_0_i/hls_inst/inst/strm_bytes2words_U0/r_V_reg_105_reg[14]/C
                            (rising edge-triggered cell FDRE clocked by ap_clk  {rise@0.000ns fall@2.500ns period=5.000ns})
  Destination:            bd_0_i/hls_inst/inst/strm_bytes2words_U0/r_V_reg_105_reg[6]/D
                            (rising edge-triggered cell FDRE clocked by ap_clk  {rise@0.000ns fall@2.500ns period=5.000ns})
  Path Group:             ap_clk
  Path Type:              Hold (Min at Fast Process Corner)
  Requirement:            0.000ns  (ap_clk rise@0.000ns - ap_clk rise@0.000ns)
  Data Path Delay:        0.209ns  (logic 0.141ns (67.433%)  route 0.068ns (32.567%))
  Logic Levels:           0  
  Clock Path Skew:        0.022ns (DCD - SCD - CPR)
    Destination Clock Delay (DCD):    0.432ns
    Source Clock Delay      (SCD):    0.410ns
    Clock Pessimism Removal (CPR):    -0.000ns

    Location             Delay type                Incr(ns)  Path(ns)    Netlist Resource(s)
  -------------------------------------------------------------------    -------------------
                         (clock ap_clk rise edge)     0.000     0.000 r  
                                                      0.000     0.000 r  ap_clk (IN)
                         net (fo=527, unset)          0.410     0.410    bd_0_i/hls_inst/inst/strm_bytes2words_U0/ap_clk
    SLICE_X45Y87         FDRE                                         r  bd_0_i/hls_inst/inst/strm_bytes2words_U0/r_V_reg_105_reg[14]/C
  -------------------------------------------------------------------    -------------------
    SLICE_X45Y87         FDRE (Prop_fdre_C_Q)         0.141     0.551 r  bd_0_i/hls_inst/inst/strm_bytes2words_U0/r_V_reg_105_reg[14]/Q
                         net (fo=2, routed)           0.068     0.619    bd_0_i/hls_inst/inst/strm_bytes2words_U0/in[14]
    SLICE_X45Y87         FDRE                                         r  bd_0_i/hls_inst/inst/strm_bytes2words_U0/r_V_reg_105_reg[6]/D
  -------------------------------------------------------------------    -------------------

                         (clock ap_clk rise edge)     0.000     0.000 r  
                                                      0.000     0.000 r  ap_clk (IN)
                         net (fo=527, unset)          0.432     0.432    bd_0_i/hls_inst/inst/strm_bytes2words_U0/ap_clk
    SLICE_X45Y87         FDRE                                         r  bd_0_i/hls_inst/inst/strm_bytes2words_U0/r_V_reg_105_reg[6]/C
                         clock pessimism              0.000     0.432    
    SLICE_X45Y87         FDRE (Hold_fdre_C_D)         0.076     0.508    bd_0_i/hls_inst/inst/strm_bytes2words_U0/r_V_reg_105_reg[6]
  -------------------------------------------------------------------
                         required time                         -0.508    
                         arrival time                           0.619    
  -------------------------------------------------------------------
                         slack                                  0.112    

Slack (MET) :             0.113ns  (arrival time - required time)
  Source:                 bd_0_i/hls_inst/inst/dwordstrm_out_V_U/U_fifo_w32_d2_A_ram/SRL_SIG_reg[0][17]/C
                            (rising edge-triggered cell FDRE clocked by ap_clk  {rise@0.000ns fall@2.500ns period=5.000ns})
  Destination:            bd_0_i/hls_inst/inst/dwordstrm_out_V_U/U_fifo_w32_d2_A_ram/SRL_SIG_reg[1][17]/D
                            (rising edge-triggered cell FDRE clocked by ap_clk  {rise@0.000ns fall@2.500ns period=5.000ns})
  Path Group:             ap_clk
  Path Type:              Hold (Min at Fast Process Corner)
  Requirement:            0.000ns  (ap_clk rise@0.000ns - ap_clk rise@0.000ns)
  Data Path Delay:        0.211ns  (logic 0.141ns (66.871%)  route 0.070ns (33.129%))
  Logic Levels:           0  
  Clock Path Skew:        0.022ns (DCD - SCD - CPR)
    Destination Clock Delay (DCD):    0.432ns
    Source Clock Delay      (SCD):    0.410ns
    Clock Pessimism Removal (CPR):    -0.000ns

    Location             Delay type                Incr(ns)  Path(ns)    Netlist Resource(s)
  -------------------------------------------------------------------    -------------------
                         (clock ap_clk rise edge)     0.000     0.000 r  
                                                      0.000     0.000 r  ap_clk (IN)
                         net (fo=527, unset)          0.410     0.410    bd_0_i/hls_inst/inst/dwordstrm_out_V_U/U_fifo_w32_d2_A_ram/ap_clk
    SLICE_X48Y86         FDRE                                         r  bd_0_i/hls_inst/inst/dwordstrm_out_V_U/U_fifo_w32_d2_A_ram/SRL_SIG_reg[0][17]/C
  -------------------------------------------------------------------    -------------------
    SLICE_X48Y86         FDRE (Prop_fdre_C_Q)         0.141     0.551 r  bd_0_i/hls_inst/inst/dwordstrm_out_V_U/U_fifo_w32_d2_A_ram/SRL_SIG_reg[0][17]/Q
                         net (fo=2, routed)           0.070     0.621    bd_0_i/hls_inst/inst/dwordstrm_out_V_U/U_fifo_w32_d2_A_ram/SRL_SIG_reg_n_0_[0][17]
    SLICE_X48Y86         FDRE                                         r  bd_0_i/hls_inst/inst/dwordstrm_out_V_U/U_fifo_w32_d2_A_ram/SRL_SIG_reg[1][17]/D
  -------------------------------------------------------------------    -------------------

                         (clock ap_clk rise edge)     0.000     0.000 r  
                                                      0.000     0.000 r  ap_clk (IN)
                         net (fo=527, unset)          0.432     0.432    bd_0_i/hls_inst/inst/dwordstrm_out_V_U/U_fifo_w32_d2_A_ram/ap_clk
    SLICE_X48Y86         FDRE                                         r  bd_0_i/hls_inst/inst/dwordstrm_out_V_U/U_fifo_w32_d2_A_ram/SRL_SIG_reg[1][17]/C
                         clock pessimism              0.000     0.432    
    SLICE_X48Y86         FDRE (Hold_fdre_C_D)         0.076     0.508    bd_0_i/hls_inst/inst/dwordstrm_out_V_U/U_fifo_w32_d2_A_ram/SRL_SIG_reg[1][17]
  -------------------------------------------------------------------
                         required time                         -0.508    
                         arrival time                           0.621    
  -------------------------------------------------------------------
                         slack                                  0.113    

Slack (MET) :             0.113ns  (arrival time - required time)
  Source:                 bd_0_i/hls_inst/inst/dwordstrm_out_V_U/U_fifo_w32_d2_A_ram/SRL_SIG_reg[0][30]/C
                            (rising edge-triggered cell FDRE clocked by ap_clk  {rise@0.000ns fall@2.500ns period=5.000ns})
  Destination:            bd_0_i/hls_inst/inst/dwordstrm_out_V_U/U_fifo_w32_d2_A_ram/SRL_SIG_reg[1][30]/D
                            (rising edge-triggered cell FDRE clocked by ap_clk  {rise@0.000ns fall@2.500ns period=5.000ns})
  Path Group:             ap_clk
  Path Type:              Hold (Min at Fast Process Corner)
  Requirement:            0.000ns  (ap_clk rise@0.000ns - ap_clk rise@0.000ns)
  Data Path Delay:        0.211ns  (logic 0.141ns (66.871%)  route 0.070ns (33.129%))
  Logic Levels:           0  
  Clock Path Skew:        0.022ns (DCD - SCD - CPR)
    Destination Clock Delay (DCD):    0.432ns
    Source Clock Delay      (SCD):    0.410ns
    Clock Pessimism Removal (CPR):    -0.000ns

    Location             Delay type                Incr(ns)  Path(ns)    Netlist Resource(s)
  -------------------------------------------------------------------    -------------------
                         (clock ap_clk rise edge)     0.000     0.000 r  
                                                      0.000     0.000 r  ap_clk (IN)
                         net (fo=527, unset)          0.410     0.410    bd_0_i/hls_inst/inst/dwordstrm_out_V_U/U_fifo_w32_d2_A_ram/ap_clk
    SLICE_X48Y89         FDRE                                         r  bd_0_i/hls_inst/inst/dwordstrm_out_V_U/U_fifo_w32_d2_A_ram/SRL_SIG_reg[0][30]/C
  -------------------------------------------------------------------    -------------------
    SLICE_X48Y89         FDRE (Prop_fdre_C_Q)         0.141     0.551 r  bd_0_i/hls_inst/inst/dwordstrm_out_V_U/U_fifo_w32_d2_A_ram/SRL_SIG_reg[0][30]/Q
                         net (fo=2, routed)           0.070     0.621    bd_0_i/hls_inst/inst/dwordstrm_out_V_U/U_fifo_w32_d2_A_ram/SRL_SIG_reg_n_0_[0][30]
    SLICE_X48Y89         FDRE                                         r  bd_0_i/hls_inst/inst/dwordstrm_out_V_U/U_fifo_w32_d2_A_ram/SRL_SIG_reg[1][30]/D
  -------------------------------------------------------------------    -------------------

                         (clock ap_clk rise edge)     0.000     0.000 r  
                                                      0.000     0.000 r  ap_clk (IN)
                         net (fo=527, unset)          0.432     0.432    bd_0_i/hls_inst/inst/dwordstrm_out_V_U/U_fifo_w32_d2_A_ram/ap_clk
    SLICE_X48Y89         FDRE                                         r  bd_0_i/hls_inst/inst/dwordstrm_out_V_U/U_fifo_w32_d2_A_ram/SRL_SIG_reg[1][30]/C
                         clock pessimism              0.000     0.432    
    SLICE_X48Y89         FDRE (Hold_fdre_C_D)         0.076     0.508    bd_0_i/hls_inst/inst/dwordstrm_out_V_U/U_fifo_w32_d2_A_ram/SRL_SIG_reg[1][30]
  -------------------------------------------------------------------
                         required time                         -0.508    
                         arrival time                           0.621    
  -------------------------------------------------------------------
                         slack                                  0.113    

Slack (MET) :             0.114ns  (arrival time - required time)
  Source:                 bd_0_i/hls_inst/inst/dwordstrm_out_V_U/U_fifo_w32_d2_A_ram/SRL_SIG_reg[0][24]/C
                            (rising edge-triggered cell FDRE clocked by ap_clk  {rise@0.000ns fall@2.500ns period=5.000ns})
  Destination:            bd_0_i/hls_inst/inst/dwordstrm_out_V_U/U_fifo_w32_d2_A_ram/SRL_SIG_reg[1][24]/D
                            (rising edge-triggered cell FDRE clocked by ap_clk  {rise@0.000ns fall@2.500ns period=5.000ns})
  Path Group:             ap_clk
  Path Type:              Hold (Min at Fast Process Corner)
  Requirement:            0.000ns  (ap_clk rise@0.000ns - ap_clk rise@0.000ns)
  Data Path Delay:        0.214ns  (logic 0.141ns (65.958%)  route 0.073ns (34.042%))
  Logic Levels:           0  
  Clock Path Skew:        0.022ns (DCD - SCD - CPR)
    Destination Clock Delay (DCD):    0.432ns
    Source Clock Delay      (SCD):    0.410ns
    Clock Pessimism Removal (CPR):    -0.000ns

    Location             Delay type                Incr(ns)  Path(ns)    Netlist Resource(s)
  -------------------------------------------------------------------    -------------------
                         (clock ap_clk rise edge)     0.000     0.000 r  
                                                      0.000     0.000 r  ap_clk (IN)
                         net (fo=527, unset)          0.410     0.410    bd_0_i/hls_inst/inst/dwordstrm_out_V_U/U_fifo_w32_d2_A_ram/ap_clk
    SLICE_X48Y86         FDRE                                         r  bd_0_i/hls_inst/inst/dwordstrm_out_V_U/U_fifo_w32_d2_A_ram/SRL_SIG_reg[0][24]/C
  -------------------------------------------------------------------    -------------------
    SLICE_X48Y86         FDRE (Prop_fdre_C_Q)         0.141     0.551 r  bd_0_i/hls_inst/inst/dwordstrm_out_V_U/U_fifo_w32_d2_A_ram/SRL_SIG_reg[0][24]/Q
                         net (fo=2, routed)           0.073     0.624    bd_0_i/hls_inst/inst/dwordstrm_out_V_U/U_fifo_w32_d2_A_ram/SRL_SIG_reg_n_0_[0][24]
    SLICE_X48Y86         FDRE                                         r  bd_0_i/hls_inst/inst/dwordstrm_out_V_U/U_fifo_w32_d2_A_ram/SRL_SIG_reg[1][24]/D
  -------------------------------------------------------------------    -------------------

                         (clock ap_clk rise edge)     0.000     0.000 r  
                                                      0.000     0.000 r  ap_clk (IN)
                         net (fo=527, unset)          0.432     0.432    bd_0_i/hls_inst/inst/dwordstrm_out_V_U/U_fifo_w32_d2_A_ram/ap_clk
    SLICE_X48Y86         FDRE                                         r  bd_0_i/hls_inst/inst/dwordstrm_out_V_U/U_fifo_w32_d2_A_ram/SRL_SIG_reg[1][24]/C
                         clock pessimism              0.000     0.432    
    SLICE_X48Y86         FDRE (Hold_fdre_C_D)         0.078     0.510    bd_0_i/hls_inst/inst/dwordstrm_out_V_U/U_fifo_w32_d2_A_ram/SRL_SIG_reg[1][24]
  -------------------------------------------------------------------
                         required time                         -0.510    
                         arrival time                           0.624    
  -------------------------------------------------------------------
                         slack                                  0.114    





Pulse Width Checks
--------------------------------------------------------------------------------------
Clock Name:         ap_clk
Waveform(ns):       { 0.000 2.500 }
Period(ns):         5.000
Sources:            { ap_clk }

Check Type        Corner  Lib Pin     Reference Pin  Required(ns)  Actual(ns)  Slack(ns)  Location      Pin
Min Period        n/a     FDRE/C      n/a            1.000         5.000       4.000      SLICE_X36Y89  bd_0_i/hls_inst/inst/Block_proc_U0/ap_done_reg_reg/C
Min Period        n/a     FDRE/C      n/a            1.000         5.000       4.000      SLICE_X39Y87  bd_0_i/hls_inst/inst/Block_proc_U0/ap_return_preg_reg[10]/C
Min Period        n/a     FDRE/C      n/a            1.000         5.000       4.000      SLICE_X42Y86  bd_0_i/hls_inst/inst/Block_proc_U0/ap_return_preg_reg[11]/C
Min Period        n/a     FDRE/C      n/a            1.000         5.000       4.000      SLICE_X41Y89  bd_0_i/hls_inst/inst/Block_proc_U0/ap_return_preg_reg[12]/C
Min Period        n/a     FDRE/C      n/a            1.000         5.000       4.000      SLICE_X38Y89  bd_0_i/hls_inst/inst/Block_proc_U0/ap_return_preg_reg[13]/C
Min Period        n/a     FDRE/C      n/a            1.000         5.000       4.000      SLICE_X39Y84  bd_0_i/hls_inst/inst/Block_proc_U0/ap_return_preg_reg[2]/C
Min Period        n/a     FDRE/C      n/a            1.000         5.000       4.000      SLICE_X42Y86  bd_0_i/hls_inst/inst/Block_proc_U0/ap_return_preg_reg[3]/C
Min Period        n/a     FDRE/C      n/a            1.000         5.000       4.000      SLICE_X41Y88  bd_0_i/hls_inst/inst/Block_proc_U0/ap_return_preg_reg[4]/C
Min Period        n/a     FDRE/C      n/a            1.000         5.000       4.000      SLICE_X42Y86  bd_0_i/hls_inst/inst/Block_proc_U0/ap_return_preg_reg[5]/C
Min Period        n/a     FDRE/C      n/a            1.000         5.000       4.000      SLICE_X39Y84  bd_0_i/hls_inst/inst/Block_proc_U0/ap_return_preg_reg[6]/C
Low Pulse Width   Slow    SRL16E/CLK  n/a            0.980         2.500       1.520      SLICE_X42Y89  bd_0_i/hls_inst/inst/dwordstrm_in_V_U/U_fifo_w32_d4_A_ram/SRL_SIG_reg[3][28]_srl4/CLK
Low Pulse Width   Slow    SRL16E/CLK  n/a            0.980         2.500       1.520      SLICE_X42Y89  bd_0_i/hls_inst/inst/dwordstrm_in_V_U/U_fifo_w32_d4_A_ram/SRL_SIG_reg[3][29]_srl4/CLK
Low Pulse Width   Slow    SRL16E/CLK  n/a            0.980         2.500       1.520      SLICE_X42Y84  bd_0_i/hls_inst/inst/dwordstrm_in_V_U/U_fifo_w32_d4_A_ram/SRL_SIG_reg[3][2]_srl4/CLK
Low Pulse Width   Slow    SRL16E/CLK  n/a            0.980         2.500       1.520      SLICE_X42Y89  bd_0_i/hls_inst/inst/dwordstrm_in_V_U/U_fifo_w32_d4_A_ram/SRL_SIG_reg[3][30]_srl4/CLK
Low Pulse Width   Slow    SRL16E/CLK  n/a            0.980         2.500       1.520      SLICE_X42Y89  bd_0_i/hls_inst/inst/dwordstrm_in_V_U/U_fifo_w32_d4_A_ram/SRL_SIG_reg[3][31]_srl4/CLK
Low Pulse Width   Slow    SRL16E/CLK  n/a            0.980         2.500       1.520      SLICE_X42Y84  bd_0_i/hls_inst/inst/dwordstrm_in_V_U/U_fifo_w32_d4_A_ram/SRL_SIG_reg[3][3]_srl4/CLK
Low Pulse Width   Slow    SRL16E/CLK  n/a            0.980         2.500       1.520      SLICE_X42Y84  bd_0_i/hls_inst/inst/dwordstrm_in_V_U/U_fifo_w32_d4_A_ram/SRL_SIG_reg[3][4]_srl4/CLK
Low Pulse Width   Slow    SRL16E/CLK  n/a            0.980         2.500       1.520      SLICE_X42Y84  bd_0_i/hls_inst/inst/dwordstrm_in_V_U/U_fifo_w32_d4_A_ram/SRL_SIG_reg[3][5]_srl4/CLK
Low Pulse Width   Slow    SRL16E/CLK  n/a            0.980         2.500       1.520      SLICE_X42Y84  bd_0_i/hls_inst/inst/dwordstrm_in_V_U/U_fifo_w32_d4_A_ram/SRL_SIG_reg[3][6]_srl4/CLK
Low Pulse Width   Slow    SRL16E/CLK  n/a            0.980         2.500       1.520      SLICE_X42Y84  bd_0_i/hls_inst/inst/dwordstrm_in_V_U/U_fifo_w32_d4_A_ram/SRL_SIG_reg[3][7]_srl4/CLK
High Pulse Width  Slow    SRL16E/CLK  n/a            0.980         2.500       1.520      SLICE_X42Y89  bd_0_i/hls_inst/inst/dwordstrm_in_V_U/U_fifo_w32_d4_A_ram/SRL_SIG_reg[3][28]_srl4/CLK
High Pulse Width  Fast    SRL16E/CLK  n/a            0.980         2.500       1.520      SLICE_X42Y89  bd_0_i/hls_inst/inst/dwordstrm_in_V_U/U_fifo_w32_d4_A_ram/SRL_SIG_reg[3][28]_srl4/CLK
High Pulse Width  Slow    SRL16E/CLK  n/a            0.980         2.500       1.520      SLICE_X42Y89  bd_0_i/hls_inst/inst/dwordstrm_in_V_U/U_fifo_w32_d4_A_ram/SRL_SIG_reg[3][29]_srl4/CLK
High Pulse Width  Fast    SRL16E/CLK  n/a            0.980         2.500       1.520      SLICE_X42Y89  bd_0_i/hls_inst/inst/dwordstrm_in_V_U/U_fifo_w32_d4_A_ram/SRL_SIG_reg[3][29]_srl4/CLK
High Pulse Width  Slow    SRL16E/CLK  n/a            0.980         2.500       1.520      SLICE_X42Y84  bd_0_i/hls_inst/inst/dwordstrm_in_V_U/U_fifo_w32_d4_A_ram/SRL_SIG_reg[3][2]_srl4/CLK
High Pulse Width  Fast    SRL16E/CLK  n/a            0.980         2.500       1.520      SLICE_X42Y84  bd_0_i/hls_inst/inst/dwordstrm_in_V_U/U_fifo_w32_d4_A_ram/SRL_SIG_reg[3][2]_srl4/CLK
High Pulse Width  Slow    SRL16E/CLK  n/a            0.980         2.500       1.520      SLICE_X42Y89  bd_0_i/hls_inst/inst/dwordstrm_in_V_U/U_fifo_w32_d4_A_ram/SRL_SIG_reg[3][30]_srl4/CLK
High Pulse Width  Fast    SRL16E/CLK  n/a            0.980         2.500       1.520      SLICE_X42Y89  bd_0_i/hls_inst/inst/dwordstrm_in_V_U/U_fifo_w32_d4_A_ram/SRL_SIG_reg[3][30]_srl4/CLK
High Pulse Width  Slow    SRL16E/CLK  n/a            0.980         2.500       1.520      SLICE_X42Y89  bd_0_i/hls_inst/inst/dwordstrm_in_V_U/U_fifo_w32_d4_A_ram/SRL_SIG_reg[3][31]_srl4/CLK
High Pulse Width  Fast    SRL16E/CLK  n/a            0.980         2.500       1.520      SLICE_X42Y89  bd_0_i/hls_inst/inst/dwordstrm_in_V_U/U_fifo_w32_d4_A_ram/SRL_SIG_reg[3][31]_srl4/CLK



