

================================================================
== Vivado HLS Report for 'sum_io'
================================================================
* Date:           Wed Jun  5 12:00:41 2019

* Version:        2018.3.1 (Build 2489210 on Tue Mar 26 04:40:43 MDT 2019)
* Project:        proj_sum_io
* Solution:       solution1
* Product family: zynq
* Target device:  xc7z020clg484-1


================================================================
== Performance Estimates
================================================================
+ Timing (ns): 
    * Summary: 
    +--------+-------+----------+------------+
    |  Clock | Target| Estimated| Uncertainty|
    +--------+-------+----------+------------+
    |ap_clk  |   4.00|     2.552|        0.50|
    +--------+-------+----------+------------+

+ Latency (clock cycles): 
    * Summary: 
    +-----+-----+-----+-----+---------+
    |  Latency  |  Interval | Pipeline|
    | min | max | min | max |   Type  |
    +-----+-----+-----+-----+---------+
    |    1|    1|    1|    1|   none  |
    +-----+-----+-----+-----+---------+

    + Detail: 
        * Instance: 
        N/A

        * Loop: 
        N/A



================================================================
== Utilization Estimates
================================================================
* Summary: 
+-----------------+---------+-------+--------+-------+
|       Name      | BRAM_18K| DSP48E|   FF   |  LUT  |
+-----------------+---------+-------+--------+-------+
|DSP              |        -|      -|       -|      -|
|Expression       |        -|      -|       0|     78|
|FIFO             |        -|      -|       -|      -|
|Instance         |        -|      -|       -|      -|
|Memory           |        -|      -|       -|      -|
|Multiplexer      |        -|      -|       -|     15|
|Register         |        -|      -|      34|      -|
+-----------------+---------+-------+--------+-------+
|Total            |        0|      0|      34|     93|
+-----------------+---------+-------+--------+-------+
|Available        |      280|    220|  106400|  53200|
+-----------------+---------+-------+--------+-------+
|Utilization (%)  |        0|      0|   ~0   |   ~0  |
+-----------------+---------+-------+--------+-------+

+ Detail: 
    * Instance: 
    N/A

    * DSP48: 
    N/A

    * Memory: 
    N/A

    * FIFO: 
    N/A

    * Expression: 
    +---------------+----------+-------+---+----+------------+------------+
    | Variable Name | Operation| DSP48E| FF| LUT| Bitwidth P0| Bitwidth P1|
    +---------------+----------+-------+---+----+------------+------------+
    |sum_o          |     +    |      0|  0|  39|          32|          32|
    |temp_fu_45_p2  |     +    |      0|  0|  39|          32|          32|
    +---------------+----------+-------+---+----+------------+------------+
    |Total          |          |      0|  0|  78|          64|          64|
    +---------------+----------+-------+---+----+------------+------------+

    * Multiplexer: 
    +-----------+----+-----------+-----+-----------+
    |    Name   | LUT| Input Size| Bits| Total Bits|
    +-----------+----+-----------+-----+-----------+
    |ap_NS_fsm  |  15|          3|    1|          3|
    +-----------+----+-----------+-----+-----------+
    |Total      |  15|          3|    1|          3|
    +-----------+----+-----------+-----+-----------+

    * Register: 
    +-------------+----+----+-----+-----------+
    |     Name    | FF | LUT| Bits| Const Bits|
    +-------------+----+----+-----+-----------+
    |ap_CS_fsm    |   2|   0|    2|          0|
    |temp_reg_57  |  32|   0|   32|          0|
    +-------------+----+----+-----+-----------+
    |Total        |  34|   0|   34|          0|
    +-------------+----+----+-----+-----------+



================================================================
== Interface
================================================================
* Summary: 
+--------------+-----+-----+------------+--------------+--------------+
|   RTL Ports  | Dir | Bits|  Protocol  | Source Object|    C Type    |
+--------------+-----+-----+------------+--------------+--------------+
|ap_clk        |  in |    1| ap_ctrl_hs |    sum_io    | return value |
|ap_rst        |  in |    1| ap_ctrl_hs |    sum_io    | return value |
|ap_start      |  in |    1| ap_ctrl_hs |    sum_io    | return value |
|ap_done       | out |    1| ap_ctrl_hs |    sum_io    | return value |
|ap_idle       | out |    1| ap_ctrl_hs |    sum_io    | return value |
|ap_ready      | out |    1| ap_ctrl_hs |    sum_io    | return value |
|ap_return     | out |   32| ap_ctrl_hs |    sum_io    | return value |
|in1           |  in |   32|   ap_none  |      in1     |    scalar    |
|in2           |  in |   32|   ap_none  |      in2     |    scalar    |
|sum_i         |  in |   32|   ap_ovld  |      sum     |    pointer   |
|sum_o         | out |   32|   ap_ovld  |      sum     |    pointer   |
|sum_o_ap_vld  | out |    1|   ap_ovld  |      sum     |    pointer   |
+--------------+-----+-----+------------+--------------+--------------+

