

================================================================
== Vivado HLS Report for 'sum_io'
================================================================
* Date:           Wed Jun  5 12:00:46 2019

* Version:        2018.3.1 (Build 2489210 on Tue Mar 26 04:40:43 MDT 2019)
* Project:        proj_sum_io
* Solution:       solution2
* Product family: zynq
* Target device:  xc7z020clg484-1


================================================================
== Performance Estimates
================================================================
+ Timing (ns): 
    * Summary: 
    +--------+-------+----------+------------+
    |  Clock | Target| Estimated| Uncertainty|
    +--------+-------+----------+------------+
    |ap_clk  |   4.00|     2.552|        0.50|
    +--------+-------+----------+------------+

+ Latency (clock cycles): 
    * Summary: 
    +-----+-----+-----+-----+---------+
    |  Latency  |  Interval | Pipeline|
    | min | max | min | max |   Type  |
    +-----+-----+-----+-----+---------+
    |    2|    2|    2|    2|   none  |
    +-----+-----+-----+-----+---------+

    + Detail: 
        * Instance: 
        N/A

        * Loop: 
        N/A



================================================================
== Utilization Estimates
================================================================
* Summary: 
+-----------------+---------+-------+--------+-------+
|       Name      | BRAM_18K| DSP48E|   FF   |  LUT  |
+-----------------+---------+-------+--------+-------+
|DSP              |        -|      -|       -|      -|
|Expression       |        -|      -|       0|     80|
|FIFO             |        -|      -|       -|      -|
|Instance         |        -|      -|       -|      -|
|Memory           |        -|      -|       -|      -|
|Multiplexer      |        -|      -|       -|     84|
|Register         |        -|      -|     134|      -|
+-----------------+---------+-------+--------+-------+
|Total            |        0|      0|     134|    164|
+-----------------+---------+-------+--------+-------+
|Available        |      280|    220|  106400|  53200|
+-----------------+---------+-------+--------+-------+
|Utilization (%)  |        0|      0|   ~0   |   ~0  |
+-----------------+---------+-------+--------+-------+

+ Detail: 
    * Instance: 
    N/A

    * DSP48: 
    N/A

    * Memory: 
    N/A

    * FIFO: 
    N/A

    * Expression: 
    +-----------------+----------+-------+---+----+------------+------------+
    |  Variable Name  | Operation| DSP48E| FF| LUT| Bitwidth P0| Bitwidth P1|
    +-----------------+----------+-------+---+----+------------+------------+
    |temp_fu_55_p2    |     +    |      0|  0|  39|          32|          32|
    |tmp_1_fu_61_p2   |     +    |      0|  0|  39|          32|          32|
    |ap_block_state1  |    or    |      0|  0|   2|           1|           1|
    +-----------------+----------+-------+---+----+------------+------------+
    |Total            |          |      0|  0|  80|          65|          65|
    +-----------------+----------+-------+---+----+------------+------------+

    * Multiplexer: 
    +-------------------+----+-----------+-----+-----------+
    |        Name       | LUT| Input Size| Bits| Total Bits|
    +-------------------+----+-----------+-----+-----------+
    |ap_NS_fsm          |  21|          4|    1|          4|
    |in1_blk_n          |   9|          2|    1|          2|
    |in2_ap_vld_in_sig  |   9|          2|    1|          2|
    |in2_ap_vld_preg    |   9|          2|    1|          2|
    |in2_blk_n          |   9|          2|    1|          2|
    |in2_in_sig         |   9|          2|   32|         64|
    |sum_i_blk_n        |   9|          2|    1|          2|
    |sum_o_blk_n        |   9|          2|    1|          2|
    +-------------------+----+-----------+-----+-----------+
    |Total              |  84|         18|   39|         80|
    +-------------------+----+-----------+-----+-----------+

    * Register: 
    +-----------------+----+----+-----+-----------+
    |       Name      | FF | LUT| Bits| Const Bits|
    +-----------------+----+----+-----+-----------+
    |ap_CS_fsm        |   3|   0|    3|          0|
    |in2_ap_vld_preg  |   1|   0|    1|          0|
    |in2_preg         |  32|   0|   32|          0|
    |sum_0_data_reg   |  32|   0|   32|          0|
    |sum_0_vld_reg    |   1|   0|    1|          0|
    |sum_1_data_reg   |  32|   0|   32|          0|
    |sum_1_vld_reg    |   1|   0|    1|          0|
    |temp_reg_67      |  32|   0|   32|          0|
    +-----------------+----+----+-----+-----------+
    |Total            | 134|   0|  134|          0|
    +-----------------+----+----+-----+-----------+



================================================================
== Interface
================================================================
* Summary: 
+--------------+-----+-----+------------+--------------+--------------+
|   RTL Ports  | Dir | Bits|  Protocol  | Source Object|    C Type    |
+--------------+-----+-----+------------+--------------+--------------+
|ap_clk        |  in |    1| ap_ctrl_hs |    sum_io    | return value |
|ap_rst        |  in |    1| ap_ctrl_hs |    sum_io    | return value |
|ap_start      |  in |    1| ap_ctrl_hs |    sum_io    | return value |
|ap_done       | out |    1| ap_ctrl_hs |    sum_io    | return value |
|ap_idle       | out |    1| ap_ctrl_hs |    sum_io    | return value |
|ap_ready      | out |    1| ap_ctrl_hs |    sum_io    | return value |
|ap_return     | out |   32| ap_ctrl_hs |    sum_io    | return value |
|in1           |  in |   32|    ap_hs   |      in1     |    scalar    |
|in1_ap_vld    |  in |    1|    ap_hs   |      in1     |    scalar    |
|in1_ap_ack    | out |    1|    ap_hs   |      in1     |    scalar    |
|in2           |  in |   32|   ap_vld   |      in2     |    scalar    |
|in2_ap_vld    |  in |    1|   ap_vld   |      in2     |    scalar    |
|sum_i         |  in |   32|    ap_hs   |      sum     |    pointer   |
|sum_i_ap_vld  |  in |    1|    ap_hs   |      sum     |    pointer   |
|sum_i_ap_ack  | out |    1|    ap_hs   |      sum     |    pointer   |
|sum_o         | out |   32|    ap_hs   |      sum     |    pointer   |
|sum_o_ap_vld  | out |    1|    ap_hs   |      sum     |    pointer   |
|sum_o_ap_ack  |  in |    1|    ap_hs   |      sum     |    pointer   |
+--------------+-----+-----+------------+--------------+--------------+

