#-----------------------------------------------------------
# Vivado v2018.3.1 (64-bit)
# SW Build 2489853 on Tue Mar 26 04:18:30 MDT 2019
# IP Build 2486929 on Tue Mar 26 06:44:21 MDT 2019
# Start of session at: Wed Jun  5 14:30:48 2019
# Process ID: 47092
# Current directory: /home/amiri/Documents/Snippets/HLS/sum_io_m/proj_sum_io/solution1/impl/ip/example/project
# Command line: vivado project.xpr
# Log file: /home/amiri/Documents/Snippets/HLS/sum_io_m/proj_sum_io/solution1/impl/ip/example/project/vivado.log
# Journal file: /home/amiri/Documents/Snippets/HLS/sum_io_m/proj_sum_io/solution1/impl/ip/example/project/vivado.jou
#-----------------------------------------------------------
start_gui
open_project project.xpr
Scanning sources...
Finished scanning sources
INFO: [IP_Flow 19-234] Refreshing IP repositories
INFO: [IP_Flow 19-1700] Loaded user IP repository '/home/amiri/Documents/Snippets/HLS/sum_io_m/proj_sum_io/solution1/impl/ip/example/repo'.
INFO: [IP_Flow 19-2313] Loaded Vivado IP repository '/opt/Xilinx/Vivado/2018.3/data/ip'.
update_compile_order -fileset sources_1
open_bd_design {/home/amiri/Documents/Snippets/HLS/sum_io_m/proj_sum_io/solution1/impl/ip/example/project/project.srcs/sources_1/bd/hls_bd_0/hls_bd_0.bd}
Adding cell -- xilinx.com:hls:sum_io_top:1.0 - hls_ip_0
Successfully read diagram <hls_bd_0> from BD file </home/amiri/Documents/Snippets/HLS/sum_io_m/proj_sum_io/solution1/impl/ip/example/project/project.srcs/sources_1/bd/hls_bd_0/hls_bd_0.bd>
exit
INFO: [Common 17-206] Exiting Vivado at Wed Jun  5 14:31:29 2019...
