INFO: [SIM 2] *************** CSIM start ***************
INFO: [SIM 4] CSIM will launch CLANG as the compiler.
   Compiling(apcc) ../../../../sum_io_test.c in debug mode
INFO: [HLS 200-10] Running '/opt/Xilinx/Vivado/2018.3/bin/unwrapped/lnx64.o/apcc'
INFO: [HLS 200-10] For user 'amiri' on host 'rocky.samba.cg.uni-saarland.de' (Linux_x86_64 version 4.18.0-21-generic) on Wed Jun 05 12:00:27 CEST 2019
INFO: [HLS 200-10] On os Ubuntu 18.04.2 LTS
INFO: [HLS 200-10] In directory '/home/amiri/Documents/Snippets/HLS/sum_io/proj_sum_io/solution1/csim/build'
INFO: [APCC 202-3] Tmp directory is /tmp/apcc_db_amiri/67551559728827608960
INFO: [APCC 202-1] APCC is done.
   Compiling(apcc) ../../../../sum_io.c in debug mode
INFO: [HLS 200-10] Running '/opt/Xilinx/Vivado/2018.3/bin/unwrapped/lnx64.o/apcc'
INFO: [HLS 200-10] For user 'amiri' on host 'rocky.samba.cg.uni-saarland.de' (Linux_x86_64 version 4.18.0-21-generic) on Wed Jun 05 12:00:32 CEST 2019
INFO: [HLS 200-10] On os Ubuntu 18.04.2 LTS
INFO: [HLS 200-10] In directory '/home/amiri/Documents/Snippets/HLS/sum_io/proj_sum_io/solution1/csim/build'
INFO: [APCC 202-3] Tmp directory is /tmp/apcc_db_amiri/68191559728832583248
INFO: [APCC 202-1] APCC is done.
   Generating csim.exe
------Test Passed!------------
  10+20+60=30 
  20+30+120=50 
  30+40+200=70 
  40+50+300=90 
  50+60+420=110 
INFO: [SIM 1] CSim done with 0 errors.
INFO: [SIM 3] *************** CSIM finish ***************
