#-----------------------------------------------------------
# xsim v2018.3.1 (64-bit)
# SW Build 2489853 on Tue Mar 26 04:18:30 MDT 2019
# IP Build 2486929 on Tue Mar 26 06:44:21 MDT 2019
# Start of session at: Wed Jun  5 12:05:17 2019
# Process ID: 7406
# Current directory: /home/amiri/Documents/Snippets/HLS/hls_stream/proj_hls_stream/solution1/sim/verilog
# Command line: xsim -mode tcl -source {xsim.dir/bytestrm_dwordproc/xsim_script.tcl}
# Log file: /home/amiri/Documents/Snippets/HLS/hls_stream/proj_hls_stream/solution1/sim/verilog/xsim.log
# Journal file: /home/amiri/Documents/Snippets/HLS/hls_stream/proj_hls_stream/solution1/sim/verilog/xsim.jou
#-----------------------------------------------------------
source xsim.dir/bytestrm_dwordproc/xsim_script.tcl
# xsim {bytestrm_dwordproc} -autoloadwcfg -tclbatch {bytestrm_dwordproc.tcl}
Vivado Simulator 2018.3
Time resolution is 1 ps
source bytestrm_dwordproc.tcl
## run all
////////////////////////////////////////////////////////////////////////////////////
// Inter-Transaction Progress: Completed Transaction / Total Transaction
// Intra-Transaction Progress: Measured Latency / Latency Estimation * 100%
//
// RTL Simulation : "Inter-Transaction Progress" ["Intra-Transaction Progress"] @ "Simulation Time"
////////////////////////////////////////////////////////////////////////////////////
// RTL Simulation : 0 / 1 [0.00%] @ "113000"
// RTL Simulation : 1 / 1 [100.00%] @ "5308000"
////////////////////////////////////////////////////////////////////////////////////
$finish called at time : 5327500 ps : File "/home/amiri/Documents/Snippets/HLS/hls_stream/proj_hls_stream/solution1/sim/verilog/bytestrm_dwordproc.autotb.v" Line 312
## quit
INFO: [Common 17-206] Exiting xsim at Wed Jun  5 12:05:23 2019...
