INFO-FLOW: Workspace /home/amiri/Documents/Snippets/HLS/sum_io_m/proj_sum_io/solution2 opened at Wed Jun 05 14:24:11 CEST 2019
Execute     set_part xc7z020clg484-1 
Execute       add_library xilinx/zynq/zynq:xc7z020:clg484:-1 
Execute         get_default_platform 
Execute         license_isbetapart xc7z020 
Command         license_isbetapart done; error code: 1; 
Execute         open_platform DefaultPlatform 
Execute         import_lib /opt/Xilinx/Vivado/2018.3/common/technology/xilinx/zynq/zynq 
Execute           source /opt/Xilinx/Vivado/2018.3/common/technology/xilinx/common/xilinx.lib 
Execute             source /opt/Xilinx/Vivado/2018.3/common/technology/xilinx/interface/xilinx_interface.lib 
Execute               source /opt/Xilinx/Vivado/2018.3/common/technology/xilinx/interface/plb46.lib 
Execute               source /opt/Xilinx/Vivado/2018.3/common/technology/xilinx/interface/fsl.lib 
Execute               source /opt/Xilinx/Vivado/2018.3/common/technology/xilinx/interface/axi4.lib 
Execute               source /opt/Xilinx/Vivado/2018.3/common/technology/xilinx/interface/maxi.lib 
Execute               source /opt/Xilinx/Vivado/2018.3/common/technology/xilinx/interface/saxilite.lib 
Execute             source /opt/Xilinx/Vivado/2018.3/common/technology/xilinx/common/dsp48.lib 
Execute             source /opt/Xilinx/Vivado/2018.3/common/technology/xilinx/ip/xfir.lib 
Execute             source /opt/Xilinx/Vivado/2018.3/common/technology/xilinx/ip/dds_compiler.lib 
Execute             source /opt/Xilinx/Vivado/2018.3/common/technology/xilinx/ip/xfft.lib 
Execute           source /opt/Xilinx/Vivado/2018.3/common/technology/xilinx/common/xilinx_old.lib 
Execute           source /opt/Xilinx/Vivado/2018.3/common/technology/xilinx/common/xilinx_vivado.lib 
Execute           source /opt/Xilinx/Vivado/2018.3/common/technology/xilinx/common/xilinx.hlp 
Execute             source /opt/Xilinx/Vivado/2018.3/common/technology/xilinx/common/target_info.tcl 
Execute             source /opt/Xilinx/Vivado/2018.3/common/technology/xilinx/interface/xilinx_interface.hlp 
Execute               source /opt/Xilinx/Vivado/2018.3/common/technology/xilinx/interface/maxi.hlp 
Execute               source /opt/Xilinx/Vivado/2018.3/common/technology/xilinx/interface/saxilite.hlp 
Execute             source /opt/Xilinx/Vivado/2018.3/common/technology/xilinx/common/dsp48.hlp 
Execute           source /opt/Xilinx/Vivado/2018.3/common/technology/xilinx/zynq/dsp48e1.hlp 
Execute           get_default_platform 
Execute           config_chip_info -quiet -resource  {SLICE 13300}  {LUT 53200}     {FF 106400} {DSP48E 220}   {BRAM 280}  
Execute           config_chip_info -quiet -speed medium 
Execute           source /opt/Xilinx/Vivado/2018.3/common/technology/xilinx/common/xilinx.hlp 
Execute             source /opt/Xilinx/Vivado/2018.3/common/technology/xilinx/common/target_info.tcl 
Execute             source /opt/Xilinx/Vivado/2018.3/common/technology/xilinx/interface/xilinx_interface.hlp 
Execute               source /opt/Xilinx/Vivado/2018.3/common/technology/xilinx/interface/maxi.hlp 
Execute               source /opt/Xilinx/Vivado/2018.3/common/technology/xilinx/interface/saxilite.hlp 
Execute             source /opt/Xilinx/Vivado/2018.3/common/technology/xilinx/common/dsp48.hlp 
Execute         source /opt/Xilinx/Vivado/2018.3/common/technology/xilinx/zynq/zynq.gen 
Execute           source /opt/Xilinx/Vivado/2018.3/common/technology/xilinx/common/virtex.gen 
Execute             source /opt/Xilinx/Vivado/2018.3/common/technology/xilinx/common/xilinx.gen 
Execute               source /opt/Xilinx/Vivado/2018.3/common/technology/xilinx/interface/plb46.gen 
Execute               source /opt/Xilinx/Vivado/2018.3/common/technology/xilinx/interface/fsl.gen 
Execute               source /opt/Xilinx/Vivado/2018.3/common/technology/xilinx/interface/axi4.gen 
Execute               source /opt/Xilinx/Vivado/2018.3/common/technology/xilinx/interface/nativeAXI4.gen 
Execute                 source /opt/Xilinx/Vivado/2018.3/common/technology/xilinx/interface/saxilite.gen 
Execute                 source /opt/Xilinx/Vivado/2018.3/common/technology/xilinx/interface/maxi.gen 
Execute               source /opt/Xilinx/Vivado/2018.3/common/technology/xilinx/scripts/xilinxcoregen.gen 
Execute               source /opt/Xilinx/Vivado/2018.3/common/technology/xilinx/interface/XilEDKCoreGen.gen 
Execute               source /opt/Xilinx/Vivado/2018.3/common/technology/xilinx/ip/dds_compiler.gen 
Execute               source /opt/Xilinx/Vivado/2018.3/common/technology/xilinx/ip/util.gen 
Execute               source /opt/Xilinx/Vivado/2018.3/common/technology/xilinx/ip/xfft.gen 
Execute               source /opt/Xilinx/Vivado/2018.3/common/technology/xilinx/ip/xfir.gen 
Execute             source /opt/Xilinx/Vivado/2018.3/common/technology/xilinx/common/dsp48.gen 
Execute         get_default_platform 
Execute         config_chip_info -quiet -resource  {SLICE 13300}  {LUT 53200}     {FF 106400} {DSP48E 220}   {BRAM 280}  
Execute         config_chip_info -quiet -speed slow 
Command       add_library done; 0.12 sec.
Execute       add_library xilinx/zynq/zynq_fpv6 
Execute         get_default_platform 
Execute         open_platform DefaultPlatform 
Execute         import_lib /opt/Xilinx/Vivado/2018.3/common/technology/xilinx/zynq/zynq_fpv6 
Execute           source /opt/Xilinx/Vivado/2018.3/common/technology/xilinx/common/xilinx_fpv7.lib 
Execute             source /opt/Xilinx/Vivado/2018.3/common/technology/xilinx/common/xilinx_hp.lib 
Execute           source /opt/Xilinx/Vivado/2018.3/common/technology/xilinx/common/xilinx_fpv.hlp 
Execute             source /opt/Xilinx/Vivado/2018.3/common/technology/xilinx/common/xilinx.hlp 
Execute               source /opt/Xilinx/Vivado/2018.3/common/technology/xilinx/common/target_info.tcl 
Execute               source /opt/Xilinx/Vivado/2018.3/common/technology/xilinx/interface/xilinx_interface.hlp 
Execute                 source /opt/Xilinx/Vivado/2018.3/common/technology/xilinx/interface/maxi.hlp 
Execute                 source /opt/Xilinx/Vivado/2018.3/common/technology/xilinx/interface/saxilite.hlp 
Execute               source /opt/Xilinx/Vivado/2018.3/common/technology/xilinx/common/dsp48.hlp 
Execute           source /opt/Xilinx/Vivado/2018.3/common/technology/xilinx/zynq/zynq_hp.hlp 
Execute         source /opt/Xilinx/Vivado/2018.3/common/technology/xilinx/zynq/zynq_fpv6.gen 
Execute           source /opt/Xilinx/Vivado/2018.3/common/technology/xilinx/common/xilinx_fpv6.gen 
Execute       get_default_platform 
Command     set_part done; 0.16 sec.
Execute     create_clock -period 4 
Execute       config_clock -quiet -name default -period 4 -default=false 
INFO: [SYN 201-201] Setting up clock 'default' with a period of 4ns.
Execute     source x_hls.tcl 
Execute     set_directive_interface -mode ap_hs sum_io in1 
INFO-FLOW: Setting directive 'INTERFACE' ap_hs=positionBoolean0mode port=positionBooleanTextRequiredin1 
Execute     set_directive_interface -mode ap_vld sum_io in2 
INFO-FLOW: Setting directive 'INTERFACE' ap_hs=positionBoolean0mode port=positionBooleanTextRequiredin1 
INFO-FLOW: Setting directive 'INTERFACE' ap_vld=positionBoolean0mode port=positionBooleanTextRequiredin2 
Execute     set_directive_interface -mode ap_hs sum_io sum 
INFO-FLOW: Setting directive 'INTERFACE' ap_hs=positionBoolean0mode port=positionBooleanTextRequiredin1 
INFO-FLOW: Setting directive 'INTERFACE' ap_vld=positionBoolean0mode port=positionBooleanTextRequiredin2 
INFO-FLOW: Setting directive 'INTERFACE' ap_hs=positionBoolean0mode port=positionBooleanTextRequiredsum 
Execute     csynth_design 
Execute       get_config_compile -effort 
Execute       get_config_compile -enable_clang39 
Execute       get_config_compile -g 
Execute       get_config_compile -lm 
Execute       get_config_compile -ng 
Execute       get_config_compile -opt_fp 
Execute       get_config_compile -skip_cdt 
Execute       get_config_compile -skip_syncheck 
Execute       get_config_compile -skip_transform 
Execute       config_compile -blackbox  
Execute       get_config_compile -keep_printf 
Execute       elaborate -effort=medium -skip_syncheck=0 -keep_printf=0 -lm=0 -skip_cdt=0 -skip_transform=0 -ng=0 -g=0 -opt_fp=0 -from_csynth_design=1 
Execute         get_config_schedule -relax_ii_for_timing 
INFO: [SCHED 204-61] Option 'relax_ii_for_timing' is enabled, will increase II to preserve clock frequency constraints.
Execute         get_config_schedule -suppress_dependence_error_break 
INFO: [HLS 200-10] Analyzing design file 'sum_io.c' ... 
INFO-FLOW: Compiling one TU...
Execute         is_m_axi_addr64 
INFO-FLOW: Handling sum_io.c as C
Execute         get_default_platform 
Execute         is_encrypted sum_io.c 
INFO-FLOW: Running: GCC PP
INFO-FLOW: Source preprocessing
Execute         clang  -fno-limit-debug-info -gcc-toolchain "/opt/Xilinx/Vivado/2018.3/lnx64/tools/gcc" -hls  -fno-exceptions  -D__llvm__  -E "sum_io.c"     -fno-math-errno -c -emit-llvm -O0  -mllvm -disable-llvm-optzns -std=gnu89   -DAESL_SYN -D__SYNTHESIS__ -D__HLS_SYN__ -I "/opt/Xilinx/Vivado/2018.3/common/technology/autopilot" -I "/opt/Xilinx/Vivado/2018.3/common/technology/autopilot/ap_sysc" -include etc/autopilot_ssdm_op.h -D__DSP48E1__  -o "/home/amiri/Documents/Snippets/HLS/sum_io_m/proj_sum_io/solution2/.autopilot/db/sum_io.pp.0.c" 
INFO-FLOW: exec /opt/Xilinx/Vivado/2018.3/lnx64/tools/clang/bin/clang -fno-limit-debug-info -gcc-toolchain /opt/Xilinx/Vivado/2018.3/lnx64/tools/gcc -hls -fno-exceptions -D__llvm__ -E sum_io.c -fno-math-errno -c -emit-llvm -O0 -mllvm -disable-llvm-optzns -std=gnu89 -DAESL_SYN -D__SYNTHESIS__ -D__HLS_SYN__ -I /opt/Xilinx/Vivado/2018.3/common/technology/autopilot -I /opt/Xilinx/Vivado/2018.3/common/technology/autopilot/ap_sysc -include etc/autopilot_ssdm_op.h -D__DSP48E1__ -o /home/amiri/Documents/Snippets/HLS/sum_io_m/proj_sum_io/solution2/.autopilot/db/sum_io.pp.0.c
Command         clang done; 1.09 sec.
Execute         tidy_31 xilinx-xfmat-array-geometry /home/amiri/Documents/Snippets/HLS/sum_io_m/proj_sum_io/solution2/.autopilot/db/sum_io.pp.0.c std=gnu89 
INFO-FLOW: exec /opt/Xilinx/Vivado/2018.3/lnx64/tools/clang-3.9-csynth/bin/tidy-3.1 -header-filter=.* -checks=-*,xilinx-xfmat-array-geometry -quiet -fix /home/amiri/Documents/Snippets/HLS/sum_io_m/proj_sum_io/solution2/.autopilot/db/sum_io.pp.0.c -- -std=gnu89 -fhls -ferror-limit=0
INFO-FLOW: Syntax Checking before pre-processing...
Execute         clang -syntaxcheck -src /home/amiri/Documents/Snippets/HLS/sum_io_m/proj_sum_io/solution2/.autopilot/db/sum_io.pp.0.c  -fno-limit-debug-info -gcc-toolchain "/opt/Xilinx/Vivado/2018.3/lnx64/tools/gcc" -hls    -fno-math-errno -c -emit-llvm -O0  -mllvm -disable-llvm-optzns -std=gnu89   -DAESL_SYN -D__SYNTHESIS__ -D__HLS_SYN__ -I "/opt/Xilinx/Vivado/2018.3/common/technology/autopilot" -I "/opt/Xilinx/Vivado/2018.3/common/technology/autopilot/ap_sysc" -include etc/autopilot_ssdm_op.h -D__DSP48E1__  "/home/amiri/Documents/Snippets/HLS/sum_io_m/proj_sum_io/solution2/.autopilot/db/sum_io.pp.0.c"  -o "/home/amiri/Documents/Snippets/HLS/sum_io_m/proj_sum_io/solution2/.autopilot/db/useless.bc"  
INFO-FLOW: exec /opt/Xilinx/Vivado/2018.3/lnx64/tools/clang/bin/clang -fno-limit-debug-info -gcc-toolchain /opt/Xilinx/Vivado/2018.3/lnx64/tools/gcc -hls -fno-math-errno -c -emit-llvm -O0 -mllvm -disable-llvm-optzns -std=gnu89 -DAESL_SYN -D__SYNTHESIS__ -D__HLS_SYN__ -I /opt/Xilinx/Vivado/2018.3/common/technology/autopilot -I /opt/Xilinx/Vivado/2018.3/common/technology/autopilot/ap_sysc -include etc/autopilot_ssdm_op.h -D__DSP48E1__ /home/amiri/Documents/Snippets/HLS/sum_io_m/proj_sum_io/solution2/.autopilot/db/sum_io.pp.0.c -o /home/amiri/Documents/Snippets/HLS/sum_io_m/proj_sum_io/solution2/.autopilot/db/useless.bc
Command         clang done; 1.1 sec.
INFO-FLOW: Done: GCC PP time: 2.2 seconds per iteration
INFO-FLOW: Setting directive 'INTERFACE' ap_hs=positionBoolean0mode port=positionBooleanTextRequiredin1 
INFO-FLOW: Setting directive 'INTERFACE' ap_vld=positionBoolean0mode port=positionBooleanTextRequiredin2 
INFO-FLOW: Setting directive 'INTERFACE' ap_hs=positionBoolean0mode port=positionBooleanTextRequiredsum 
INFO-FLOW: Setting directive 'INTERFACE' ap_hs=positionBoolean0mode port=positionBooleanTextRequiredin1 
INFO-FLOW: Setting directive 'INTERFACE' ap_vld=positionBoolean0mode port=positionBooleanTextRequiredin2 
INFO-FLOW: Setting directive 'INTERFACE' ap_hs=positionBoolean0mode port=positionBooleanTextRequiredsum 
Execute         list_core -type functional_unit 
Execute         tidy_31 xilinx-systemc-detector /home/amiri/Documents/Snippets/HLS/sum_io_m/proj_sum_io/solution2/.autopilot/db/sum_io.pp.0.c std=gnu89 -directive=/home/amiri/Documents/Snippets/HLS/sum_io_m/proj_sum_io/solution2/.autopilot/db/.systemc_flag 
INFO-FLOW: exec /opt/Xilinx/Vivado/2018.3/lnx64/tools/clang-3.9-csynth/bin/tidy-3.1 -header-filter=.* -checks=-*,xilinx-systemc-detector -import-directive=/home/amiri/Documents/Snippets/HLS/sum_io_m/proj_sum_io/solution2/.autopilot/db/.systemc_flag -quiet -fix-errors /home/amiri/Documents/Snippets/HLS/sum_io_m/proj_sum_io/solution2/.autopilot/db/sum_io.pp.0.c -- -std=gnu89 -fhls -ferror-limit=0
INFO-FLOW: Running: tidy-3.1 CDT preprocess
Execute         tidy_31 xilinx-directive2pragma /home/amiri/Documents/Snippets/HLS/sum_io_m/proj_sum_io/solution2/.autopilot/db/sum_io.pp.0.c std=gnu89 -directive=/home/amiri/Documents/Snippets/HLS/sum_io_m/proj_sum_io/solution2/.autopilot/db/all.directive.json 
INFO-FLOW: exec /opt/Xilinx/Vivado/2018.3/lnx64/tools/clang-3.9-csynth/bin/tidy-3.1 -header-filter=.* -checks=-*,xilinx-directive2pragma -import-directive=/home/amiri/Documents/Snippets/HLS/sum_io_m/proj_sum_io/solution2/.autopilot/db/all.directive.json -quiet -fix-errors /home/amiri/Documents/Snippets/HLS/sum_io_m/proj_sum_io/solution2/.autopilot/db/sum_io.pp.0.c -- -std=gnu89 -fhls -ferror-limit=0
Execute         get_config_dataflow -strict_mode 
Execute         ap_eval exec -ignorestderr /opt/Xilinx/Vivado/2018.3/lnx64/tools/clang-3.9-csynth/bin/xilinx-dataflow-lawyer -export-fixes=/home/amiri/Documents/Snippets/HLS/sum_io_m/proj_sum_io/solution2/.autopilot/db/xilinx-dataflow-lawyer.sum_io.pp.0.c.diag.yml /home/amiri/Documents/Snippets/HLS/sum_io_m/proj_sum_io/solution2/.autopilot/db/sum_io.pp.0.c -- -std=gnu99 -fhls -ferror-limit=0 -fstrict-dataflow > /home/amiri/Documents/Snippets/HLS/sum_io_m/proj_sum_io/solution2/.autopilot/db/xilinx-dataflow-lawyer.sum_io.pp.0.c.out.log 2> /home/amiri/Documents/Snippets/HLS/sum_io_m/proj_sum_io/solution2/.autopilot/db/xilinx-dataflow-lawyer.sum_io.pp.0.c.err.log 
Execute         tidy_31 -errorcheck xilinx-constantarray-param,xilinx-resource-pragma-transformer,xilinx-xfmat-array-geometry /home/amiri/Documents/Snippets/HLS/sum_io_m/proj_sum_io/solution2/.autopilot/db/sum_io.pp.0.c std=gnu89 
Execute           ap_eval exec -ignorestderr /opt/Xilinx/Vivado/2018.3/lnx64/tools/clang-3.9-csynth/bin/tidy-3.1 -export-fixes=/home/amiri/Documents/Snippets/HLS/sum_io_m/proj_sum_io/solution2/.autopilot/db/tidy-3.1.sum_io.pp.0.c.diag.yml -header-filter=.* -checks=-*,xilinx-constantarray-param,xilinx-resource-pragma-transformer,xilinx-xfmat-array-geometry -quiet -fix-errors /home/amiri/Documents/Snippets/HLS/sum_io_m/proj_sum_io/solution2/.autopilot/db/sum_io.pp.0.c -- -std=gnu89 -fhls -ferror-limit=0 > /home/amiri/Documents/Snippets/HLS/sum_io_m/proj_sum_io/solution2/.autopilot/db/tidy-3.1.sum_io.pp.0.c.out.log 2> /home/amiri/Documents/Snippets/HLS/sum_io_m/proj_sum_io/solution2/.autopilot/db/tidy-3.1.sum_io.pp.0.c.err.log 
Execute           ap_eval exec -ignorestderr /opt/Xilinx/Vivado/2018.3/lnx64/tools/clang-3.9-csynth/bin/xilinx-legacy-rewriter /home/amiri/Documents/Snippets/HLS/sum_io_m/proj_sum_io/solution2/.autopilot/db/sum_io.pp.0.c -- -std=gnu89 -fhls -ferror-limit=0 > /home/amiri/Documents/Snippets/HLS/sum_io_m/proj_sum_io/solution2/.autopilot/db/xilinx-legacy-rewriter.sum_io.pp.0.c.out.log 2> /home/amiri/Documents/Snippets/HLS/sum_io_m/proj_sum_io/solution2/.autopilot/db/xilinx-legacy-rewriter.sum_io.pp.0.c.err.log 
INFO-FLOW: Done: tidy-3.1 CDT preprocess time: 0.1 seconds per iteration
INFO-FLOW: Pragma Handling...
Execute         tidy_31 xilinx-ssdm-intrinsics-arguments /home/amiri/Documents/Snippets/HLS/sum_io_m/proj_sum_io/solution2/.autopilot/db/sum_io.pragma.1.c std=gnu89 
INFO-FLOW: exec /opt/Xilinx/Vivado/2018.3/lnx64/tools/clang-3.9-csynth/bin/tidy-3.1 -header-filter=.* -checks=-*,xilinx-ssdm-intrinsics-arguments -quiet -fix-errors /home/amiri/Documents/Snippets/HLS/sum_io_m/proj_sum_io/solution2/.autopilot/db/sum_io.pragma.1.c -- -std=gnu89 -fhls -ferror-limit=0
Execute         get_default_platform 
INFO-FLOW: Processing labels
Execute         clang -src /home/amiri/Documents/Snippets/HLS/sum_io_m/proj_sum_io/solution2/.autopilot/db/sum_io.pragma.2.c  -fno-limit-debug-info -gcc-toolchain /opt/Xilinx/Vivado/2018.3/lnx64/tools/gcc -hls -hls-analyze-label -hls-analyze-pragma -fno-exceptions  -D__llvm__  -w  "/home/amiri/Documents/Snippets/HLS/sum_io_m/proj_sum_io/solution2/.autopilot/db/sum_io.pragma.2.c"    -fno-math-errno -c -emit-llvm -O0  -mllvm -disable-llvm-optzns -std=gnu89  -DAESL_SYN -D__SYNTHESIS__ -D__HLS_SYN__ -I "/opt/Xilinx/Vivado/2018.3/common/technology/autopilot" -I "/opt/Xilinx/Vivado/2018.3/common/technology/autopilot/ap_sysc" -include etc/autopilot_ssdm_op.h -D__DSP48E1__ -g -o "/home/amiri/Documents/Snippets/HLS/sum_io_m/proj_sum_io/solution2/.autopilot/db/sum_io.bc" 
INFO-FLOW: exec /opt/Xilinx/Vivado/2018.3/lnx64/tools/clang/bin/clang -fno-limit-debug-info -gcc-toolchain /opt/Xilinx/Vivado/2018.3/lnx64/tools/gcc -hls -hls-analyze-label -hls-analyze-pragma -fno-exceptions -D__llvm__ -w /home/amiri/Documents/Snippets/HLS/sum_io_m/proj_sum_io/solution2/.autopilot/db/sum_io.pragma.2.c -fno-math-errno -c -emit-llvm -O0 -mllvm -disable-llvm-optzns -std=gnu89 -DAESL_SYN -D__SYNTHESIS__ -D__HLS_SYN__ -I /opt/Xilinx/Vivado/2018.3/common/technology/autopilot -I /opt/Xilinx/Vivado/2018.3/common/technology/autopilot/ap_sysc -include etc/autopilot_ssdm_op.h -D__DSP48E1__ -g -o /home/amiri/Documents/Snippets/HLS/sum_io_m/proj_sum_io/solution2/.autopilot/db/sum_io.bc
Command         clang done; 1.11 sec.
INFO: [HLS 200-10] Analyzing design file 'sum_io_top.c' ... 
INFO-FLOW: Compiling one TU...
Execute         is_m_axi_addr64 
INFO-FLOW: Handling sum_io_top.c as C
Execute         get_default_platform 
Execute         is_encrypted sum_io_top.c 
INFO-FLOW: Running: GCC PP
INFO-FLOW: Source preprocessing
Execute         clang  -fno-limit-debug-info -gcc-toolchain "/opt/Xilinx/Vivado/2018.3/lnx64/tools/gcc" -hls  -fno-exceptions  -D__llvm__  -E "sum_io_top.c"     -fno-math-errno -c -emit-llvm -O0  -mllvm -disable-llvm-optzns -std=gnu89   -DAESL_SYN -D__SYNTHESIS__ -D__HLS_SYN__ -I "/opt/Xilinx/Vivado/2018.3/common/technology/autopilot" -I "/opt/Xilinx/Vivado/2018.3/common/technology/autopilot/ap_sysc" -include etc/autopilot_ssdm_op.h -D__DSP48E1__  -o "/home/amiri/Documents/Snippets/HLS/sum_io_m/proj_sum_io/solution2/.autopilot/db/sum_io_top.pp.0.c" 
INFO-FLOW: exec /opt/Xilinx/Vivado/2018.3/lnx64/tools/clang/bin/clang -fno-limit-debug-info -gcc-toolchain /opt/Xilinx/Vivado/2018.3/lnx64/tools/gcc -hls -fno-exceptions -D__llvm__ -E sum_io_top.c -fno-math-errno -c -emit-llvm -O0 -mllvm -disable-llvm-optzns -std=gnu89 -DAESL_SYN -D__SYNTHESIS__ -D__HLS_SYN__ -I /opt/Xilinx/Vivado/2018.3/common/technology/autopilot -I /opt/Xilinx/Vivado/2018.3/common/technology/autopilot/ap_sysc -include etc/autopilot_ssdm_op.h -D__DSP48E1__ -o /home/amiri/Documents/Snippets/HLS/sum_io_m/proj_sum_io/solution2/.autopilot/db/sum_io_top.pp.0.c
Command         clang done; 1.12 sec.
Execute         tidy_31 xilinx-xfmat-array-geometry /home/amiri/Documents/Snippets/HLS/sum_io_m/proj_sum_io/solution2/.autopilot/db/sum_io_top.pp.0.c std=gnu89 
INFO-FLOW: exec /opt/Xilinx/Vivado/2018.3/lnx64/tools/clang-3.9-csynth/bin/tidy-3.1 -header-filter=.* -checks=-*,xilinx-xfmat-array-geometry -quiet -fix /home/amiri/Documents/Snippets/HLS/sum_io_m/proj_sum_io/solution2/.autopilot/db/sum_io_top.pp.0.c -- -std=gnu89 -fhls -ferror-limit=0
INFO-FLOW: Syntax Checking before pre-processing...
Execute         clang -syntaxcheck -src /home/amiri/Documents/Snippets/HLS/sum_io_m/proj_sum_io/solution2/.autopilot/db/sum_io_top.pp.0.c  -fno-limit-debug-info -gcc-toolchain "/opt/Xilinx/Vivado/2018.3/lnx64/tools/gcc" -hls    -fno-math-errno -c -emit-llvm -O0  -mllvm -disable-llvm-optzns -std=gnu89   -DAESL_SYN -D__SYNTHESIS__ -D__HLS_SYN__ -I "/opt/Xilinx/Vivado/2018.3/common/technology/autopilot" -I "/opt/Xilinx/Vivado/2018.3/common/technology/autopilot/ap_sysc" -include etc/autopilot_ssdm_op.h -D__DSP48E1__  "/home/amiri/Documents/Snippets/HLS/sum_io_m/proj_sum_io/solution2/.autopilot/db/sum_io_top.pp.0.c"  -o "/home/amiri/Documents/Snippets/HLS/sum_io_m/proj_sum_io/solution2/.autopilot/db/useless.bc"  
INFO-FLOW: exec /opt/Xilinx/Vivado/2018.3/lnx64/tools/clang/bin/clang -fno-limit-debug-info -gcc-toolchain /opt/Xilinx/Vivado/2018.3/lnx64/tools/gcc -hls -fno-math-errno -c -emit-llvm -O0 -mllvm -disable-llvm-optzns -std=gnu89 -DAESL_SYN -D__SYNTHESIS__ -D__HLS_SYN__ -I /opt/Xilinx/Vivado/2018.3/common/technology/autopilot -I /opt/Xilinx/Vivado/2018.3/common/technology/autopilot/ap_sysc -include etc/autopilot_ssdm_op.h -D__DSP48E1__ /home/amiri/Documents/Snippets/HLS/sum_io_m/proj_sum_io/solution2/.autopilot/db/sum_io_top.pp.0.c -o /home/amiri/Documents/Snippets/HLS/sum_io_m/proj_sum_io/solution2/.autopilot/db/useless.bc
Command         clang done; 1.09 sec.
INFO-FLOW: Done: GCC PP time: 2.2 seconds per iteration
INFO-FLOW: Setting directive 'INTERFACE' ap_hs=positionBoolean0mode port=positionBooleanTextRequiredin1 
INFO-FLOW: Setting directive 'INTERFACE' ap_vld=positionBoolean0mode port=positionBooleanTextRequiredin2 
INFO-FLOW: Setting directive 'INTERFACE' ap_hs=positionBoolean0mode port=positionBooleanTextRequiredsum 
INFO-FLOW: Setting directive 'INTERFACE' ap_hs=positionBoolean0mode port=positionBooleanTextRequiredin1 
INFO-FLOW: Setting directive 'INTERFACE' ap_vld=positionBoolean0mode port=positionBooleanTextRequiredin2 
INFO-FLOW: Setting directive 'INTERFACE' ap_hs=positionBoolean0mode port=positionBooleanTextRequiredsum 
Execute         list_core -type functional_unit 
Execute         tidy_31 xilinx-systemc-detector /home/amiri/Documents/Snippets/HLS/sum_io_m/proj_sum_io/solution2/.autopilot/db/sum_io_top.pp.0.c std=gnu89 -directive=/home/amiri/Documents/Snippets/HLS/sum_io_m/proj_sum_io/solution2/.autopilot/db/.systemc_flag 
INFO-FLOW: exec /opt/Xilinx/Vivado/2018.3/lnx64/tools/clang-3.9-csynth/bin/tidy-3.1 -header-filter=.* -checks=-*,xilinx-systemc-detector -import-directive=/home/amiri/Documents/Snippets/HLS/sum_io_m/proj_sum_io/solution2/.autopilot/db/.systemc_flag -quiet -fix-errors /home/amiri/Documents/Snippets/HLS/sum_io_m/proj_sum_io/solution2/.autopilot/db/sum_io_top.pp.0.c -- -std=gnu89 -fhls -ferror-limit=0
INFO-FLOW: Running: tidy-3.1 CDT preprocess
Execute         tidy_31 xilinx-directive2pragma /home/amiri/Documents/Snippets/HLS/sum_io_m/proj_sum_io/solution2/.autopilot/db/sum_io_top.pp.0.c std=gnu89 -directive=/home/amiri/Documents/Snippets/HLS/sum_io_m/proj_sum_io/solution2/.autopilot/db/all.directive.json 
INFO-FLOW: exec /opt/Xilinx/Vivado/2018.3/lnx64/tools/clang-3.9-csynth/bin/tidy-3.1 -header-filter=.* -checks=-*,xilinx-directive2pragma -import-directive=/home/amiri/Documents/Snippets/HLS/sum_io_m/proj_sum_io/solution2/.autopilot/db/all.directive.json -quiet -fix-errors /home/amiri/Documents/Snippets/HLS/sum_io_m/proj_sum_io/solution2/.autopilot/db/sum_io_top.pp.0.c -- -std=gnu89 -fhls -ferror-limit=0
Execute         get_config_dataflow -strict_mode 
Execute         ap_eval exec -ignorestderr /opt/Xilinx/Vivado/2018.3/lnx64/tools/clang-3.9-csynth/bin/xilinx-dataflow-lawyer -export-fixes=/home/amiri/Documents/Snippets/HLS/sum_io_m/proj_sum_io/solution2/.autopilot/db/xilinx-dataflow-lawyer.sum_io_top.pp.0.c.diag.yml /home/amiri/Documents/Snippets/HLS/sum_io_m/proj_sum_io/solution2/.autopilot/db/sum_io_top.pp.0.c -- -std=gnu99 -fhls -ferror-limit=0 -fstrict-dataflow > /home/amiri/Documents/Snippets/HLS/sum_io_m/proj_sum_io/solution2/.autopilot/db/xilinx-dataflow-lawyer.sum_io_top.pp.0.c.out.log 2> /home/amiri/Documents/Snippets/HLS/sum_io_m/proj_sum_io/solution2/.autopilot/db/xilinx-dataflow-lawyer.sum_io_top.pp.0.c.err.log 
Execute         tidy_31 -errorcheck xilinx-constantarray-param,xilinx-resource-pragma-transformer,xilinx-xfmat-array-geometry /home/amiri/Documents/Snippets/HLS/sum_io_m/proj_sum_io/solution2/.autopilot/db/sum_io_top.pp.0.c std=gnu89 
Execute           ap_eval exec -ignorestderr /opt/Xilinx/Vivado/2018.3/lnx64/tools/clang-3.9-csynth/bin/tidy-3.1 -export-fixes=/home/amiri/Documents/Snippets/HLS/sum_io_m/proj_sum_io/solution2/.autopilot/db/tidy-3.1.sum_io_top.pp.0.c.diag.yml -header-filter=.* -checks=-*,xilinx-constantarray-param,xilinx-resource-pragma-transformer,xilinx-xfmat-array-geometry -quiet -fix-errors /home/amiri/Documents/Snippets/HLS/sum_io_m/proj_sum_io/solution2/.autopilot/db/sum_io_top.pp.0.c -- -std=gnu89 -fhls -ferror-limit=0 > /home/amiri/Documents/Snippets/HLS/sum_io_m/proj_sum_io/solution2/.autopilot/db/tidy-3.1.sum_io_top.pp.0.c.out.log 2> /home/amiri/Documents/Snippets/HLS/sum_io_m/proj_sum_io/solution2/.autopilot/db/tidy-3.1.sum_io_top.pp.0.c.err.log 
Execute           ap_eval exec -ignorestderr /opt/Xilinx/Vivado/2018.3/lnx64/tools/clang-3.9-csynth/bin/xilinx-legacy-rewriter /home/amiri/Documents/Snippets/HLS/sum_io_m/proj_sum_io/solution2/.autopilot/db/sum_io_top.pp.0.c -- -std=gnu89 -fhls -ferror-limit=0 > /home/amiri/Documents/Snippets/HLS/sum_io_m/proj_sum_io/solution2/.autopilot/db/xilinx-legacy-rewriter.sum_io_top.pp.0.c.out.log 2> /home/amiri/Documents/Snippets/HLS/sum_io_m/proj_sum_io/solution2/.autopilot/db/xilinx-legacy-rewriter.sum_io_top.pp.0.c.err.log 
INFO-FLOW: Done: tidy-3.1 CDT preprocess time: 0.1 seconds per iteration
INFO-FLOW: Pragma Handling...
Execute         tidy_31 xilinx-ssdm-intrinsics-arguments /home/amiri/Documents/Snippets/HLS/sum_io_m/proj_sum_io/solution2/.autopilot/db/sum_io_top.pragma.1.c std=gnu89 
INFO-FLOW: exec /opt/Xilinx/Vivado/2018.3/lnx64/tools/clang-3.9-csynth/bin/tidy-3.1 -header-filter=.* -checks=-*,xilinx-ssdm-intrinsics-arguments -quiet -fix-errors /home/amiri/Documents/Snippets/HLS/sum_io_m/proj_sum_io/solution2/.autopilot/db/sum_io_top.pragma.1.c -- -std=gnu89 -fhls -ferror-limit=0
Execute         get_default_platform 
INFO-FLOW: Processing labels
Execute         clang -src /home/amiri/Documents/Snippets/HLS/sum_io_m/proj_sum_io/solution2/.autopilot/db/sum_io_top.pragma.2.c  -fno-limit-debug-info -gcc-toolchain /opt/Xilinx/Vivado/2018.3/lnx64/tools/gcc -hls -hls-analyze-label -hls-analyze-pragma -fno-exceptions  -D__llvm__  -w  "/home/amiri/Documents/Snippets/HLS/sum_io_m/proj_sum_io/solution2/.autopilot/db/sum_io_top.pragma.2.c"    -fno-math-errno -c -emit-llvm -O0  -mllvm -disable-llvm-optzns -std=gnu89  -DAESL_SYN -D__SYNTHESIS__ -D__HLS_SYN__ -I "/opt/Xilinx/Vivado/2018.3/common/technology/autopilot" -I "/opt/Xilinx/Vivado/2018.3/common/technology/autopilot/ap_sysc" -include etc/autopilot_ssdm_op.h -D__DSP48E1__ -g -o "/home/amiri/Documents/Snippets/HLS/sum_io_m/proj_sum_io/solution2/.autopilot/db/sum_io_top.bc" 
INFO-FLOW: exec /opt/Xilinx/Vivado/2018.3/lnx64/tools/clang/bin/clang -fno-limit-debug-info -gcc-toolchain /opt/Xilinx/Vivado/2018.3/lnx64/tools/gcc -hls -hls-analyze-label -hls-analyze-pragma -fno-exceptions -D__llvm__ -w /home/amiri/Documents/Snippets/HLS/sum_io_m/proj_sum_io/solution2/.autopilot/db/sum_io_top.pragma.2.c -fno-math-errno -c -emit-llvm -O0 -mllvm -disable-llvm-optzns -std=gnu89 -DAESL_SYN -D__SYNTHESIS__ -D__HLS_SYN__ -I /opt/Xilinx/Vivado/2018.3/common/technology/autopilot -I /opt/Xilinx/Vivado/2018.3/common/technology/autopilot/ap_sysc -include etc/autopilot_ssdm_op.h -D__DSP48E1__ -g -o /home/amiri/Documents/Snippets/HLS/sum_io_m/proj_sum_io/solution2/.autopilot/db/sum_io_top.bc
Command         clang done; 1.11 sec.
INFO-FLOW: Linking Debug ...
Execute         llvm-ld /home/amiri/Documents/Snippets/HLS/sum_io_m/proj_sum_io/solution2/.autopilot/db/sum_io.g.bc /home/amiri/Documents/Snippets/HLS/sum_io_m/proj_sum_io/solution2/.autopilot/db/sum_io_top.g.bc -hls-opt -except-internalize sum_io_top -L/opt/Xilinx/Vivado/2018.3/lnx64/lib -lhlsm -lhlsmc++ -o /home/amiri/Documents/Snippets/HLS/sum_io_m/proj_sum_io/solution2/.autopilot/db/a.g 
Command         llvm-ld done; 0.55 sec.
INFO: [HLS 200-111] Finished Linking Time (s): cpu = 00:01:04 ; elapsed = 00:01:05 . Memory (MB): peak = 578.961 ; gain = 134.145 ; free physical = 57894 ; free virtual = 63000
INFO: [HLS 200-111] Finished Checking Pragmas Time (s): cpu = 00:01:04 ; elapsed = 00:01:05 . Memory (MB): peak = 578.961 ; gain = 134.145 ; free physical = 57894 ; free virtual = 63000
Execute         get_config_sdx -target 
Execute         opt_and_import_c a -opt_level=2 -skip_syncheck=0 -ng=0 -keep_printf=0 
Execute           cleanup_all_models 
INFO: [HLS 200-10] Starting code transformations ...
Execute           transform -promote-dbg-pointer /home/amiri/Documents/Snippets/HLS/sum_io_m/proj_sum_io/solution2/.autopilot/db/a.pp.bc -o /home/amiri/Documents/Snippets/HLS/sum_io_m/proj_sum_io/solution2/.autopilot/db/a.pp.0.bc -f 
Execute           llvm-ld /home/amiri/Documents/Snippets/HLS/sum_io_m/proj_sum_io/solution2/.autopilot/db/a.pp.0.bc -disable-opt -L/opt/Xilinx/Vivado/2018.3/lnx64/lib -lfloatconversion -o /home/amiri/Documents/Snippets/HLS/sum_io_m/proj_sum_io/solution2/.autopilot/db/a.g.0 
Command           llvm-ld done; 0.54 sec.
INFO-FLOW: Running Standard Transforms...
Execute           transform -hls -share-std-xform -demangle-name -inline-byval-memcpy -always-inline -promote-dbg-pointer -interface-preproc -mem2reg -lower-blackbox -scalarrepl -mem2reg -keep-read-access -instcombine -dce -promote-dbg-pointer -bitop-raise -loop-simplify -indvarspre -indvars -loop-simplify -xunroll -constprop -instcombine -simplifycfg -indvars -simplifycfg -dce -globaldce -basicaa -simplifycfg -mem2reg -globalopt -global-constprop -deadargelim -instcombine -simplifycfg -prune-eh -simplifycfg -scalarrepl -instcombine -reassociate -licm -simplifycfg -loop-simplify -indvars -instcombine -simplifycfg -mem2reg -loop-simplify -indvars -instcombine -gvn -gvn -instcombine -adce -break-crit-edges -simplifycfg -loop-delete -global-array-opt -dce -dse -adce -find-syn-modules -top sum_io_top -deadargelim -mem2reg -instcombine -dce -presyn-prepare -auto-rom-infer -interface-preproc -syn-check -check-rec-only -find-region -simplifycfg -func-extr -function-inline -globaldce -mem2reg -instcombine -dce -gvn -globaldce -adce -adse -constprop -instcombine -bit-constprop -instcombine -dce -simplifycfg -bitop-raise -simplifycfg -dce -loop-delete -reassociate -globalopt -global-privatize -mem2reg -dce -global-constprop -pointer-simplify -constprop -dce -func-inst -deadargelim -auto-shift-reg-idiom -promote-dbg-pointer -norm-name /home/amiri/Documents/Snippets/HLS/sum_io_m/proj_sum_io/solution2/.autopilot/db/a.g.0.bc -o /home/amiri/Documents/Snippets/HLS/sum_io_m/proj_sum_io/solution2/.autopilot/db/a.g.1.bc -f -phase std-opt 
INFO: [HLS 200-111] Finished Standard Transforms Time (s): cpu = 00:01:04 ; elapsed = 00:01:05 . Memory (MB): peak = 578.961 ; gain = 134.145 ; free physical = 57894 ; free virtual = 63000
INFO: [HLS 200-10] Checking synthesizability ...
INFO-FLOW: Checking Synthesizability 1/2..
Execute           transform -hls -syn-check -check-rec-only -disaggr -scalarrepl -norm-name -dce -mem2reg -instcombine -function-uniquify -directive-preproc -mem2reg -dse -dce -auto-rom-infer -dce -pag -array-normalize -instcombine -dce -warn-fifo-pointer -array-seg-normalize -instcombine -dce -array-flatten -instcombine -dce -array-burst -dce -deadargelim -promote-global-argument -simplifycfg -mem2reg -globaldce -resolve-double-ptr -dce -deadargelim -dce -instcombine -function-inline -globaldce -dce -doublePtrSimplify -doublePtrElim -dce -doublePtrSimplify -promote-dbg-pointer -dce -scalarrepl -dse -adse -instcombine -ptrLegalization -simplifycfg -dce -instcombine -pointer-simplify -ptrArgReplace -dce -instcombine -disaggr -scalarrepl -norm-name -dce -mem2reg -instcombine -ptrLegalization -simplifycfg -deadargelim -instcombine -dce -inst-simplify -function-uniquify -directive-preproc -mem2reg -dse -dce -globaldce -check-dspbuiltin /home/amiri/Documents/Snippets/HLS/sum_io_m/proj_sum_io/solution2/.autopilot/db/a.g.1.bc -o /home/amiri/Documents/Snippets/HLS/sum_io_m/proj_sum_io/solution2/.autopilot/db/a.g.2.prechk.bc -f 
INFO: [XFORM 203-602] Inlining function 'sum_io_2' into 'sum_io_top' (sum_io_top.c:17) automatically.
INFO-FLOW: Checking Synthesizability 2/2..
Execute           transform -syn-check /home/amiri/Documents/Snippets/HLS/sum_io_m/proj_sum_io/solution2/.autopilot/db/a.g.2.prechk.bc -o /home/amiri/Documents/Snippets/HLS/sum_io_m/proj_sum_io/solution2/.autopilot/db/a.g.2.bc -f -phase syn-check 
WARNING: [SYNCHK 200-77] The top function 'sum_io_top' (sum_io_top.c:3) has no outputs. Possible cause(s) are: (1) Output parameters are passed by value; (2) intended outputs (parameters or global variables) are never written; (3) there are infinite loops.
INFO: [SYNCHK 200-10] 0 error(s), 1 warning(s).
INFO: [HLS 200-111] Finished Checking Synthesizability Time (s): cpu = 00:01:04 ; elapsed = 00:01:05 . Memory (MB): peak = 578.961 ; gain = 134.145 ; free physical = 57894 ; free virtual = 63001
INFO-FLOW: Compiler optimizing ...
INFO-FLOW: Share syncheck's 1.bc for syn flow: copy /home/amiri/Documents/Snippets/HLS/sum_io_m/proj_sum_io/solution2/.autopilot/db/a.g.1.bc to /home/amiri/Documents/Snippets/HLS/sum_io_m/proj_sum_io/solution2/.autopilot/db/a.o.1.bc
INFO-FLOW: Presyn 1...
Execute           transform -hls -tmp /home/amiri/Documents/Snippets/HLS/sum_io_m/proj_sum_io/solution2/.autopilot/db -interface-port-rename -type-info -function-uniquify -directive-preproc -mem2reg -dse -dce -disaggr -scalarrepl -norm-name -deadargelim -mem2reg -instcombine -dce -simplifycfg -auto-rom-infer -dce -function-uniquify -resource-proc -simplifycfg -mem2reg -globaldce -resolve-double-ptr -dce -deadargelim -dce -instcombine -clib-intrinsic-prepare -dce -func-buffer -dce -pag -array-normalize -func-legal -instcombine -gvn -constprop -dce -ptrArgReplace -mem2reg -instcombine -dce -array-seg-normalize -deadargelim -instcombine -dce -pointer-simplify -dce -port-alignment -dce -interface-preproc -data-pack -instcombine -dce -basicaa -aggr-aa -aggrmodref-aa -aggr-aa -gvn -gvn -basicaa -aggr-aa -aggrmodref-aa -aggr-aa -dse -adse -adce -loop-simplify -indvars -instcombine -gvn -loop-simplify -mem2reg -dce -find-region -instcombine -auto-loop-pipeline -inst-simplify -interface-preproc -cfgopt -instcombine -indvars -auto-loop-unroll -loop-simplify -loop-bound -xunroll -constprop -instcombine -simplifycfg -indvars -simplifycfg -dce -globaldce -clean-region -attach-range -gvn -inst-simplify -constprop -simplifycfg -dce -pointer-simplify -dce -globalopt -constprop -dce -array-promote -constprop -instcombine -dce -ptrArgReplace -mem2reg -instcombine -simplifycfg -dce -auto-par -instcombine -dce -array-transform-check -array-reshape -instcombine -simplifycfg -dce -ptrArgReplace -deadargelim -mem2reg -instcombine -simplifycfg -dce -indvars -loop-simplify -loop-bound -xunroll -constprop -instcombine -simplifycfg -indvars -simplifycfg -dce -globaldce -basicaa -aggr-aa -aggrmodref-aa -aggr-aa -dse -duplicate-dataflow-processes -globaldce -instcombine -array-partition -instcombine -simplifycfg -dce -ptrArgReplace -global-constprop -deadargelim -mem2reg -func-legal -instcombine -dce -global-constprop -deadargelim -mem2reg -instcombine -simplifycfg -dce -merge-param -deadargelim -globalopt -constprop -dce -array-promote -constprop -instcombine -dce -ptrArgReplace -mem2reg -instcombine -simplifycfg -dce -mem-intrinsic-preproc -dce -global-internalize -global-privatize -mem2reg -globaldce -promote-global-argument -ptrArgReplace -mem2reg -instcombine -dce -globalopt -mergereturn -simplify-global-access -mem2reg -dce -pointer-simplify -dce -functionattrs -basicaa -aggr-aa -aggrmodref-aa -aggr-aa -gvn -gvn -basicaa -aggr-aa -aggrmodref-aa -aggr-aa -dse -adse -adce -inst-simplify -dce -norm-name -function-inline -globaldce -func-inst -constprop -instcombine -simplifycfg -dce -func-legal -dce -loop-bound -arraycheck -bitwidthmin -on-by-dataflow -loop-delete -instcombine -simplifycfg -globaldce -dce -gvn -deadargelim -dce -loop-simplify -clean-region -simplifycfg -propagate-stable-arguments -loop-stream -instcombine -simplifycfg -dce -globaldce -duplicate-dataflow-processes -stream-intrinsic-preproc -dce -check-ap-stream -loop-simplify -eliminate-keepreads -extract-dataflow-in-loop -loop-simplify -dce -gvn -deadargelim -dse -check-dataflow-syntax -legalize-stream-variable -legalize-global -extract-subproc -dce -dead-channel-elimination -canonicalize-gep -globaldce -dce -gvn -deadargelim -annotate-dataflow-channels -scalar-propagation -deadargelim -globaldce -mem2reg -check-dataflow-channels -function-stream -dce -globaldce -prop-fifo-spec -internal-stream-gen -canonicalize-gep -globaldce -dce -gvn -deadargelim -mergereturn -indvars -loop-simplify -instcombine -array-stream -array-seg-normalize -array-partition -func-legal -instcombine -simplifycfg -dce -bundle-memfifo-ops -deadargelim -function-uniquify -directive-preproc -mem2reg -dse -dce -group-axi-access -licm -simplifycfg -dce -loop-delete -norm-name /home/amiri/Documents/Snippets/HLS/sum_io_m/proj_sum_io/solution2/.autopilot/db/a.o.1.bc -o /home/amiri/Documents/Snippets/HLS/sum_io_m/proj_sum_io/solution2/.autopilot/db/a.o.1.tmp.bc -f 
INFO-FLOW: Presyn 2...
Execute           transform -hls -keep-callgraph -scalarrepl -mem2reg -port-alignment -attach-range -dce -pipe-mux-gen -indvars -loop-bound -inst-simplify -instcombine -dce -merge-array-access -mem2reg -dce -clean-region -mergereturn -if-conv -instcombine -dce -constprop -basicaa -aggr-aa -aggrmodref-aa -aggr-aa -gvn -gvn -basicaa -aggr-aa -aggrmodref-aa -aggr-aa -dse -adse -adce -scalarrepl -mem2reg -global-constprop -deadargelim -deadargelim -instcombine -dce -simplifycfg -ptrArgReplace -mem2reg -function-inline -globaldce -mem2reg -instcombine -dce -expr-balance -instcombine -dce -bitwidthmin -interface-preproc -directive-preproc -inst-rectify -instcombine -dce -functionattrs -constprop -instcombine -bit-constprop -simplify-global-access -globalopt -globaldce -inst-simplify -instcombine -elimdeaddata -dce -loop-delete -simplifycfg -loop-simplify -auto-burst -norm-name /home/amiri/Documents/Snippets/HLS/sum_io_m/proj_sum_io/solution2/.autopilot/db/a.o.1.tmp.bc -o /home/amiri/Documents/Snippets/HLS/sum_io_m/proj_sum_io/solution2/.autopilot/db/a.o.2.bc -f -phase presyn 
INFO: [HLS 200-111] Finished Pre-synthesis Time (s): cpu = 00:01:04 ; elapsed = 00:01:05 . Memory (MB): peak = 578.961 ; gain = 134.145 ; free physical = 57887 ; free virtual = 62994
INFO-FLOW: Building ssdm...
Execute           transform -hls -function-uniquify -auto-function-inline -globaldce -ptrArgReplace -mem2reg -instcombine -dce -reset-lda -loop-simplify -indvars -licm -loop-dep -loop-bound -licm -loop-simplify -flattenloopnest -array-flatten -gvn -instcombine -dce -array-map -dce -func-legal -gvn -adce -instcombine -cfgopt -simplifycfg -loop-simplify -array-burst -promote-global-argument -dce -axi4-lower -array-seg-normalize -basicaa -aggrmodref-aa -globalsmodref-aa -aggr-aa -gvn -gvn -basicaa -aggrmodref-aa -globalsmodref-aa -aggr-aa -dse -adse -adce -licm -inst-simplify -dce -globaldce -instcombine -array-stream -eliminate-keepreads -instcombine -dce -deadargelim -doublePtrSimplify -doublePtrElim -dce -doublePtrSimplify -promote-dbg-pointer -dce -scalarrepl -mem2reg -disaggr -norm-name -mem2reg -instcombine -dse -adse -adce -ptrLegalization -dce -auto-rom-infer -array-flatten -dce -instcombine -check-doubleptr -loop-rot -constprop -cfgopt -simplifycfg -loop-simplify -indvars -pointer-simplify -dce -loop-bound -loop-simplify -loop-preproc -constprop -global-constprop -gvn -mem2reg -instcombine -dce -loop-bound -loop-merge -dce -bitwidthmin -deadargelim -dce -canonicalize-dataflow -dce -scalar-propagation -deadargelim -globaldce -mem2reg -read-loop-dep -interface-preproc -directive-preproc -interface-gen -bram-byte-enable -deadargelim -inst-simplify -dce -gvn -mem2reg -instcombine -dce -adse -loop-bound -instcombine -cfgopt -simplifycfg -loop-simplify -clean-region -io-protocol -find-region -mem2reg -bitop-raise -inst-simplify -inst-rectify -instcombine -adce -deadargelim -loop-simplify -phi-opt -bitop-raise -cfgopt -simplifycfg -strip-dead-prototypes -interface-lower -bitop-lower -intrinsic-lower -auto-function-inline -basicaa -aggrmodref-aa -globalsmodref-aa -aggr-aa -inst-simplify -simplifycfg -loop-simplify -mergereturn -inst-simplify -inst-rectify -dce -load-elim -bitop-lower -loop-rewind -pointer-simplify -dce -cfgopt -dce -bitwidth -loop-bound -loop-dep -read-loop-dep -dce -check-stream -norm-name -legalize -validate-dataflow -inst-clarity -cdfg-build /home/amiri/Documents/Snippets/HLS/sum_io_m/proj_sum_io/solution2/.autopilot/db/a.o.2.bc -o /home/amiri/Documents/Snippets/HLS/sum_io_m/proj_sum_io/solution2/.autopilot/db/a.o.3.bc -f -phase build-ssdm 
INFO: [HLS 200-111] Finished Architecture Synthesis Time (s): cpu = 00:01:04 ; elapsed = 00:01:05 . Memory (MB): peak = 578.961 ; gain = 134.145 ; free physical = 57887 ; free virtual = 62994
INFO-FLOW: Finish building internal data model.
Command         opt_and_import_c done; 0.63 sec.
Command       elaborate done; 8.17 sec.
Execute       autosyn -from_csynth_design=1 
INFO: [HLS 200-10] Starting hardware synthesis ...
INFO-FLOW: Synthesizing C/C++ design ...
INFO: [HLS 200-10] Synthesizing 'sum_io_top' ...
Execute         ap_set_top_model sum_io_top 
Execute         get_model_list sum_io_top -filter all-wo-channel -topdown 
Execute         preproc_iomode -model sum_io_top 
Execute         preproc_iomode -model sum_io 
Execute         get_model_list sum_io_top -filter all-wo-channel 
INFO-FLOW: Model list for configure: sum_io sum_io_top
INFO-FLOW: Configuring Module : sum_io ...
Execute         set_default_model sum_io 
Execute         apply_spec_resource_limit sum_io 
INFO-FLOW: Configuring Module : sum_io_top ...
Execute         set_default_model sum_io_top 
Execute         apply_spec_resource_limit sum_io_top 
INFO-FLOW: Model list for preprocess: sum_io sum_io_top
INFO-FLOW: Preprocessing Module: sum_io ...
Execute         set_default_model sum_io 
Execute         cdfg_preprocess -model sum_io 
Execute         rtl_gen_preprocess sum_io 
INFO-FLOW: Preprocessing Module: sum_io_top ...
Execute         set_default_model sum_io_top 
Execute         cdfg_preprocess -model sum_io_top 
Execute         rtl_gen_preprocess sum_io_top 
INFO-FLOW: Model list for synthesis: sum_io sum_io_top
INFO: [HLS 200-10] ----------------------------------------------------------------
INFO: [HLS 200-42] -- Implementing module 'sum_io' 
INFO: [HLS 200-10] ----------------------------------------------------------------
Execute         set_default_model sum_io 
Execute         schedule -model sum_io 
INFO: [SCHED 204-11] Starting scheduling ...
INFO: [SCHED 204-11] Finished scheduling.
INFO: [HLS 200-111]  Elapsed time: 41.66 seconds; current allocated memory: 81.613 MB.
Execute         report -o /home/amiri/Documents/Snippets/HLS/sum_io_m/proj_sum_io/solution2/.autopilot/db/sum_io.verbose.sched.rpt -verbose -f 
Execute         db_write -o /home/amiri/Documents/Snippets/HLS/sum_io_m/proj_sum_io/solution2/.autopilot/db/sum_io.sched.adb -f 
INFO-FLOW: Finish scheduling sum_io.
Execute         set_default_model sum_io 
Execute         bind -model sum_io 
BIND OPTION: fu_weight=[ 0.0 -- 1.0 ]
BIND OPTION: model=sum_io
BIND OPTION: reg_weight=[ 0.0 -- 1.0 ]
INFO: [BIND 205-100] Starting micro-architecture generation ...
INFO: [BIND 205-101] Performing variable lifetime analysis.
INFO: [BIND 205-101] Exploring resource sharing.
INFO: [BIND 205-101] Binding ...
INFO: [BIND 205-100] Finished micro-architecture generation.
INFO: [HLS 200-111]  Elapsed time: 0 seconds; current allocated memory: 81.667 MB.
Execute         report -o /home/amiri/Documents/Snippets/HLS/sum_io_m/proj_sum_io/solution2/.autopilot/db/sum_io.verbose.bind.rpt -verbose -f 
Execute         db_write -o /home/amiri/Documents/Snippets/HLS/sum_io_m/proj_sum_io/solution2/.autopilot/db/sum_io.bind.adb -f 
INFO-FLOW: Finish binding sum_io.
INFO: [HLS 200-10] ----------------------------------------------------------------
INFO: [HLS 200-42] -- Implementing module 'sum_io_top' 
INFO: [HLS 200-10] ----------------------------------------------------------------
Execute         set_default_model sum_io_top 
Execute         schedule -model sum_io_top 
INFO: [SCHED 204-11] Starting scheduling ...
INFO: [SCHED 204-11] Finished scheduling.
INFO: [HLS 200-111]  Elapsed time: 0.01 seconds; current allocated memory: 81.693 MB.
Execute         report -o /home/amiri/Documents/Snippets/HLS/sum_io_m/proj_sum_io/solution2/.autopilot/db/sum_io_top.verbose.sched.rpt -verbose -f 
Execute         db_write -o /home/amiri/Documents/Snippets/HLS/sum_io_m/proj_sum_io/solution2/.autopilot/db/sum_io_top.sched.adb -f 
INFO-FLOW: Finish scheduling sum_io_top.
Execute         set_default_model sum_io_top 
Execute         bind -model sum_io_top 
BIND OPTION: fu_weight=[ 0.0 -- 1.0 ]
BIND OPTION: model=sum_io_top
BIND OPTION: reg_weight=[ 0.0 -- 1.0 ]
INFO: [BIND 205-100] Starting micro-architecture generation ...
INFO: [BIND 205-101] Performing variable lifetime analysis.
INFO: [BIND 205-101] Exploring resource sharing.
INFO: [BIND 205-101] Binding ...
INFO: [BIND 205-100] Finished micro-architecture generation.
INFO: [HLS 200-111]  Elapsed time: 0 seconds; current allocated memory: 81.729 MB.
Execute         report -o /home/amiri/Documents/Snippets/HLS/sum_io_m/proj_sum_io/solution2/.autopilot/db/sum_io_top.verbose.bind.rpt -verbose -f 
Execute         db_write -o /home/amiri/Documents/Snippets/HLS/sum_io_m/proj_sum_io/solution2/.autopilot/db/sum_io_top.bind.adb -f 
INFO-FLOW: Finish binding sum_io_top.
Execute         get_model_list sum_io_top -filter all-wo-channel 
INFO-FLOW: Preprocessing for RTLGen ...
Execute         rtl_gen_preprocess sum_io 
Execute         rtl_gen_preprocess sum_io_top 
INFO-FLOW: Model list for RTL generation: sum_io sum_io_top
INFO: [HLS 200-10] ----------------------------------------------------------------
INFO: [HLS 200-10] -- Generating RTL for module 'sum_io' 
INFO: [HLS 200-10] ----------------------------------------------------------------
Execute         get_config_rtl -prefix 
Execute         get_config_rtl -auto_prefix 
Execute         create_rtl_model sum_io -vendor xilinx -mg_file /home/amiri/Documents/Snippets/HLS/sum_io_m/proj_sum_io/solution2/.autopilot/db/sum_io.compgen.tcl 
INFO: [RTGEN 206-100] Finished creating RTL model for 'sum_io'.
INFO: [HLS 200-111]  Elapsed time: 0.01 seconds; current allocated memory: 81.817 MB.
Execute         source /home/amiri/Documents/Snippets/HLS/sum_io_m/proj_sum_io/solution2/.autopilot/db/sum_io_top.rtl_wrap.cfg.tcl 
Execute         gen_rtl sum_io -style xilinx -tracefl mytrace -tracefmt vcd -traceopt all -f -lang sc -o /home/amiri/Documents/Snippets/HLS/sum_io_m/proj_sum_io/solution2/syn/systemc/sum_io -synmodules sum_io sum_io_top 
Execute         gen_rtl sum_io -style xilinx -f -lang vhdl -o /home/amiri/Documents/Snippets/HLS/sum_io_m/proj_sum_io/solution2/syn/vhdl/sum_io 
Execute         gen_rtl sum_io -style xilinx -f -lang vlog -o /home/amiri/Documents/Snippets/HLS/sum_io_m/proj_sum_io/solution2/syn/verilog/sum_io 
Execute         gen_tb_info sum_io -o /home/amiri/Documents/Snippets/HLS/sum_io_m/proj_sum_io/solution2/.autopilot/db/sum_io -p /home/amiri/Documents/Snippets/HLS/sum_io_m/proj_sum_io/solution2/.autopilot/db 
Execute         report -model sum_io -o /home/amiri/Documents/Snippets/HLS/sum_io_m/proj_sum_io/solution2/syn/report/sum_io_csynth.rpt -f 
Execute         report -model sum_io -o /home/amiri/Documents/Snippets/HLS/sum_io_m/proj_sum_io/solution2/syn/report/sum_io_csynth.xml -f -x 
Execute         report -model sum_io -o /home/amiri/Documents/Snippets/HLS/sum_io_m/proj_sum_io/solution2/.autopilot/db/sum_io.verbose.rpt -verbose -f 
Execute         db_write -model sum_io -o /home/amiri/Documents/Snippets/HLS/sum_io_m/proj_sum_io/solution2/.autopilot/db/sum_io.adb -f 
INFO: [HLS 200-10] ----------------------------------------------------------------
INFO: [HLS 200-10] -- Generating RTL for module 'sum_io_top' 
INFO: [HLS 200-10] ----------------------------------------------------------------
Execute         get_config_rtl -prefix 
Execute         get_config_rtl -auto_prefix 
Execute         create_rtl_model sum_io_top -vendor xilinx -mg_file /home/amiri/Documents/Snippets/HLS/sum_io_m/proj_sum_io/solution2/.autopilot/db/sum_io_top.compgen.tcl 
INFO: [RTGEN 206-500] Setting interface mode on function 'sum_io_top' to 'ap_ctrl_hs'.
INFO: [RTGEN 206-100] Finished creating RTL model for 'sum_io_top'.
INFO: [HLS 200-111]  Elapsed time: 0.01 seconds; current allocated memory: 81.997 MB.
Execute         source /home/amiri/Documents/Snippets/HLS/sum_io_m/proj_sum_io/solution2/.autopilot/db/sum_io_top.rtl_wrap.cfg.tcl 
Execute         gen_rtl sum_io_top -istop -style xilinx -tracefl mytrace -tracefmt vcd -traceopt all -f -lang sc -o /home/amiri/Documents/Snippets/HLS/sum_io_m/proj_sum_io/solution2/syn/systemc/sum_io_top -synmodules sum_io sum_io_top 
Execute         gen_rtl sum_io_top -istop -style xilinx -f -lang vhdl -o /home/amiri/Documents/Snippets/HLS/sum_io_m/proj_sum_io/solution2/syn/vhdl/sum_io_top 
Execute         gen_rtl sum_io_top -istop -style xilinx -f -lang vlog -o /home/amiri/Documents/Snippets/HLS/sum_io_m/proj_sum_io/solution2/syn/verilog/sum_io_top 
Execute         export_constraint_db -o /home/amiri/Documents/Snippets/HLS/sum_io_m/proj_sum_io/solution2/.autopilot/db/sum_io_top.constraint.tcl -f -tool general 
Execute         report -model sum_io_top -o /home/amiri/Documents/Snippets/HLS/sum_io_m/proj_sum_io/solution2/.autopilot/db/sum_io_top.design.xml -verbose -f -dv 
Execute         report -model sum_io_top -o /home/amiri/Documents/Snippets/HLS/sum_io_m/proj_sum_io/solution2/.autopilot/db/sum_io_top.sdaccel.xml -verbose -f -sdaccel 
Execute         gen_tb_info sum_io_top -o /home/amiri/Documents/Snippets/HLS/sum_io_m/proj_sum_io/solution2/.autopilot/db/sum_io_top -p /home/amiri/Documents/Snippets/HLS/sum_io_m/proj_sum_io/solution2/.autopilot/db 
Execute         report -model sum_io_top -o /home/amiri/Documents/Snippets/HLS/sum_io_m/proj_sum_io/solution2/syn/report/sum_io_top_csynth.rpt -f 
Execute         report -model sum_io_top -o /home/amiri/Documents/Snippets/HLS/sum_io_m/proj_sum_io/solution2/syn/report/sum_io_top_csynth.xml -f -x 
Execute         report -model sum_io_top -o /home/amiri/Documents/Snippets/HLS/sum_io_m/proj_sum_io/solution2/.autopilot/db/sum_io_top.verbose.rpt -verbose -f 
Execute         db_write -model sum_io_top -o /home/amiri/Documents/Snippets/HLS/sum_io_m/proj_sum_io/solution2/.autopilot/db/sum_io_top.adb -f 
Execute         sc_get_clocks sum_io_top 
Execute         get_config_export -vivado_clock 
Execute         sc_get_portdomain sum_io_top 
INFO-FLOW: Model list for RTL component generation: sum_io sum_io_top
INFO-FLOW: Handling components in module [sum_io] ... 
Execute         source /home/amiri/Documents/Snippets/HLS/sum_io_m/proj_sum_io/solution2/.autopilot/db/sum_io.compgen.tcl 
INFO-FLOW: Handling components in module [sum_io_top] ... 
Execute         source /home/amiri/Documents/Snippets/HLS/sum_io_m/proj_sum_io/solution2/.autopilot/db/sum_io_top.compgen.tcl 
INFO-FLOW: Append model sum_io
INFO-FLOW: Append model sum_io_top
INFO-FLOW: Generating RTL model list ...
INFO-FLOW: All models in this session: sum_io sum_io_top
INFO-FLOW: To file: write model sum_io
INFO-FLOW: To file: write model sum_io_top
INFO-FLOW: Finished generating RTL model list.


INFO-FLOW: RTL Generation done.
INFO-FLOW: CAS Generation done.
INFO-FLOW: CBC Generation done.
INFO-FLOW: DBG:CMD: auto_generate_csynth_design
INFO-FLOW: DBG:CMD:     auto_generate --sim-model -phase csynth_design -d /home/amiri/Documents/Snippets/HLS/sum_io_m/proj_sum_io/solution2
Execute         source /home/amiri/Documents/Snippets/HLS/sum_io_m/proj_sum_io/solution2/.autopilot/db/global.setting.tcl 
INFO-FLOW: DBG:CMD: read_platform_lib /home/amiri/Documents/Snippets/HLS/sum_io_m/proj_sum_io/solution2/.autopilot/db/global.setting.tcl
Execute         source /opt/Xilinx/Vivado/2018.3/common/technology/generic/autopilot/common.gen 
Execute           source /opt/Xilinx/Vivado/2018.3/common/technology/generic/autopilot/APCoreGen.gen 
Execute         source /opt/Xilinx/Vivado/2018.3/common/technology/generic/autopilot/op.gen 
Execute         source /opt/Xilinx/Vivado/2018.3/common/technology/generic/autopilot/op_simcore.gen 
Execute         source /opt/Xilinx/Vivado/2018.3/common/technology/generic/autopilot/interface.gen 
Execute         source /home/amiri/Documents/Snippets/HLS/sum_io_m/proj_sum_io/solution2/.autopilot/db/global.setting.tcl 
Execute         source /opt/Xilinx/Vivado/2018.3/common/technology/xilinx/zynq/zynq.gen 
Execute           source /opt/Xilinx/Vivado/2018.3/common/technology/xilinx/common/virtex.gen 
Execute             source /opt/Xilinx/Vivado/2018.3/common/technology/xilinx/common/xilinx.gen 
Execute               source /opt/Xilinx/Vivado/2018.3/common/technology/xilinx/interface/plb46.gen 
Execute               source /opt/Xilinx/Vivado/2018.3/common/technology/xilinx/interface/fsl.gen 
Execute               source /opt/Xilinx/Vivado/2018.3/common/technology/xilinx/interface/axi4.gen 
Execute               source /opt/Xilinx/Vivado/2018.3/common/technology/xilinx/interface/nativeAXI4.gen 
Execute                 source /opt/Xilinx/Vivado/2018.3/common/technology/xilinx/interface/saxilite.gen 
Execute                 source /opt/Xilinx/Vivado/2018.3/common/technology/xilinx/interface/maxi.gen 
Execute               source /opt/Xilinx/Vivado/2018.3/common/technology/xilinx/scripts/xilinxcoregen.gen 
Execute               source /opt/Xilinx/Vivado/2018.3/common/technology/xilinx/interface/XilEDKCoreGen.gen 
Execute               source /opt/Xilinx/Vivado/2018.3/common/technology/xilinx/ip/dds_compiler.gen 
Execute               source /opt/Xilinx/Vivado/2018.3/common/technology/xilinx/ip/util.gen 
Execute               source /opt/Xilinx/Vivado/2018.3/common/technology/xilinx/ip/xfft.gen 
Execute               source /opt/Xilinx/Vivado/2018.3/common/technology/xilinx/ip/xfir.gen 
Execute             source /opt/Xilinx/Vivado/2018.3/common/technology/xilinx/common/dsp48.gen 
Execute         source /opt/Xilinx/Vivado/2018.3/common/technology/xilinx/zynq/zynq_fpv6.gen 
Execute           source /opt/Xilinx/Vivado/2018.3/common/technology/xilinx/common/xilinx_fpv6.gen 
INFO-FLOW: DBG:CMD:       generate_ip_cores sim=1 export=0 expOnly=0 dstVlogDir=syn/verilog
Execute         source /home/amiri/Documents/Snippets/HLS/sum_io_m/proj_sum_io/solution2/.autopilot/db/global.setting.tcl 
Execute         source /home/amiri/Documents/Snippets/HLS/sum_io_m/proj_sum_io/solution2/.autopilot/db/global.setting.tcl 
Execute         source /home/amiri/Documents/Snippets/HLS/sum_io_m/proj_sum_io/solution2/.autopilot/db/sum_io.compgen.tcl 
Execute         source /home/amiri/Documents/Snippets/HLS/sum_io_m/proj_sum_io/solution2/.autopilot/db/sum_io_top.compgen.tcl 
INFO-FLOW: DBG:CMD:     auto_generate -export -impltomg_flag -rtl both -tool Vivado -pcore_version 1.00.a -phase csynth_design -d /home/amiri/Documents/Snippets/HLS/sum_io_m/proj_sum_io/solution2
Execute         source /home/amiri/Documents/Snippets/HLS/sum_io_m/proj_sum_io/solution2/.autopilot/db/global.setting.tcl 
INFO-FLOW: DBG:CMD: read_platform_lib /home/amiri/Documents/Snippets/HLS/sum_io_m/proj_sum_io/solution2/.autopilot/db/global.setting.tcl
Execute         source /opt/Xilinx/Vivado/2018.3/common/technology/generic/autopilot/common.gen 
Execute           source /opt/Xilinx/Vivado/2018.3/common/technology/generic/autopilot/APCoreGen.gen 
Execute         source /opt/Xilinx/Vivado/2018.3/common/technology/generic/autopilot/op.gen 
Execute         source /opt/Xilinx/Vivado/2018.3/common/technology/generic/autopilot/op_simcore.gen 
Execute         source /opt/Xilinx/Vivado/2018.3/common/technology/generic/autopilot/interface.gen 
Execute         source /home/amiri/Documents/Snippets/HLS/sum_io_m/proj_sum_io/solution2/.autopilot/db/global.setting.tcl 
Execute         source /opt/Xilinx/Vivado/2018.3/common/technology/xilinx/zynq/zynq.gen 
Execute           source /opt/Xilinx/Vivado/2018.3/common/technology/xilinx/common/virtex.gen 
Execute             source /opt/Xilinx/Vivado/2018.3/common/technology/xilinx/common/xilinx.gen 
Execute               source /opt/Xilinx/Vivado/2018.3/common/technology/xilinx/interface/plb46.gen 
Execute               source /opt/Xilinx/Vivado/2018.3/common/technology/xilinx/interface/fsl.gen 
Execute               source /opt/Xilinx/Vivado/2018.3/common/technology/xilinx/interface/axi4.gen 
Execute               source /opt/Xilinx/Vivado/2018.3/common/technology/xilinx/interface/nativeAXI4.gen 
Execute                 source /opt/Xilinx/Vivado/2018.3/common/technology/xilinx/interface/saxilite.gen 
Execute                 source /opt/Xilinx/Vivado/2018.3/common/technology/xilinx/interface/maxi.gen 
Execute               source /opt/Xilinx/Vivado/2018.3/common/technology/xilinx/scripts/xilinxcoregen.gen 
Execute               source /opt/Xilinx/Vivado/2018.3/common/technology/xilinx/interface/XilEDKCoreGen.gen 
Execute               source /opt/Xilinx/Vivado/2018.3/common/technology/xilinx/ip/dds_compiler.gen 
Execute               source /opt/Xilinx/Vivado/2018.3/common/technology/xilinx/ip/util.gen 
Execute               source /opt/Xilinx/Vivado/2018.3/common/technology/xilinx/ip/xfft.gen 
Execute               source /opt/Xilinx/Vivado/2018.3/common/technology/xilinx/ip/xfir.gen 
Execute             source /opt/Xilinx/Vivado/2018.3/common/technology/xilinx/common/dsp48.gen 
Execute         source /opt/Xilinx/Vivado/2018.3/common/technology/xilinx/zynq/zynq_fpv6.gen 
Execute           source /opt/Xilinx/Vivado/2018.3/common/technology/xilinx/common/xilinx_fpv6.gen 
INFO-FLOW: DBG:CMD:       initCTypeInfo top_module=sum_io_top xml_exists=0
Execute         source /home/amiri/Documents/Snippets/HLS/sum_io_m/proj_sum_io/solution2/.autopilot/db/sum_io_top.rtl_wrap.cfg.tcl 
Execute         source /home/amiri/Documents/Snippets/HLS/sum_io_m/proj_sum_io/solution2/.autopilot/db/sum_io_top.rtl_wrap.cfg.tcl 
Execute         source /home/amiri/Documents/Snippets/HLS/sum_io_m/proj_sum_io/solution2/.autopilot/db/sum_io_top.rtl_wrap.cfg.tcl 
Execute         source /home/amiri/Documents/Snippets/HLS/sum_io_m/proj_sum_io/solution2/.autopilot/db/sum_io_top.tbgen.tcl 
Execute         source /home/amiri/Documents/Snippets/HLS/sum_io_m/proj_sum_io/solution2/.autopilot/db/sum_io_top.tbgen.tcl 
INFO-FLOW: DBG:CMD:       export_impl_rtl
INFO-FLOW: DBG:CMD:       generate_ip_cores sim=0 export=0 expOnly=0 dstVlogDir=impl/.verilog
Execute         source /home/amiri/Documents/Snippets/HLS/sum_io_m/proj_sum_io/solution2/.autopilot/db/global.setting.tcl 
Execute         source /home/amiri/Documents/Snippets/HLS/sum_io_m/proj_sum_io/solution2/.autopilot/db/sum_io.compgen.tcl 
Execute         source /home/amiri/Documents/Snippets/HLS/sum_io_m/proj_sum_io/solution2/.autopilot/db/sum_io_top.compgen.tcl 
INFO-FLOW: DBG:CMD:       generate_ip_cores sim=0 export=1 expOnly=1 dstVlogDir=impl/.pcores/verilog
Execute         source /home/amiri/Documents/Snippets/HLS/sum_io_m/proj_sum_io/solution2/.autopilot/db/global.setting.tcl 
Execute         source /home/amiri/Documents/Snippets/HLS/sum_io_m/proj_sum_io/solution2/.autopilot/db/sum_io.compgen.tcl 
Execute         source /home/amiri/Documents/Snippets/HLS/sum_io_m/proj_sum_io/solution2/.autopilot/db/sum_io_top.compgen.tcl 
INFO-FLOW: DBG:CMD:       generate_ip_cores sim=0 export=0 expOnly=0 dstVlogDir=impl/.pcores/verilog_sim
Execute         source /home/amiri/Documents/Snippets/HLS/sum_io_m/proj_sum_io/solution2/.autopilot/db/global.setting.tcl 
Execute         source /home/amiri/Documents/Snippets/HLS/sum_io_m/proj_sum_io/solution2/.autopilot/db/sum_io.compgen.tcl 
Execute         source /home/amiri/Documents/Snippets/HLS/sum_io_m/proj_sum_io/solution2/.autopilot/db/sum_io_top.compgen.tcl 
Execute         source /home/amiri/Documents/Snippets/HLS/sum_io_m/proj_sum_io/solution2/.autopilot/db/global.setting.tcl 
Execute         source /home/amiri/Documents/Snippets/HLS/sum_io_m/proj_sum_io/solution2/.autopilot/db/sum_io_top.constraint.tcl 
Execute         source /home/amiri/Documents/Snippets/HLS/sum_io_m/proj_sum_io/solution2/.autopilot/db/sum_io_top.tbgen.tcl 
INFO-FLOW: DBG:CMD:       hasPcoreIpAdapter=false #gSsdmPorts=2
INFO-FLOW: DBG:CMD:       prepArgInfo -> loadAnalyze_DB top_module=sum_io_top
Execute         source /home/amiri/Documents/Snippets/HLS/sum_io_m/proj_sum_io/solution2/.autopilot/db/sum_io_top.rtl_wrap.cfg.tcl 
Execute         source /home/amiri/Documents/Snippets/HLS/sum_io_m/proj_sum_io/solution2/.autopilot/db/sum_io_top.rtl_wrap.cfg.tcl 
Execute         source /home/amiri/Documents/Snippets/HLS/sum_io_m/proj_sum_io/solution2/.autopilot/db/sum_io_top.rtl_wrap.cfg.tcl 
Execute         source /home/amiri/Documents/Snippets/HLS/sum_io_m/proj_sum_io/solution2/.autopilot/db/sum_io_top.tbgen.tcl 
Execute         source /home/amiri/Documents/Snippets/HLS/sum_io_m/proj_sum_io/solution2/.autopilot/db/sum_io_top.tbgen.tcl 
INFO-FLOW: DBG:CMD:       generate_json is_phase_csynth=1 g_has_adaptors=false generate_bd_files=0 #modelList=2 #gSsdmPorts=2
Execute         source /home/amiri/Documents/Snippets/HLS/sum_io_m/proj_sum_io/solution2/.autopilot/db/global.setting.tcl 
Execute         source /home/amiri/Documents/Snippets/HLS/sum_io_m/proj_sum_io/solution2/.autopilot/db/global.setting.tcl 
Execute         source /home/amiri/Documents/Snippets/HLS/sum_io_m/proj_sum_io/solution2/.autopilot/db/sum_io_top.tbgen.tcl 
Execute         source /home/amiri/Documents/Snippets/HLS/sum_io_m/proj_sum_io/solution2/.autopilot/db/global.setting.tcl 
Execute         get_config_sdx -target 
Execute         get_config_export -xo 
Execute         source /home/amiri/Documents/Snippets/HLS/sum_io_m/proj_sum_io/solution2/.autopilot/db/global.setting.tcl 
Execute         source /home/amiri/Documents/Snippets/HLS/sum_io_m/proj_sum_io/solution2/.autopilot/db/sum_io_top.constraint.tcl 
Execute         sc_get_clocks sum_io_top 
Execute         source /home/amiri/Documents/Snippets/HLS/sum_io_m/proj_sum_io/solution2/.autopilot/db/global.setting.tcl 
Execute         get_config_sdx -target 
Execute         get_config_sdx -profile 
Execute         ::config_rtl 
INFO-FLOW: DBG:CMD: add_json_sdx_info kernel file does not exist: /home/amiri/Documents/Snippets/HLS/sum_io_m/proj_sum_io/solution2/.autopilot/db/kernel.internal.xml
INFO-FLOW: DBG:CMD:       delete-temp-dirs (skipped for debug)
INFO: [HLS 200-111] Finished generating all RTL models Time (s): cpu = 00:01:05 ; elapsed = 00:01:06 . Memory (MB): peak = 578.961 ; gain = 134.145 ; free physical = 57883 ; free virtual = 62990
INFO: [SYSC 207-301] Generating SystemC RTL for sum_io_top.
INFO: [VHDL 208-304] Generating VHDL RTL for sum_io_top.
INFO: [VLOG 209-307] Generating Verilog RTL for sum_io_top.
Command       autosyn done; 0.33 sec.
Execute       get_part 
Execute       get_config_export -sdx_tcl 
Command     csynth_design done; 8.5 sec.
Execute     cosim_design -trace_level all 
Execute       source /home/amiri/Documents/Snippets/HLS/sum_io_m/proj_sum_io/solution2/.autopilot/db/global.setting.tcl 
Execute       source /home/amiri/Documents/Snippets/HLS/sum_io_m/proj_sum_io/solution2/.autopilot/db/global.setting.tcl 
Execute       source /home/amiri/Documents/Snippets/HLS/sum_io_m/proj_sum_io/solution2/.autopilot/db/global.setting.tcl 
INFO-FLOW: DBG:CMD: read_platform_lib /home/amiri/Documents/Snippets/HLS/sum_io_m/proj_sum_io/solution2/.autopilot/db/global.setting.tcl
Execute       source /opt/Xilinx/Vivado/2018.3/common/technology/generic/autopilot/common.gen 
Execute         source /opt/Xilinx/Vivado/2018.3/common/technology/generic/autopilot/APCoreGen.gen 
Execute       source /opt/Xilinx/Vivado/2018.3/common/technology/generic/autopilot/op.gen 
Execute       source /opt/Xilinx/Vivado/2018.3/common/technology/generic/autopilot/op_simcore.gen 
Execute       source /opt/Xilinx/Vivado/2018.3/common/technology/generic/autopilot/interface.gen 
Execute       source /home/amiri/Documents/Snippets/HLS/sum_io_m/proj_sum_io/solution2/.autopilot/db/global.setting.tcl 
Execute       source /opt/Xilinx/Vivado/2018.3/common/technology/xilinx/zynq/zynq.gen 
Execute         source /opt/Xilinx/Vivado/2018.3/common/technology/xilinx/common/virtex.gen 
Execute           source /opt/Xilinx/Vivado/2018.3/common/technology/xilinx/common/xilinx.gen 
Execute             source /opt/Xilinx/Vivado/2018.3/common/technology/xilinx/interface/plb46.gen 
Execute             source /opt/Xilinx/Vivado/2018.3/common/technology/xilinx/interface/fsl.gen 
Execute             source /opt/Xilinx/Vivado/2018.3/common/technology/xilinx/interface/axi4.gen 
Execute             source /opt/Xilinx/Vivado/2018.3/common/technology/xilinx/interface/nativeAXI4.gen 
Execute               source /opt/Xilinx/Vivado/2018.3/common/technology/xilinx/interface/saxilite.gen 
Execute               source /opt/Xilinx/Vivado/2018.3/common/technology/xilinx/interface/maxi.gen 
Execute             source /opt/Xilinx/Vivado/2018.3/common/technology/xilinx/scripts/xilinxcoregen.gen 
Execute             source /opt/Xilinx/Vivado/2018.3/common/technology/xilinx/interface/XilEDKCoreGen.gen 
Execute             source /opt/Xilinx/Vivado/2018.3/common/technology/xilinx/ip/dds_compiler.gen 
Execute             source /opt/Xilinx/Vivado/2018.3/common/technology/xilinx/ip/util.gen 
Execute             source /opt/Xilinx/Vivado/2018.3/common/technology/xilinx/ip/xfft.gen 
Execute             source /opt/Xilinx/Vivado/2018.3/common/technology/xilinx/ip/xfir.gen 
Execute           source /opt/Xilinx/Vivado/2018.3/common/technology/xilinx/common/dsp48.gen 
Execute       source /opt/Xilinx/Vivado/2018.3/common/technology/xilinx/zynq/zynq_fpv6.gen 
Execute         source /opt/Xilinx/Vivado/2018.3/common/technology/xilinx/common/xilinx_fpv6.gen 
Execute       source /home/amiri/Documents/Snippets/HLS/sum_io_m/proj_sum_io/solution2/.autopilot/db/global.setting.tcl 
Execute       source /home/amiri/Documents/Snippets/HLS/sum_io_m/proj_sum_io/solution2/.autopilot/db/sum_io_top.rtl_wrap.cfg.tcl 
Execute       source /home/amiri/Documents/Snippets/HLS/sum_io_m/proj_sum_io/solution2/.autopilot/db/sum_io_top.tbgen.tcl 
Execute       is_encrypted /home/amiri/Documents/Snippets/HLS/sum_io_m/dummy_tb.c 
Execute       is_encrypted /home/amiri/Documents/Snippets/HLS/sum_io_m/sum_io.c 
Execute       is_encrypted /home/amiri/Documents/Snippets/HLS/sum_io_m/sum_io_top.c 
Execute       source /home/amiri/Documents/Snippets/HLS/sum_io_m/proj_sum_io/solution2/.autopilot/db/sum_io_top.tbgen.tcl 
Execute       source /home/amiri/Documents/Snippets/HLS/sum_io_m/proj_sum_io/solution2/.autopilot/db/sum_io_top.tbgen.tcl 
INFO: [COSIM 212-47] Using XSIM for RTL simulation.
INFO: [COSIM 212-14] Instrumenting C test bench ...
Execute       get_default_platform 
INFO-FLOW: TB processing: /home/amiri/Documents/Snippets/HLS/sum_io_m/dummy_tb.c /home/amiri/Documents/Snippets/HLS/sum_io_m/proj_sum_io/solution2/./sim/autowrap/testbench/dummy_tb.c_pre.c
Execute       tidy_31 xilinx-tb-xfmat /home/amiri/Documents/Snippets/HLS/sum_io_m/proj_sum_io/solution2/./sim/autowrap/testbench/dummy_tb.c_pre.c std=gnu89 
INFO-FLOW: exec /opt/Xilinx/Vivado/2018.3/lnx64/tools/clang-3.9-csynth/bin/tidy-3.1 -header-filter=.* -checks=-*,xilinx-tb-xfmat -quiet -fix-errors /home/amiri/Documents/Snippets/HLS/sum_io_m/proj_sum_io/solution2/./sim/autowrap/testbench/dummy_tb.c_pre.c -- -std=gnu89 -fhls -ferror-limit=0
INFO-FLOW: Marker-Pragma convertor: /home/amiri/Documents/Snippets/HLS/sum_io_m/proj_sum_io/solution2/./sim/autowrap/testbench/dummy_tb.c_pre.c /home/amiri/Documents/Snippets/HLS/sum_io_m/proj_sum_io/solution2/./sim/autowrap/testbench/dummy_tb.c_pre.c.line.c ./sim/autowrap/testbench/line.tmp 1
INFO-FLOW: Converting Markers to Pragmas...
INFO-FLOW: Marker-Pragma convertor: /home/amiri/Documents/Snippets/HLS/sum_io_m/proj_sum_io/solution2/./sim/autowrap/testbench/dummy_tb.c_pre.c.tb.c.line /home/amiri/Documents/Snippets/HLS/sum_io_m/proj_sum_io/solution2/./sim/autowrap/testbench/dummy_tb.c_pre.c.tb.c ./sim/autowrap/testbench/line.tmp 0
INFO-FLOW: Converting Pragmas to Markers...
Execute       get_default_platform 
INFO-FLOW: TB processing: /home/amiri/Documents/Snippets/HLS/sum_io_m/sum_io.c /home/amiri/Documents/Snippets/HLS/sum_io_m/proj_sum_io/solution2/./sim/autowrap/testbench/sum_io.c_pre.c
Execute       tidy_31 xilinx-tb-xfmat /home/amiri/Documents/Snippets/HLS/sum_io_m/proj_sum_io/solution2/./sim/autowrap/testbench/sum_io.c_pre.c std=gnu89 
INFO-FLOW: exec /opt/Xilinx/Vivado/2018.3/lnx64/tools/clang-3.9-csynth/bin/tidy-3.1 -header-filter=.* -checks=-*,xilinx-tb-xfmat -quiet -fix-errors /home/amiri/Documents/Snippets/HLS/sum_io_m/proj_sum_io/solution2/./sim/autowrap/testbench/sum_io.c_pre.c -- -std=gnu89 -fhls -ferror-limit=0
INFO-FLOW: Marker-Pragma convertor: /home/amiri/Documents/Snippets/HLS/sum_io_m/proj_sum_io/solution2/./sim/autowrap/testbench/sum_io.c_pre.c /home/amiri/Documents/Snippets/HLS/sum_io_m/proj_sum_io/solution2/./sim/autowrap/testbench/sum_io.c_pre.c.line.c ./sim/autowrap/testbench/line.tmp 1
INFO-FLOW: Converting Markers to Pragmas...
INFO-FLOW: Marker-Pragma convertor: /home/amiri/Documents/Snippets/HLS/sum_io_m/proj_sum_io/solution2/./sim/autowrap/testbench/sum_io.c_pre.c.tb.c.line /home/amiri/Documents/Snippets/HLS/sum_io_m/proj_sum_io/solution2/./sim/autowrap/testbench/sum_io.c_pre.c.tb.c ./sim/autowrap/testbench/line.tmp 0
INFO-FLOW: Converting Pragmas to Markers...
Execute       get_default_platform 
INFO-FLOW: TB processing: /home/amiri/Documents/Snippets/HLS/sum_io_m/sum_io_top.c /home/amiri/Documents/Snippets/HLS/sum_io_m/proj_sum_io/solution2/./sim/autowrap/testbench/sum_io_top.c_pre.c
Execute       tidy_31 xilinx-tb-xfmat /home/amiri/Documents/Snippets/HLS/sum_io_m/proj_sum_io/solution2/./sim/autowrap/testbench/sum_io_top.c_pre.c std=gnu89 
INFO-FLOW: exec /opt/Xilinx/Vivado/2018.3/lnx64/tools/clang-3.9-csynth/bin/tidy-3.1 -header-filter=.* -checks=-*,xilinx-tb-xfmat -quiet -fix-errors /home/amiri/Documents/Snippets/HLS/sum_io_m/proj_sum_io/solution2/./sim/autowrap/testbench/sum_io_top.c_pre.c -- -std=gnu89 -fhls -ferror-limit=0
INFO-FLOW: Marker-Pragma convertor: /home/amiri/Documents/Snippets/HLS/sum_io_m/proj_sum_io/solution2/./sim/autowrap/testbench/sum_io_top.c_pre.c /home/amiri/Documents/Snippets/HLS/sum_io_m/proj_sum_io/solution2/./sim/autowrap/testbench/sum_io_top.c_pre.c.line.c ./sim/autowrap/testbench/line.tmp 1
INFO-FLOW: Converting Markers to Pragmas...
INFO-FLOW: Marker-Pragma convertor: /home/amiri/Documents/Snippets/HLS/sum_io_m/proj_sum_io/solution2/./sim/autowrap/testbench/sum_io_top.c_pre.c.tb.c.line /home/amiri/Documents/Snippets/HLS/sum_io_m/proj_sum_io/solution2/./sim/autowrap/testbench/sum_io_top.c_pre.c.tb.c ./sim/autowrap/testbench/line.tmp 0
INFO-FLOW: Converting Pragmas to Markers...
Execute       source /home/amiri/Documents/Snippets/HLS/sum_io_m/proj_sum_io/solution2/./sim/autowrap/testbench/tb.status.tcl 
Execute       source /home/amiri/Documents/Snippets/HLS/sum_io_m/proj_sum_io/solution2/.autopilot/db/global.setting.tcl 
Execute       source /home/amiri/Documents/Snippets/HLS/sum_io_m/proj_sum_io/solution2/.autopilot/db/sum_io_top.rtl_wrap.cfg.tcl 
Execute       source /home/amiri/Documents/Snippets/HLS/sum_io_m/proj_sum_io/solution2/.autopilot/db/sum_io_top.rtl_wrap.cfg.tcl 
Execute       source /home/amiri/Documents/Snippets/HLS/sum_io_m/proj_sum_io/solution2/.autopilot/db/sum_io_top.rtl_wrap.cfg.tcl 
Execute       source /home/amiri/Documents/Snippets/HLS/sum_io_m/proj_sum_io/solution2/.autopilot/db/sum_io_top.tbgen.tcl 
Execute       source /home/amiri/Documents/Snippets/HLS/sum_io_m/proj_sum_io/solution2/.autopilot/db/sum_io_top.tbgen.tcl 
Execute       get_default_platform 
Execute       source /home/amiri/Documents/Snippets/HLS/sum_io_m/proj_sum_io/solution2/.autopilot/db/sum_io_top.rtl_wrap.cfg.tcl 
Execute       source .run_sim.tcl 
INFO: [COSIM 212-302] Starting C TB testing ... 
Command       ap_source done; 0.16 sec.
INFO: [COSIM 212-333] Generating C post check test bench ...
Execute       get_default_platform 
Execute       source /home/amiri/Documents/Snippets/HLS/sum_io_m/proj_sum_io/solution2/.autopilot/db/sum_io_top.rtl_wrap.cfg.tcl 
INFO: [COSIM 212-12] Generating RTL test bench ...
Execute       source /home/amiri/Documents/Snippets/HLS/sum_io_m/proj_sum_io/solution2/.autopilot/db/sum_io_top.tbgen.tcl 
Execute       source /home/amiri/Documents/Snippets/HLS/sum_io_m/proj_sum_io/solution2/.autopilot/db/sum_io_top.tbgen.tcl 
Execute       source /home/amiri/Documents/Snippets/HLS/sum_io_m/proj_sum_io/solution2/.autopilot/db/sum_io_top.tbgen.tcl 
Execute       source /home/amiri/Documents/Snippets/HLS/sum_io_m/proj_sum_io/solution2/.autopilot/db/sum_io_top.tbgen.tcl 
Execute       source ../tv/cdatafile/ref.tcl 
Execute       source /home/amiri/Documents/Snippets/HLS/sum_io_m/proj_sum_io/solution2/.autopilot/db/sum_io_top.tbgen.tcl 
Execute       source /home/amiri/Documents/Snippets/HLS/sum_io_m/proj_sum_io/solution2/.autopilot/db/sum_io_top.tbgen.tcl 
Execute       source /home/amiri/Documents/Snippets/HLS/sum_io_m/proj_sum_io/solution2/.autopilot/db/sum_io_top.tbgen.tcl 
Execute       source /home/amiri/Documents/Snippets/HLS/sum_io_m/proj_sum_io/solution2/.autopilot/db/sum_io_top.tbgen.tcl 
Execute       source /home/amiri/Documents/Snippets/HLS/sum_io_m/proj_sum_io/solution2/.autopilot/db/sum_io_top.tbgen.tcl 
Execute       source /home/amiri/Documents/Snippets/HLS/sum_io_m/proj_sum_io/solution2/.autopilot/db/sum_io_top.tbgen.tcl 
Execute       source /home/amiri/Documents/Snippets/HLS/sum_io_m/proj_sum_io/solution2/.autopilot/db/sum_io_top.tbgen.tcl 
Execute       source /home/amiri/Documents/Snippets/HLS/sum_io_m/proj_sum_io/solution2/.autopilot/db/sum_io_top.tbgen.tcl 
Execute       source /home/amiri/Documents/Snippets/HLS/sum_io_m/proj_sum_io/solution2/.autopilot/db/sum_io_top.tbgen.tcl 
Execute       source /home/amiri/Documents/Snippets/HLS/sum_io_m/proj_sum_io/solution2/.autopilot/db/sum_io_top.tbgen.tcl 
Execute       source /home/amiri/Documents/Snippets/HLS/sum_io_m/proj_sum_io/solution2/.autopilot/db/sum_io_top.tbgen.tcl 
Execute       source /home/amiri/Documents/Snippets/HLS/sum_io_m/proj_sum_io/solution2/.autopilot/db/sum_io_top.tbgen.tcl 
Execute       source /home/amiri/Documents/Snippets/HLS/sum_io_m/proj_sum_io/solution2/.autopilot/db/sum_io_top.tbgen.tcl 
Execute       source /home/amiri/Documents/Snippets/HLS/sum_io_m/proj_sum_io/solution2/.autopilot/db/sum_io_top.tbgen.tcl 
Execute       source /home/amiri/Documents/Snippets/HLS/sum_io_m/proj_sum_io/solution2/.autopilot/db/sum_io_top.tbgen.tcl 
Execute       source /home/amiri/Documents/Snippets/HLS/sum_io_m/proj_sum_io/solution2/.autopilot/db/sum_io_top.tbgen.tcl 
Execute       source ../tv/cdatafile/ref.tcl 
Execute       source /home/amiri/Documents/Snippets/HLS/sum_io_m/proj_sum_io/solution2/.autopilot/db/sum_io_top.tbgen.tcl 
Execute       source /home/amiri/Documents/Snippets/HLS/sum_io_m/proj_sum_io/solution2/.autopilot/db/sum_io_top.tbgen.tcl 
Execute       source /home/amiri/Documents/Snippets/HLS/sum_io_m/proj_sum_io/solution2/.autopilot/db/sum_io_top.tbgen.tcl 
Execute       source /home/amiri/Documents/Snippets/HLS/sum_io_m/proj_sum_io/solution2/.autopilot/db/sum_io_top.tbgen.tcl 
Execute       source /home/amiri/Documents/Snippets/HLS/sum_io_m/proj_sum_io/solution2/.autopilot/db/sum_io_top.tbgen.tcl 
Execute       source /home/amiri/Documents/Snippets/HLS/sum_io_m/proj_sum_io/solution2/.autopilot/db/sum_io_top.tbgen.tcl 
Execute       source /home/amiri/Documents/Snippets/HLS/sum_io_m/proj_sum_io/solution2/.autopilot/db/sum_io_top.tbgen.tcl 
Execute       source /home/amiri/Documents/Snippets/HLS/sum_io_m/proj_sum_io/solution2/.autopilot/db/sum_io_top.tbgen.tcl 
Execute       source /home/amiri/Documents/Snippets/HLS/sum_io_m/proj_sum_io/solution2/.autopilot/db/sum_io_top.tbgen.tcl 
Execute       source /home/amiri/Documents/Snippets/HLS/sum_io_m/proj_sum_io/solution2/.autopilot/db/sum_io_top.tbgen.tcl 
Execute       source /home/amiri/Documents/Snippets/HLS/sum_io_m/proj_sum_io/solution2/.autopilot/db/sum_io_top.tbgen.tcl 
Execute       source /home/amiri/Documents/Snippets/HLS/sum_io_m/proj_sum_io/solution2/.autopilot/db/sum_io_top.tbgen.tcl 
Execute       source .run_sim.tcl 
Execute         source check_sim.tcl 
Execute         source .sim.status.tcl 
INFO: [COSIM 212-323] Starting verilog simulation. 
INFO: [COSIM 212-15] Starting XSIM ...
INFO: [COSIM 212-316] Starting C post checking ...
Command       ap_source done; 8.65 sec.
INFO: [COSIM 212-1000] *** C/RTL co-simulation finished: PASS ***
INFO: [COSIM 212-211] II is measurable only when transaction number is greater than 1 in RTL simulation. Otherwise, they will be marked as all NA. If user wants to calculate them, please make sure there are at least 2 transactions in RTL simulation.
Command     cosim_design done; 26.82 sec.
Execute     export_design 
Execute       get_config_export -acc 
Execute       get_config_export -clock_margin 
Execute       get_config_export -custom_script 
Execute       get_config_export -description 
Execute       get_config_export -display_name 
Execute       get_config_export -driver_input_dir 
Execute       get_config_export -format 
Execute       get_config_export -ipname 
Execute       get_config_export -kernel_drc 
Execute       get_config_export -library 
Execute       get_config_export -qor_test 
Execute       get_config_export -rtl 
Execute       get_config_export -sdaccel 
Execute       get_config_export -sim 
Execute       get_config_export -taxonomy 
Execute       get_config_export -use_ip 
Execute       get_config_export -use_netlist 
Execute       get_config_export -vendor 
Execute       get_config_export -version 
Execute       get_config_export -xo 
INFO-FLOW: DBG:CMD: export_design_wrap: 
Execute       source /home/amiri/Documents/Snippets/HLS/sum_io_m/proj_sum_io/solution2/.autopilot/db/global.setting.tcl 
Execute       get_config_export -vivado_clock 
Execute       get_top 
Execute       get_config_sdx -target 
Execute       get_config_rtl -auto_prefix 
Execute       get_config_sdx -target 
INFO-FLOW: DBG:CMD:   auto_impl: pack: -export -tool vivado -sdx-target none
Execute       source /home/amiri/Documents/Snippets/HLS/sum_io_m/proj_sum_io/solution2/.autopilot/db/global.setting.tcl 
INFO-FLOW: DBG:CMD: read_platform_lib /home/amiri/Documents/Snippets/HLS/sum_io_m/proj_sum_io/solution2/.autopilot/db/global.setting.tcl
Execute       source /opt/Xilinx/Vivado/2018.3/common/technology/generic/autopilot/common.gen 
Execute         source /opt/Xilinx/Vivado/2018.3/common/technology/generic/autopilot/APCoreGen.gen 
Execute       source /opt/Xilinx/Vivado/2018.3/common/technology/generic/autopilot/op.gen 
Execute       source /opt/Xilinx/Vivado/2018.3/common/technology/generic/autopilot/op_simcore.gen 
Execute       source /opt/Xilinx/Vivado/2018.3/common/technology/generic/autopilot/interface.gen 
Execute       source /home/amiri/Documents/Snippets/HLS/sum_io_m/proj_sum_io/solution2/.autopilot/db/global.setting.tcl 
Execute       source /opt/Xilinx/Vivado/2018.3/common/technology/xilinx/zynq/zynq.gen 
Execute         source /opt/Xilinx/Vivado/2018.3/common/technology/xilinx/common/virtex.gen 
Execute           source /opt/Xilinx/Vivado/2018.3/common/technology/xilinx/common/xilinx.gen 
Execute             source /opt/Xilinx/Vivado/2018.3/common/technology/xilinx/interface/plb46.gen 
Execute             source /opt/Xilinx/Vivado/2018.3/common/technology/xilinx/interface/fsl.gen 
Execute             source /opt/Xilinx/Vivado/2018.3/common/technology/xilinx/interface/axi4.gen 
Execute             source /opt/Xilinx/Vivado/2018.3/common/technology/xilinx/interface/nativeAXI4.gen 
Execute               source /opt/Xilinx/Vivado/2018.3/common/technology/xilinx/interface/saxilite.gen 
Execute               source /opt/Xilinx/Vivado/2018.3/common/technology/xilinx/interface/maxi.gen 
Execute             source /opt/Xilinx/Vivado/2018.3/common/technology/xilinx/scripts/xilinxcoregen.gen 
Execute             source /opt/Xilinx/Vivado/2018.3/common/technology/xilinx/interface/XilEDKCoreGen.gen 
Execute             source /opt/Xilinx/Vivado/2018.3/common/technology/xilinx/ip/dds_compiler.gen 
Execute             source /opt/Xilinx/Vivado/2018.3/common/technology/xilinx/ip/util.gen 
Execute             source /opt/Xilinx/Vivado/2018.3/common/technology/xilinx/ip/xfft.gen 
Execute             source /opt/Xilinx/Vivado/2018.3/common/technology/xilinx/ip/xfir.gen 
Execute           source /opt/Xilinx/Vivado/2018.3/common/technology/xilinx/common/dsp48.gen 
Execute       source /opt/Xilinx/Vivado/2018.3/common/technology/xilinx/zynq/zynq_fpv6.gen 
Execute         source /opt/Xilinx/Vivado/2018.3/common/technology/xilinx/common/xilinx_fpv6.gen 
Execute       source /home/amiri/Documents/Snippets/HLS/sum_io_m/proj_sum_io/solution2/.autopilot/db/global.setting.tcl 
INFO: [IMPL 213-8] Exporting RTL as a Vivado IP.
Execute       source /home/amiri/Documents/Snippets/HLS/sum_io_m/proj_sum_io/solution2/.autopilot/db/global.setting.tcl 
INFO-FLOW: DBG:CMD: automg_wrap -export -pcore_version 1.00.a -rtl both -sdx-target none -tool Vivado -impltomg_flag
INFO-FLOW: DBG:CMD:     auto_generate -export -pcore_version 1.00.a -rtl both -sdx-target none -tool Vivado -impltomg_flag
Execute       source /home/amiri/Documents/Snippets/HLS/sum_io_m/proj_sum_io/solution2/.autopilot/db/global.setting.tcl 
INFO-FLOW: DBG:CMD: read_platform_lib /home/amiri/Documents/Snippets/HLS/sum_io_m/proj_sum_io/solution2/.autopilot/db/global.setting.tcl
Execute       source /opt/Xilinx/Vivado/2018.3/common/technology/generic/autopilot/common.gen 
Execute         source /opt/Xilinx/Vivado/2018.3/common/technology/generic/autopilot/APCoreGen.gen 
Execute       source /opt/Xilinx/Vivado/2018.3/common/technology/generic/autopilot/op.gen 
Execute       source /opt/Xilinx/Vivado/2018.3/common/technology/generic/autopilot/op_simcore.gen 
Execute       source /opt/Xilinx/Vivado/2018.3/common/technology/generic/autopilot/interface.gen 
Execute       source /home/amiri/Documents/Snippets/HLS/sum_io_m/proj_sum_io/solution2/.autopilot/db/global.setting.tcl 
Execute       source /opt/Xilinx/Vivado/2018.3/common/technology/xilinx/zynq/zynq.gen 
Execute         source /opt/Xilinx/Vivado/2018.3/common/technology/xilinx/common/virtex.gen 
Execute           source /opt/Xilinx/Vivado/2018.3/common/technology/xilinx/common/xilinx.gen 
Execute             source /opt/Xilinx/Vivado/2018.3/common/technology/xilinx/interface/plb46.gen 
Execute             source /opt/Xilinx/Vivado/2018.3/common/technology/xilinx/interface/fsl.gen 
Execute             source /opt/Xilinx/Vivado/2018.3/common/technology/xilinx/interface/axi4.gen 
Execute             source /opt/Xilinx/Vivado/2018.3/common/technology/xilinx/interface/nativeAXI4.gen 
Execute               source /opt/Xilinx/Vivado/2018.3/common/technology/xilinx/interface/saxilite.gen 
Execute               source /opt/Xilinx/Vivado/2018.3/common/technology/xilinx/interface/maxi.gen 
Execute             source /opt/Xilinx/Vivado/2018.3/common/technology/xilinx/scripts/xilinxcoregen.gen 
Execute             source /opt/Xilinx/Vivado/2018.3/common/technology/xilinx/interface/XilEDKCoreGen.gen 
Execute             source /opt/Xilinx/Vivado/2018.3/common/technology/xilinx/ip/dds_compiler.gen 
Execute             source /opt/Xilinx/Vivado/2018.3/common/technology/xilinx/ip/util.gen 
Execute             source /opt/Xilinx/Vivado/2018.3/common/technology/xilinx/ip/xfft.gen 
Execute             source /opt/Xilinx/Vivado/2018.3/common/technology/xilinx/ip/xfir.gen 
Execute           source /opt/Xilinx/Vivado/2018.3/common/technology/xilinx/common/dsp48.gen 
Execute       source /opt/Xilinx/Vivado/2018.3/common/technology/xilinx/zynq/zynq_fpv6.gen 
Execute         source /opt/Xilinx/Vivado/2018.3/common/technology/xilinx/common/xilinx_fpv6.gen 
INFO-FLOW: DBG:CMD:       initCTypeInfo top_module=sum_io_top xml_exists=1
Execute       source /home/amiri/Documents/Snippets/HLS/sum_io_m/proj_sum_io/solution2/.autopilot/db/sum_io_top.rtl_wrap.cfg.tcl 
Execute       source /home/amiri/Documents/Snippets/HLS/sum_io_m/proj_sum_io/solution2/.autopilot/db/sum_io_top.rtl_wrap.cfg.tcl 
Execute       source /home/amiri/Documents/Snippets/HLS/sum_io_m/proj_sum_io/solution2/.autopilot/db/sum_io_top.rtl_wrap.cfg.tcl 
Execute       source /home/amiri/Documents/Snippets/HLS/sum_io_m/proj_sum_io/solution2/.autopilot/db/sum_io_top.tbgen.tcl 
Execute       source /home/amiri/Documents/Snippets/HLS/sum_io_m/proj_sum_io/solution2/.autopilot/db/sum_io_top.tbgen.tcl 
INFO-FLOW: DBG:CMD:       export_impl_rtl
INFO-FLOW: DBG:CMD:       generate_ip_cores sim=0 export=0 expOnly=0 dstVlogDir=impl/.verilog
Execute       source /home/amiri/Documents/Snippets/HLS/sum_io_m/proj_sum_io/solution2/.autopilot/db/global.setting.tcl 
Execute       source /home/amiri/Documents/Snippets/HLS/sum_io_m/proj_sum_io/solution2/.autopilot/db/sum_io.compgen.tcl 
Execute       source /home/amiri/Documents/Snippets/HLS/sum_io_m/proj_sum_io/solution2/.autopilot/db/sum_io_top.compgen.tcl 
INFO-FLOW: DBG:CMD:       generate_ip_cores sim=0 export=1 expOnly=1 dstVlogDir=impl/.pcores/verilog
Execute       source /home/amiri/Documents/Snippets/HLS/sum_io_m/proj_sum_io/solution2/.autopilot/db/global.setting.tcl 
Execute       source /home/amiri/Documents/Snippets/HLS/sum_io_m/proj_sum_io/solution2/.autopilot/db/sum_io.compgen.tcl 
Execute       source /home/amiri/Documents/Snippets/HLS/sum_io_m/proj_sum_io/solution2/.autopilot/db/sum_io_top.compgen.tcl 
INFO-FLOW: DBG:CMD:       generate_ip_cores sim=0 export=0 expOnly=0 dstVlogDir=impl/.pcores/verilog_sim
Execute       source /home/amiri/Documents/Snippets/HLS/sum_io_m/proj_sum_io/solution2/.autopilot/db/global.setting.tcl 
Execute       source /home/amiri/Documents/Snippets/HLS/sum_io_m/proj_sum_io/solution2/.autopilot/db/sum_io.compgen.tcl 
Execute       source /home/amiri/Documents/Snippets/HLS/sum_io_m/proj_sum_io/solution2/.autopilot/db/sum_io_top.compgen.tcl 
Execute       source /home/amiri/Documents/Snippets/HLS/sum_io_m/proj_sum_io/solution2/.autopilot/db/global.setting.tcl 
Execute       source /home/amiri/Documents/Snippets/HLS/sum_io_m/proj_sum_io/solution2/.autopilot/db/sum_io_top.constraint.tcl 
Execute       source /home/amiri/Documents/Snippets/HLS/sum_io_m/proj_sum_io/solution2/.autopilot/db/sum_io_top.tbgen.tcl 
INFO-FLOW: DBG:CMD:       hasPcoreIpAdapter=false #gSsdmPorts=2
INFO-FLOW: DBG:CMD:       generate_ip_script #gSsdmPorts=2
Execute       source /home/amiri/Documents/Snippets/HLS/sum_io_m/proj_sum_io/solution2/.autopilot/db/sum_io_top.tbgen.tcl 
Execute       source /home/amiri/Documents/Snippets/HLS/sum_io_m/proj_sum_io/solution2/.autopilot/db/global.setting.tcl 
Execute       get_config_sdx -target 
INFO-FLOW: DBG:CMD:       generate_ip_auxiliary
Execute       source /home/amiri/Documents/Snippets/HLS/sum_io_m/proj_sum_io/solution2/.autopilot/db/global.setting.tcl 
INFO-FLOW: DBG:CMD:       prepArgInfo -> loadAnalyze_DB top_module=sum_io_top
Execute       source /home/amiri/Documents/Snippets/HLS/sum_io_m/proj_sum_io/solution2/.autopilot/db/sum_io_top.rtl_wrap.cfg.tcl 
Execute       source /home/amiri/Documents/Snippets/HLS/sum_io_m/proj_sum_io/solution2/.autopilot/db/sum_io_top.rtl_wrap.cfg.tcl 
Execute       source /home/amiri/Documents/Snippets/HLS/sum_io_m/proj_sum_io/solution2/.autopilot/db/sum_io_top.rtl_wrap.cfg.tcl 
Execute       source /home/amiri/Documents/Snippets/HLS/sum_io_m/proj_sum_io/solution2/.autopilot/db/sum_io_top.tbgen.tcl 
Execute       source /home/amiri/Documents/Snippets/HLS/sum_io_m/proj_sum_io/solution2/.autopilot/db/sum_io_top.tbgen.tcl 
Execute       source /home/amiri/Documents/Snippets/HLS/sum_io_m/proj_sum_io/solution2/.autopilot/db/sum_io_top.tbgen.tcl 
INFO-FLOW: DBG:CMD:       generate_top_info
INFO-FLOW: DBG:CMD:       prepArgInfo -> loadAnalyze_DB top_module=sum_io_top
Execute       source /home/amiri/Documents/Snippets/HLS/sum_io_m/proj_sum_io/solution2/.autopilot/db/sum_io_top.rtl_wrap.cfg.tcl 
Execute       source /home/amiri/Documents/Snippets/HLS/sum_io_m/proj_sum_io/solution2/.autopilot/db/sum_io_top.rtl_wrap.cfg.tcl 
Execute       source /home/amiri/Documents/Snippets/HLS/sum_io_m/proj_sum_io/solution2/.autopilot/db/sum_io_top.rtl_wrap.cfg.tcl 
Execute       source /home/amiri/Documents/Snippets/HLS/sum_io_m/proj_sum_io/solution2/.autopilot/db/sum_io_top.tbgen.tcl 
Execute       source /home/amiri/Documents/Snippets/HLS/sum_io_m/proj_sum_io/solution2/.autopilot/db/sum_io_top.tbgen.tcl 
Execute       source /home/amiri/Documents/Snippets/HLS/sum_io_m/proj_sum_io/solution2/.autopilot/db/sum_io_top.tbgen.tcl 
Execute       source /home/amiri/Documents/Snippets/HLS/sum_io_m/proj_sum_io/solution2/.autopilot/db/global.setting.tcl 
Execute       source /home/amiri/Documents/Snippets/HLS/sum_io_m/proj_sum_io/solution2/.autopilot/db/sum_io_top.constraint.tcl 
INFO-FLOW: DBG:CMD:       generate_ipi_example_script
INFO-FLOW: DBG:CMD:       generate_syn_sh
Execute       source /home/amiri/Documents/Snippets/HLS/sum_io_m/proj_sum_io/solution2/.autopilot/db/global.setting.tcl 
Execute       source /home/amiri/Documents/Snippets/HLS/sum_io_m/proj_sum_io/solution2/.autopilot/db/global.setting.tcl 
INFO-FLOW: DBG:CMD:       generate_imp_constraints
Execute       source /home/amiri/Documents/Snippets/HLS/sum_io_m/proj_sum_io/solution2/.autopilot/db/sum_io_top.constraint.tcl 
Execute       source /home/amiri/Documents/Snippets/HLS/sum_io_m/proj_sum_io/solution2/.autopilot/db/sum_io_top.tbgen.tcl 
Execute       source /home/amiri/Documents/Snippets/HLS/sum_io_m/proj_sum_io/solution2/.autopilot/db/sum_io_top.constraint.tcl 
Execute       source /home/amiri/Documents/Snippets/HLS/sum_io_m/proj_sum_io/solution2/.autopilot/db/sum_io_top.tbgen.tcl 
INFO-FLOW: DBG:CMD:       copy-tb-rtl-files
INFO-FLOW: DBG:CMD:       copy-tb-data-files
INFO-FLOW: DBG:CMD:       delete-temp-dirs (skipped for debug)
INFO-FLOW: DBG:CMD: read_platform_lib /home/amiri/Documents/Snippets/HLS/sum_io_m/proj_sum_io/solution2/.autopilot/db/global.setting.tcl
Execute       source /opt/Xilinx/Vivado/2018.3/common/technology/generic/autopilot/common.gen 
Execute         source /opt/Xilinx/Vivado/2018.3/common/technology/generic/autopilot/APCoreGen.gen 
Execute       source /opt/Xilinx/Vivado/2018.3/common/technology/generic/autopilot/op.gen 
Execute       source /opt/Xilinx/Vivado/2018.3/common/technology/generic/autopilot/op_simcore.gen 
Execute       source /opt/Xilinx/Vivado/2018.3/common/technology/generic/autopilot/interface.gen 
Execute       source /home/amiri/Documents/Snippets/HLS/sum_io_m/proj_sum_io/solution2/.autopilot/db/global.setting.tcl 
Execute       source /opt/Xilinx/Vivado/2018.3/common/technology/xilinx/zynq/zynq.gen 
Execute         source /opt/Xilinx/Vivado/2018.3/common/technology/xilinx/common/virtex.gen 
Execute           source /opt/Xilinx/Vivado/2018.3/common/technology/xilinx/common/xilinx.gen 
Execute             source /opt/Xilinx/Vivado/2018.3/common/technology/xilinx/interface/plb46.gen 
Execute             source /opt/Xilinx/Vivado/2018.3/common/technology/xilinx/interface/fsl.gen 
Execute             source /opt/Xilinx/Vivado/2018.3/common/technology/xilinx/interface/axi4.gen 
Execute             source /opt/Xilinx/Vivado/2018.3/common/technology/xilinx/interface/nativeAXI4.gen 
Execute               source /opt/Xilinx/Vivado/2018.3/common/technology/xilinx/interface/saxilite.gen 
Execute               source /opt/Xilinx/Vivado/2018.3/common/technology/xilinx/interface/maxi.gen 
Execute             source /opt/Xilinx/Vivado/2018.3/common/technology/xilinx/scripts/xilinxcoregen.gen 
Execute             source /opt/Xilinx/Vivado/2018.3/common/technology/xilinx/interface/XilEDKCoreGen.gen 
Execute             source /opt/Xilinx/Vivado/2018.3/common/technology/xilinx/ip/dds_compiler.gen 
Execute             source /opt/Xilinx/Vivado/2018.3/common/technology/xilinx/ip/util.gen 
Execute             source /opt/Xilinx/Vivado/2018.3/common/technology/xilinx/ip/xfft.gen 
Execute             source /opt/Xilinx/Vivado/2018.3/common/technology/xilinx/ip/xfir.gen 
Execute           source /opt/Xilinx/Vivado/2018.3/common/technology/xilinx/common/dsp48.gen 
Execute       source /opt/Xilinx/Vivado/2018.3/common/technology/xilinx/zynq/zynq_fpv6.gen 
Execute         source /opt/Xilinx/Vivado/2018.3/common/technology/xilinx/common/xilinx_fpv6.gen 
INFO-FLOW: DBG:CMD:     exec /home/amiri/Documents/Snippets/HLS/sum_io_m/proj_sum_io/solution2/impl/ip/pack.sh
Command     export_design done; 6.24 sec.
Execute     cleanup_all 
