

================================================================
== Vivado HLS Report for 'sum_io_top'
================================================================
* Date:           Fri Jun  7 16:17:35 2019

* Version:        2018.3.1 (Build 2489210 on Tue Mar 26 04:40:43 MDT 2019)
* Project:        proj_sum_io
* Solution:       solution2
* Product family: zynquplus
* Target device:  xczu7ev-ffvc1156-2-e


================================================================
== Performance Estimates
================================================================
+ Timing (ns): 
    * Summary: 
    +--------+-------+----------+------------+
    |  Clock | Target| Estimated| Uncertainty|
    +--------+-------+----------+------------+
    |ap_clk  |   4.00|     1.016|        0.50|
    +--------+-------+----------+------------+

+ Latency (clock cycles): 
    * Summary: 
    +-----+-----+-----+-----+---------+
    |  Latency  |  Interval | Pipeline|
    | min | max | min | max |   Type  |
    +-----+-----+-----+-----+---------+
    |    1|    1|    1|    1|   none  |
    +-----+-----+-----+-----+---------+

    + Detail: 
        * Instance: 
        +--------------------------+--------+-----+-----+-----+-----+---------+
        |                          |        |  Latency  |  Interval | Pipeline|
        |         Instance         | Module | min | max | min | max |   Type  |
        +--------------------------+--------+-----+-----+-----+-----+---------+
        |StgValue_10_sum_io_fu_28  |sum_io  |    0|    0|    0|    0|   none  |
        +--------------------------+--------+-----+-----+-----+-----+---------+

        * Loop: 
        N/A

============================================================
+ Verbose Summary: Synthesis Manager
============================================================
InlineROM: 1
ExposeGlobal: 0
============================================================
+ Verbose Summary: CDFG Model
============================================================
IsTopModel: 1
ResetActiveHigh: 1
IsCombinational: 0
IsDatapathOnly: 0
HasWiredReturn: 1
HasMFsm: 0
HasVarLatency: 1
IsPipeline: 0
IsRtlPipelined: 0
IsInstanceOverlapped: 0
IsDontTouch: 0
HasImplIP: 0
IsGatedGlobalClock: 0


============================================================
+ Verbose Summary: Schedule
============================================================
* Number of FSM states : 2
* Pipeline : 0
* Dataflow Pipeline: 0

* FSM state transitions: 
1 --> 
	2  / true
2 --> 

* FSM state operations: 

State 1 <SV = 0> <Delay = 0.00>
ST_1 : Operation 3 [1/1] (0.00ns)   --->   "%sum = alloca i32, align 4" [sum_io_top.c:8]   --->   Operation 3 'alloca' 'sum' <Predicate = true> <Delay = 0.00>
ST_1 : Operation 4 [1/1] (0.00ns)   --->   "store i32 30, i32* %sum, align 4" [sum_io_top.c:14]   --->   Operation 4 'store' <Predicate = true> <Delay = 0.00>

State 2 <SV = 1> <Delay = 1.01>
ST_2 : Operation 5 [1/1] (0.00ns)   --->   "call void (...)* @_ssdm_op_SpecBitsMap(i32 %r_a) nounwind, !map !13"   --->   Operation 5 'specbitsmap' <Predicate = true> <Delay = 0.00>
ST_2 : Operation 6 [1/1] (0.00ns)   --->   "call void (...)* @_ssdm_op_SpecBitsMap(i32 %r_b) nounwind, !map !19"   --->   Operation 6 'specbitsmap' <Predicate = true> <Delay = 0.00>
ST_2 : Operation 7 [1/1] (0.00ns)   --->   "call void (...)* @_ssdm_op_SpecTopModule([11 x i8]* @sum_io_top_str) nounwind"   --->   Operation 7 'spectopmodule' <Predicate = true> <Delay = 0.00>
ST_2 : Operation 8 [1/1] (0.00ns)   --->   "call void (...)* @_ssdm_op_SpecInterface(i32 %r_a, [10 x i8]* @p_str3, i32 0, i32 0, [1 x i8]* @p_str14, i32 0, i32 0, [1 x i8]* @p_str14, [1 x i8]* @p_str14, [1 x i8]* @p_str14, i32 0, i32 0, i32 0, i32 0, [1 x i8]* @p_str14, [1 x i8]* @p_str14) nounwind" [sum_io_top.c:4]   --->   Operation 8 'specinterface' <Predicate = true> <Delay = 0.00>
ST_2 : Operation 9 [1/1] (0.00ns)   --->   "call void (...)* @_ssdm_op_SpecInterface(i32 %r_b, [10 x i8]* @p_str3, i32 0, i32 0, [1 x i8]* @p_str14, i32 0, i32 0, [1 x i8]* @p_str14, [1 x i8]* @p_str14, [1 x i8]* @p_str14, i32 0, i32 0, i32 0, i32 0, [1 x i8]* @p_str14, [1 x i8]* @p_str14) nounwind" [sum_io_top.c:5]   --->   Operation 9 'specinterface' <Predicate = true> <Delay = 0.00>
ST_2 : Operation 10 [1/1] (1.01ns)   --->   "call fastcc void @sum_io(i32* %sum)" [sum_io_top.c:19]   --->   Operation 10 'call' <Predicate = true> <Delay = 1.01> <CoreType = "Generic">   --->   Core 0 '' <Latency = 0> <II = 1> <Delay = 1.00> <Generic> <Opcode : >
ST_2 : Operation 11 [1/1] (0.00ns)   --->   "ret void" [sum_io_top.c:23]   --->   Operation 11 'ret' <Predicate = true> <Delay = 0.00>


============================================================
+ Verbose Summary: Binding
============================================================
STG Binding: 
---------------- STG Properties BEGIN ----------------
- Is combinational: 0
- Is one-state seq: 0
- Is datapath-only: 0
- Is pipelined: 0
- Is top level: 1
Port [ Return ] is wired: 1; IO mode=ap_ctrl_hs:ce=0
Port [ r_a]:  wired=1; compound=0; hidden=0; nouse=1; global=0; static=0; extern=0; dir=0; type=0; pingpong=0; private_global=0; IO mode=ap_none:ce=0
Port [ r_b]:  wired=1; compound=0; hidden=0; nouse=1; global=0; static=0; extern=0; dir=0; type=0; pingpong=0; private_global=0; IO mode=ap_none:ce=0
---------------- STG Properties END ------------------

---------------- Datapath Model BEGIN ----------------

<LifeTime>
<method=bitvector/>
sum         (alloca       ) [ 011]
StgValue_4  (store        ) [ 000]
StgValue_5  (specbitsmap  ) [ 000]
StgValue_6  (specbitsmap  ) [ 000]
StgValue_7  (spectopmodule) [ 000]
StgValue_8  (specinterface) [ 000]
StgValue_9  (specinterface) [ 000]
StgValue_10 (call         ) [ 000]
StgValue_11 (ret          ) [ 000]
</LifeTime>

<model>

<comp_list>
<comp id="0" class="1000" name="r_a">
<pin_list>
<pin id="1" dir="1" index="0" bw="1" slack="2147483647"/>
</pin_list>
<bind>
<StgValue><ssdm name="r_a"/></StgValue>
</bind>
</comp>

<comp id="2" class="1000" name="r_b">
<pin_list>
<pin id="3" dir="1" index="0" bw="1" slack="2147483647"/>
</pin_list>
<bind>
<StgValue><ssdm name="r_b"/></StgValue>
</bind>
</comp>

<comp id="4" class="1001" name="const_4">
<pin_list>
<pin id="5" dir="1" index="0" bw="1" slack="0"/>
</pin_list>
<bind>
<StgValue><ssdm name=""/></StgValue>
</bind>
</comp>

<comp id="6" class="1001" name="const_6">
<pin_list>
<pin id="7" dir="1" index="0" bw="1" slack="0"/>
</pin_list>
<bind>
<StgValue><ssdm name=""/></StgValue>
</bind>
</comp>

<comp id="8" class="1001" name="const_8">
<pin_list>
<pin id="9" dir="1" index="0" bw="1" slack="2147483647"/>
</pin_list>
<bind>
<StgValue><ssdm name="_ssdm_op_SpecBitsMap"/></StgValue>
</bind>
</comp>

<comp id="10" class="1001" name="const_10">
<pin_list>
<pin id="11" dir="1" index="0" bw="1" slack="2147483647"/>
</pin_list>
<bind>
<StgValue><ssdm name="_ssdm_op_SpecTopModule"/></StgValue>
</bind>
</comp>

<comp id="12" class="1001" name="const_12">
<pin_list>
<pin id="13" dir="1" index="0" bw="1" slack="2147483647"/>
</pin_list>
<bind>
<StgValue><ssdm name="sum_io_top_str"/></StgValue>
</bind>
</comp>

<comp id="14" class="1001" name="const_14">
<pin_list>
<pin id="15" dir="1" index="0" bw="1" slack="2147483647"/>
</pin_list>
<bind>
<StgValue><ssdm name="_ssdm_op_SpecInterface"/></StgValue>
</bind>
</comp>

<comp id="16" class="1001" name="const_16">
<pin_list>
<pin id="17" dir="1" index="0" bw="1" slack="2147483647"/>
</pin_list>
<bind>
<StgValue><ssdm name="p_str3"/></StgValue>
</bind>
</comp>

<comp id="18" class="1001" name="const_18">
<pin_list>
<pin id="19" dir="1" index="0" bw="1" slack="2147483647"/>
</pin_list>
<bind>
<StgValue><ssdm name=""/></StgValue>
</bind>
</comp>

<comp id="20" class="1001" name="const_20">
<pin_list>
<pin id="21" dir="1" index="0" bw="1" slack="2147483647"/>
</pin_list>
<bind>
<StgValue><ssdm name="p_str14"/></StgValue>
</bind>
</comp>

<comp id="22" class="1001" name="const_22">
<pin_list>
<pin id="23" dir="1" index="0" bw="1" slack="0"/>
</pin_list>
<bind>
<StgValue><ssdm name="sum_io"/></StgValue>
</bind>
</comp>

<comp id="24" class="1004" name="sum_fu_24">
<pin_list>
<pin id="25" dir="0" index="0" bw="1" slack="0"/>
<pin id="26" dir="1" index="1" bw="32" slack="0"/>
</pin_list>
<bind>
<opcode="alloca(26) " fcode="alloca"/>
<opset="sum/1 "/>
</bind>
</comp>

<comp id="28" class="1004" name="StgValue_10_sum_io_fu_28">
<pin_list>
<pin id="29" dir="0" index="0" bw="0" slack="0"/>
<pin id="30" dir="0" index="1" bw="32" slack="1"/>
<pin id="31" dir="1" index="2" bw="0" slack="2147483647"/>
</pin_list>
<bind>
<opcode="call(48) " fcode="call"/>
<opset="StgValue_10/2 "/>
</bind>
</comp>

<comp id="33" class="1004" name="StgValue_4_store_fu_33">
<pin_list>
<pin id="34" dir="0" index="0" bw="6" slack="0"/>
<pin id="35" dir="0" index="1" bw="32" slack="0"/>
<pin id="36" dir="1" index="2" bw="0" slack="2147483647"/>
</pin_list>
<bind>
<opcode="store(28) " fcode="store"/>
<opset="StgValue_4/1 "/>
</bind>
</comp>

<comp id="38" class="1005" name="sum_reg_38">
<pin_list>
<pin id="39" dir="0" index="0" bw="32" slack="0"/>
<pin id="40" dir="1" index="1" bw="32" slack="0"/>
</pin_list>
<bind>
<opset="sum "/>
</bind>
</comp>

</comp_list>

<net_list>
<net id="27"><net_src comp="4" pin="0"/><net_sink comp="24" pin=0"/></net>

<net id="32"><net_src comp="22" pin="0"/><net_sink comp="28" pin=0"/></net>

<net id="37"><net_src comp="6" pin="0"/><net_sink comp="33" pin=0"/></net>

<net id="41"><net_src comp="24" pin="1"/><net_sink comp="38" pin=0"/></net>

<net id="42"><net_src comp="38" pin="1"/><net_sink comp="33" pin=1"/></net>

<net id="43"><net_src comp="38" pin="1"/><net_sink comp="28" pin=1"/></net>

</net_list>

</model> 
---------------- Datapath Model END ------------------

* FSMD analyzer results:
  - Output states:
 - Input state : 
  - Chain level:
	State 1
		StgValue_4 : 1
	State 2


============================================================
+ Verbose Summary: Datapath Resource usage 
============================================================

* Functional unit list:
|----------|--------------------------|---------|---------|
| Operation|      Functional Unit     |    FF   |   LUT   |
|----------|--------------------------|---------|---------|
|   call   | StgValue_10_sum_io_fu_28 |    0    |    39   |
|----------|--------------------------|---------|---------|
|   Total  |                          |    0    |    39   |
|----------|--------------------------|---------|---------|

Memories:
N/A

* Register list:
+----------+--------+
|          |   FF   |
+----------+--------+
|sum_reg_38|   32   |
+----------+--------+
|   Total  |   32   |
+----------+--------+

* Multiplexer (MUX) list: 
|--------|------|------|------|--------|
|  Comp  |  Pin | Size |  BW  | S x BW |
|--------|------|------|------|--------|
|  Total |      |      |      |    0   |
|--------|------|------|------|--------|



* Summary:
+-----------+--------+--------+
|           |   FF   |   LUT  |
+-----------+--------+--------+
|  Function |    0   |   39   |
|   Memory  |    -   |    -   |
|Multiplexer|    -   |    -   |
|  Register |   32   |    -   |
+-----------+--------+--------+
|   Total   |   32   |   39   |
+-----------+--------+--------+
