

================================================================
== Vivado HLS Report for 'strm_bytes2words'
================================================================
* Date:           Wed Jun  5 12:04:34 2019

* Version:        2018.3.1 (Build 2489210 on Tue Mar 26 04:40:43 MDT 2019)
* Project:        proj_hls_stream
* Solution:       solution1
* Product family: zynq
* Target device:  xc7z020clg484-1


================================================================
== Performance Estimates
================================================================
+ Timing (ns): 
    * Summary: 
    +--------+-------+----------+------------+
    |  Clock | Target| Estimated| Uncertainty|
    +--------+-------+----------+------------+
    |ap_clk  |   5.00|     2.429|        0.62|
    +--------+-------+----------+------------+

+ Latency (clock cycles): 
    * Summary: 
    +-----+------+-----+------+---------+
    |   Latency  |  Interval  | Pipeline|
    | min |  max | min |  max |   Type  |
    +-----+------+-----+------+---------+
    |    1|  1489|    1|  1489|   none  |
    +-----+------+-----+------+---------+

    + Detail: 
        * Instance: 
        N/A

        * Loop: 
        +--------------------+-----+------+----------+-----------+-----------+----------+----------+
        |                    |   Latency  | Iteration|  Initiation Interval  |   Trip   |          |
        |      Loop Name     | min |  max |  Latency |  achieved |   target  |   Count  | Pipelined|
        +--------------------+-----+------+----------+-----------+-----------+----------+----------+
        |- BYTES2WORDS_LOOP  |    0|  1488|         1|          -|          -| 0 ~ 1488 |    no    |
        +--------------------+-----+------+----------+-----------+-----------+----------+----------+



================================================================
== Utilization Estimates
================================================================
* Summary: 
+-----------------+---------+-------+--------+-------+
|       Name      | BRAM_18K| DSP48E|   FF   |  LUT  |
+-----------------+---------+-------+--------+-------+
|DSP              |        -|      -|       -|      -|
|Expression       |        -|      -|       0|     62|
|FIFO             |        -|      -|       -|      -|
|Instance         |        -|      -|       -|      -|
|Memory           |        -|      -|       -|      -|
|Multiplexer      |        -|      -|       -|     93|
|Register         |        -|      -|      79|      -|
+-----------------+---------+-------+--------+-------+
|Total            |        0|      0|      79|    155|
+-----------------+---------+-------+--------+-------+
|Available        |      280|    220|  106400|  53200|
+-----------------+---------+-------+--------+-------+
|Utilization (%)  |        0|      0|   ~0   |   ~0  |
+-----------------+---------+-------+--------+-------+

+ Detail: 
    * Instance: 
    N/A

    * DSP48: 
    N/A

    * Memory: 
    N/A

    * FIFO: 
    N/A

    * Expression: 
    +--------------------------------+----------+-------+---+----+------------+------------+
    |          Variable Name         | Operation| DSP48E| FF| LUT| Bitwidth P0| Bitwidth P1|
    +--------------------------------+----------+-------+---+----+------------+------------+
    |i_fu_136_p2                     |     +    |      0|  0|  23|           1|          16|
    |ap_predicate_op22_write_state2  |    and   |      0|  0|   2|           1|           1|
    |bytes_in_V_0_load_A             |    and   |      0|  0|   2|           1|           1|
    |bytes_in_V_0_load_B             |    and   |      0|  0|   2|           1|           1|
    |bytes_in_V_0_state_cmp_full     |   icmp   |      0|  0|   8|           2|           1|
    |exitcond_i_fu_131_p2            |   icmp   |      0|  0|  13|          16|          16|
    |tmp_1_i_fu_151_p2               |   icmp   |      0|  0|   8|           2|           2|
    |ap_block_state1                 |    or    |      0|  0|   2|           1|           1|
    |ap_block_state2                 |    or    |      0|  0|   2|           1|           1|
    +--------------------------------+----------+-------+---+----+------------+------------+
    |Total                           |          |      0|  0|  62|          26|          40|
    +--------------------------------+----------+-------+---+----+------------+------------+

    * Multiplexer: 
    +------------------------+----+-----------+-----+-----------+
    |          Name          | LUT| Input Size| Bits| Total Bits|
    +------------------------+----+-----------+-----+-----------+
    |ap_NS_fsm               |  15|          3|    1|          3|
    |ap_done                 |   9|          2|    1|          2|
    |bytes_in_V_0_data_out   |   9|          2|    8|         16|
    |bytes_in_V_0_state      |  15|          3|    2|          6|
    |bytes_in_V_TDATA_blk_n  |   9|          2|    1|          2|
    |bytestrm_len_blk_n      |   9|          2|    1|          2|
    |i_i_reg_116             |   9|          2|   16|         32|
    |r_V_reg_105             |   9|          2|   24|         48|
    |words_out_V_blk_n       |   9|          2|    1|          2|
    +------------------------+----+-----------+-----+-----------+
    |Total                   |  93|         20|   55|        113|
    +------------------------+----+-----------+-----+-----------+

    * Register: 
    +---------------------------+----+----+-----+-----------+
    |            Name           | FF | LUT| Bits| Const Bits|
    +---------------------------+----+----+-----+-----------+
    |ap_CS_fsm                  |   2|   0|    2|          0|
    |ap_done_reg                |   1|   0|    1|          0|
    |bytes_in_V_0_payload_A     |   8|   0|    8|          0|
    |bytes_in_V_0_payload_B     |   8|   0|    8|          0|
    |bytes_in_V_0_sel_rd        |   1|   0|    1|          0|
    |bytes_in_V_0_sel_wr        |   1|   0|    1|          0|
    |bytes_in_V_0_state         |   2|   0|    2|          0|
    |bytestrm_len_read_reg_175  |  16|   0|   16|          0|
    |i_i_reg_116                |  16|   0|   16|          0|
    |r_V_reg_105                |  24|   0|   24|          0|
    +---------------------------+----+----+-----+-----------+
    |Total                      |  79|   0|   79|          0|
    +---------------------------+----+----+-----+-----------+



================================================================
== Interface
================================================================
* Summary: 
+----------------------+-----+-----+------------+------------------+--------------+
|       RTL Ports      | Dir | Bits|  Protocol  |   Source Object  |    C Type    |
+----------------------+-----+-----+------------+------------------+--------------+
|ap_clk                |  in |    1| ap_ctrl_hs | strm_bytes2words | return value |
|ap_rst                |  in |    1| ap_ctrl_hs | strm_bytes2words | return value |
|ap_start              |  in |    1| ap_ctrl_hs | strm_bytes2words | return value |
|ap_done               | out |    1| ap_ctrl_hs | strm_bytes2words | return value |
|ap_continue           |  in |    1| ap_ctrl_hs | strm_bytes2words | return value |
|ap_idle               | out |    1| ap_ctrl_hs | strm_bytes2words | return value |
|ap_ready              | out |    1| ap_ctrl_hs | strm_bytes2words | return value |
|words_out_V_din       | out |   32|   ap_fifo  |    words_out_V   |    pointer   |
|words_out_V_full_n    |  in |    1|   ap_fifo  |    words_out_V   |    pointer   |
|words_out_V_write     | out |    1|   ap_fifo  |    words_out_V   |    pointer   |
|bytes_in_V_TDATA      |  in |    8|    axis    |    bytes_in_V    |    pointer   |
|bytes_in_V_TVALID     |  in |    1|    axis    |    bytes_in_V    |    pointer   |
|bytes_in_V_TREADY     | out |    1|    axis    |    bytes_in_V    |    pointer   |
|bytestrm_len_dout     |  in |   16|   ap_fifo  |   bytestrm_len   |    pointer   |
|bytestrm_len_empty_n  |  in |    1|   ap_fifo  |   bytestrm_len   |    pointer   |
|bytestrm_len_read     | out |    1|   ap_fifo  |   bytestrm_len   |    pointer   |
+----------------------+-----+-----+------------+------------------+--------------+

