

================================================================
== Vivado HLS Report for 'sum_io_top'
================================================================
* Date:           Fri Jun  7 16:17:35 2019

* Version:        2018.3.1 (Build 2489210 on Tue Mar 26 04:40:43 MDT 2019)
* Project:        proj_sum_io
* Solution:       solution2
* Product family: zynquplus
* Target device:  xczu7ev-ffvc1156-2-e


================================================================
== Performance Estimates
================================================================
+ Timing (ns): 
    * Summary: 
    +--------+-------+----------+------------+
    |  Clock | Target| Estimated| Uncertainty|
    +--------+-------+----------+------------+
    |ap_clk  |   4.00|     1.016|        0.50|
    +--------+-------+----------+------------+

+ Latency (clock cycles): 
    * Summary: 
    +-----+-----+-----+-----+---------+
    |  Latency  |  Interval | Pipeline|
    | min | max | min | max |   Type  |
    +-----+-----+-----+-----+---------+
    |    1|    1|    1|    1|   none  |
    +-----+-----+-----+-----+---------+

    + Detail: 
        * Instance: 
        +--------------------------+--------+-----+-----+-----+-----+---------+
        |                          |        |  Latency  |  Interval | Pipeline|
        |         Instance         | Module | min | max | min | max |   Type  |
        +--------------------------+--------+-----+-----+-----+-----+---------+
        |StgValue_10_sum_io_fu_28  |sum_io  |    0|    0|    0|    0|   none  |
        +--------------------------+--------+-----+-----+-----+-----+---------+

        * Loop: 
        N/A



================================================================
== Utilization Estimates
================================================================
* Summary: 
+-----------------+---------+-------+--------+--------+-----+
|       Name      | BRAM_18K| DSP48E|   FF   |   LUT  | URAM|
+-----------------+---------+-------+--------+--------+-----+
|DSP              |        -|      -|       -|       -|    -|
|Expression       |        -|      -|       -|       -|    -|
|FIFO             |        -|      -|       -|       -|    -|
|Instance         |        0|      -|     107|     227|    -|
|Memory           |        -|      -|       -|       -|    -|
|Multiplexer      |        -|      -|       -|      24|    -|
|Register         |        -|      -|      34|       -|    -|
+-----------------+---------+-------+--------+--------+-----+
|Total            |        0|      0|     141|     251|    0|
+-----------------+---------+-------+--------+--------+-----+
|Available        |      624|   1728|  460800|  230400|   96|
+-----------------+---------+-------+--------+--------+-----+
|Utilization (%)  |        0|      0|   ~0   |   ~0   |    0|
+-----------------+---------+-------+--------+--------+-----+

+ Detail: 
    * Instance: 
    +-----------------------------+---------------------------+---------+-------+-----+-----+
    |           Instance          |           Module          | BRAM_18K| DSP48E|  FF | LUT |
    +-----------------------------+---------------------------+---------+-------+-----+-----+
    |StgValue_10_sum_io_fu_28     |sum_io                     |        0|      0|    1|   59|
    |sum_io_top_AXILiteS_s_axi_U  |sum_io_top_AXILiteS_s_axi  |        0|      0|  106|  168|
    +-----------------------------+---------------------------+---------+-------+-----+-----+
    |Total                        |                           |        0|      0|  107|  227|
    +-----------------------------+---------------------------+---------+-------+-----+-----+

    * DSP48: 
    N/A

    * Memory: 
    N/A

    * FIFO: 
    N/A

    * Expression: 
    N/A

    * Multiplexer: 
    +-----------+----+-----------+-----+-----------+
    |    Name   | LUT| Input Size| Bits| Total Bits|
    +-----------+----+-----------+-----+-----------+
    |ap_NS_fsm  |  15|          3|    1|          3|
    |sum_fu_24  |   9|          2|   32|         64|
    +-----------+----+-----------+-----+-----------+
    |Total      |  24|          5|   33|         67|
    +-----------+----+-----------+-----+-----------+

    * Register: 
    +-----------+----+----+-----+-----------+
    |    Name   | FF | LUT| Bits| Const Bits|
    +-----------+----+----+-----+-----------+
    |ap_CS_fsm  |   2|   0|    2|          0|
    |sum_fu_24  |  32|   0|   32|          0|
    +-----------+----+----+-----+-----------+
    |Total      |  34|   0|   34|          0|
    +-----------+----+----+-----+-----------+



================================================================
== Interface
================================================================
* Summary: 
+------------------------+-----+-----+------------+--------------+--------------+
|        RTL Ports       | Dir | Bits|  Protocol  | Source Object|    C Type    |
+------------------------+-----+-----+------------+--------------+--------------+
|s_axi_AXILiteS_AWVALID  |  in |    1|    s_axi   |   AXILiteS   |    scalar    |
|s_axi_AXILiteS_AWREADY  | out |    1|    s_axi   |   AXILiteS   |    scalar    |
|s_axi_AXILiteS_AWADDR   |  in |    5|    s_axi   |   AXILiteS   |    scalar    |
|s_axi_AXILiteS_WVALID   |  in |    1|    s_axi   |   AXILiteS   |    scalar    |
|s_axi_AXILiteS_WREADY   | out |    1|    s_axi   |   AXILiteS   |    scalar    |
|s_axi_AXILiteS_WDATA    |  in |   32|    s_axi   |   AXILiteS   |    scalar    |
|s_axi_AXILiteS_WSTRB    |  in |    4|    s_axi   |   AXILiteS   |    scalar    |
|s_axi_AXILiteS_ARVALID  |  in |    1|    s_axi   |   AXILiteS   |    scalar    |
|s_axi_AXILiteS_ARREADY  | out |    1|    s_axi   |   AXILiteS   |    scalar    |
|s_axi_AXILiteS_ARADDR   |  in |    5|    s_axi   |   AXILiteS   |    scalar    |
|s_axi_AXILiteS_RVALID   | out |    1|    s_axi   |   AXILiteS   |    scalar    |
|s_axi_AXILiteS_RREADY   |  in |    1|    s_axi   |   AXILiteS   |    scalar    |
|s_axi_AXILiteS_RDATA    | out |   32|    s_axi   |   AXILiteS   |    scalar    |
|s_axi_AXILiteS_RRESP    | out |    2|    s_axi   |   AXILiteS   |    scalar    |
|s_axi_AXILiteS_BVALID   | out |    1|    s_axi   |   AXILiteS   |    scalar    |
|s_axi_AXILiteS_BREADY   |  in |    1|    s_axi   |   AXILiteS   |    scalar    |
|s_axi_AXILiteS_BRESP    | out |    2|    s_axi   |   AXILiteS   |    scalar    |
|ap_clk                  |  in |    1| ap_ctrl_hs |  sum_io_top  | return value |
|ap_rst_n                |  in |    1| ap_ctrl_hs |  sum_io_top  | return value |
|ap_start                |  in |    1| ap_ctrl_hs |  sum_io_top  | return value |
|ap_done                 | out |    1| ap_ctrl_hs |  sum_io_top  | return value |
|ap_idle                 | out |    1| ap_ctrl_hs |  sum_io_top  | return value |
|ap_ready                | out |    1| ap_ctrl_hs |  sum_io_top  | return value |
+------------------------+-----+-----+------------+--------------+--------------+

